ARM GAS  /tmp/ccbyfExc.s 			page 1


   1              		.cpu cortex-m33
   2              		.arch armv8-m.main
   3              		.fpu fpv4-sp-d16
   4              		.arch_extension dsp
   5              		.eabi_attribute 27, 1
   6              		.eabi_attribute 28, 1
   7              		.eabi_attribute 20, 1
   8              		.eabi_attribute 21, 1
   9              		.eabi_attribute 23, 3
  10              		.eabi_attribute 24, 1
  11              		.eabi_attribute 25, 1
  12              		.eabi_attribute 26, 1
  13              		.eabi_attribute 30, 1
  14              		.eabi_attribute 34, 1
  15              		.eabi_attribute 18, 4
  16              		.file	"main.c"
  17              		.text
  18              	.Ltext0:
  19              		.cfi_sections	.debug_frame
  20              		.file 1 "../../NonSecure/Core/Src/main.c"
  21              		.section	.rodata.main.str1.4,"aMS",%progbits,1
  22              		.align	2
  23              	.LC0:
  24 0000 57656C63 		.ascii	"Welcome to Main Application\015\000"
  24      6F6D6520 
  24      746F204D 
  24      61696E20 
  24      4170706C 
  25              		.section	.text.main,"ax",%progbits
  26              		.align	1
  27              		.global	main
  28              		.syntax unified
  29              		.thumb
  30              		.thumb_func
  32              	main:
  33              	.LFB155:
   1:../../NonSecure/Core/Src/main.c **** /* USER CODE BEGIN Header */
   2:../../NonSecure/Core/Src/main.c **** /**
   3:../../NonSecure/Core/Src/main.c ****   ******************************************************************************
   4:../../NonSecure/Core/Src/main.c ****   * @file           : main.c
   5:../../NonSecure/Core/Src/main.c ****   * @brief          : Main program body
   6:../../NonSecure/Core/Src/main.c ****   ******************************************************************************
   7:../../NonSecure/Core/Src/main.c ****   * @attention
   8:../../NonSecure/Core/Src/main.c ****   *
   9:../../NonSecure/Core/Src/main.c ****   * Copyright (c) 2025 STMicroelectronics.
  10:../../NonSecure/Core/Src/main.c ****   * All rights reserved.
  11:../../NonSecure/Core/Src/main.c ****   *
  12:../../NonSecure/Core/Src/main.c ****   * This software is licensed under terms that can be found in the LICENSE file
  13:../../NonSecure/Core/Src/main.c ****   * in the root directory of this software component.
  14:../../NonSecure/Core/Src/main.c ****   * If no LICENSE file comes with this software, it is provided AS-IS.
  15:../../NonSecure/Core/Src/main.c ****   *
  16:../../NonSecure/Core/Src/main.c ****   ******************************************************************************
  17:../../NonSecure/Core/Src/main.c ****   */
  18:../../NonSecure/Core/Src/main.c **** /* USER CODE END Header */
  19:../../NonSecure/Core/Src/main.c **** /* Includes ------------------------------------------------------------------*/
  20:../../NonSecure/Core/Src/main.c **** #include "main.h"
  21:../../NonSecure/Core/Src/main.c **** #include <stdio.h>
ARM GAS  /tmp/ccbyfExc.s 			page 2


  22:../../NonSecure/Core/Src/main.c **** /* Private includes ----------------------------------------------------------*/
  23:../../NonSecure/Core/Src/main.c **** /* USER CODE BEGIN Includes */
  24:../../NonSecure/Core/Src/main.c **** 
  25:../../NonSecure/Core/Src/main.c **** /* USER CODE END Includes */
  26:../../NonSecure/Core/Src/main.c **** 
  27:../../NonSecure/Core/Src/main.c **** /* Private typedef -----------------------------------------------------------*/
  28:../../NonSecure/Core/Src/main.c **** /* USER CODE BEGIN PTD */
  29:../../NonSecure/Core/Src/main.c **** 
  30:../../NonSecure/Core/Src/main.c **** /* USER CODE END PTD */
  31:../../NonSecure/Core/Src/main.c **** 
  32:../../NonSecure/Core/Src/main.c **** /* Private define ------------------------------------------------------------*/
  33:../../NonSecure/Core/Src/main.c **** /* USER CODE BEGIN PD */
  34:../../NonSecure/Core/Src/main.c **** 
  35:../../NonSecure/Core/Src/main.c **** /* USER CODE END PD */
  36:../../NonSecure/Core/Src/main.c **** 
  37:../../NonSecure/Core/Src/main.c **** /* Private macro -------------------------------------------------------------*/
  38:../../NonSecure/Core/Src/main.c **** /* USER CODE BEGIN PM */
  39:../../NonSecure/Core/Src/main.c **** 
  40:../../NonSecure/Core/Src/main.c **** /* USER CODE END PM */
  41:../../NonSecure/Core/Src/main.c **** 
  42:../../NonSecure/Core/Src/main.c **** /* Private variables ---------------------------------------------------------*/
  43:../../NonSecure/Core/Src/main.c **** 
  44:../../NonSecure/Core/Src/main.c **** /* USER CODE BEGIN PV */
  45:../../NonSecure/Core/Src/main.c **** 
  46:../../NonSecure/Core/Src/main.c **** /* USER CODE END PV */
  47:../../NonSecure/Core/Src/main.c **** 
  48:../../NonSecure/Core/Src/main.c **** /* Private function prototypes -----------------------------------------------*/
  49:../../NonSecure/Core/Src/main.c **** static void MX_GTZC_NS_Init(void);
  50:../../NonSecure/Core/Src/main.c **** /* USER CODE BEGIN PFP */
  51:../../NonSecure/Core/Src/main.c **** 
  52:../../NonSecure/Core/Src/main.c **** /* USER CODE END PFP */
  53:../../NonSecure/Core/Src/main.c **** 
  54:../../NonSecure/Core/Src/main.c **** /* Private user code ---------------------------------------------------------*/
  55:../../NonSecure/Core/Src/main.c **** /* USER CODE BEGIN 0 */
  56:../../NonSecure/Core/Src/main.c **** 
  57:../../NonSecure/Core/Src/main.c **** /* USER CODE END 0 */
  58:../../NonSecure/Core/Src/main.c **** 
  59:../../NonSecure/Core/Src/main.c **** /**
  60:../../NonSecure/Core/Src/main.c ****   * @brief  The application entry point.
  61:../../NonSecure/Core/Src/main.c ****   * @retval int
  62:../../NonSecure/Core/Src/main.c ****   */
  63:../../NonSecure/Core/Src/main.c **** int main(void)
  64:../../NonSecure/Core/Src/main.c **** {
  34              		.loc 1 64 1 view -0
  35              		.cfi_startproc
  36              		@ Volatile: function does not return.
  37              		@ args = 0, pretend = 0, frame = 0
  38              		@ frame_needed = 0, uses_anonymous_args = 0
  39 0000 08B5     		push	{r3, lr}
  40              	.LCFI0:
  41              		.cfi_def_cfa_offset 8
  42              		.cfi_offset 3, -8
  43              		.cfi_offset 14, -4
  65:../../NonSecure/Core/Src/main.c **** 
  66:../../NonSecure/Core/Src/main.c ****   /* USER CODE BEGIN 1 */
  67:../../NonSecure/Core/Src/main.c **** 
  68:../../NonSecure/Core/Src/main.c ****   /* USER CODE END 1 */
ARM GAS  /tmp/ccbyfExc.s 			page 3


  69:../../NonSecure/Core/Src/main.c **** 
  70:../../NonSecure/Core/Src/main.c ****   /* MCU Configuration--------------------------------------------------------*/
  71:../../NonSecure/Core/Src/main.c **** 
  72:../../NonSecure/Core/Src/main.c ****   /* Reset of all peripherals, Initializes the Flash interface and the Systick. */
  73:../../NonSecure/Core/Src/main.c ****   HAL_Init();
  44              		.loc 1 73 3 view .LVU1
  45 0002 FFF7FEFF 		bl	HAL_Init
  46              	.LVL0:
  74:../../NonSecure/Core/Src/main.c **** 
  75:../../NonSecure/Core/Src/main.c ****   /* USER CODE BEGIN Init */
  76:../../NonSecure/Core/Src/main.c **** 
  77:../../NonSecure/Core/Src/main.c ****   /* USER CODE END Init */
  78:../../NonSecure/Core/Src/main.c **** 
  79:../../NonSecure/Core/Src/main.c ****   /* GTZC initialisation */
  80:../../NonSecure/Core/Src/main.c ****   MX_GTZC_NS_Init();
  47              		.loc 1 80 3 view .LVU2
  81:../../NonSecure/Core/Src/main.c **** 
  82:../../NonSecure/Core/Src/main.c ****   /* USER CODE BEGIN SysInit */
  83:../../NonSecure/Core/Src/main.c **** 
  84:../../NonSecure/Core/Src/main.c ****   /* USER CODE END SysInit */
  85:../../NonSecure/Core/Src/main.c **** 
  86:../../NonSecure/Core/Src/main.c ****   /* Initialize all configured peripherals */
  87:../../NonSecure/Core/Src/main.c ****   /* USER CODE BEGIN 2 */
  88:../../NonSecure/Core/Src/main.c **** 
  89:../../NonSecure/Core/Src/main.c ****   /* USER CODE END 2 */
  90:../../NonSecure/Core/Src/main.c ****   printf("Welcome to Main Application\r\n");
  48              		.loc 1 90 3 view .LVU3
  49 0006 0C48     		ldr	r0, .L4
  50 0008 FFF7FEFF 		bl	puts
  51              	.LVL1:
  91:../../NonSecure/Core/Src/main.c ****   GreenLED_OFF();
  52              		.loc 1 91 3 view .LVU4
  53 000c FFF7FEFF 		bl	GreenLED_OFF
  54              	.LVL2:
  92:../../NonSecure/Core/Src/main.c ****   RedLED_OFF();
  55              		.loc 1 92 3 view .LVU5
  56 0010 FFF7FEFF 		bl	RedLED_OFF
  57              	.LVL3:
  58              	.L2:
  93:../../NonSecure/Core/Src/main.c ****   /* Infinite loop */
  94:../../NonSecure/Core/Src/main.c ****   /* USER CODE BEGIN WHILE */
  95:../../NonSecure/Core/Src/main.c ****   while (1)
  59              		.loc 1 95 3 discriminator 1 view .LVU6
  96:../../NonSecure/Core/Src/main.c ****   {
  97:../../NonSecure/Core/Src/main.c ****     /* USER CODE END WHILE */
  98:../../NonSecure/Core/Src/main.c ****     GreenLED_ON();
  60              		.loc 1 98 5 discriminator 1 view .LVU7
  61 0014 FFF7FEFF 		bl	GreenLED_ON
  62              	.LVL4:
  99:../../NonSecure/Core/Src/main.c ****     RedLED_OFF();
  63              		.loc 1 99 5 discriminator 1 view .LVU8
  64 0018 FFF7FEFF 		bl	RedLED_OFF
  65              	.LVL5:
 100:../../NonSecure/Core/Src/main.c ****     HAL_Delay(500);
  66              		.loc 1 100 5 discriminator 1 view .LVU9
  67 001c 4FF4FA70 		mov	r0, #500
  68 0020 FFF7FEFF 		bl	HAL_Delay
ARM GAS  /tmp/ccbyfExc.s 			page 4


  69              	.LVL6:
 101:../../NonSecure/Core/Src/main.c ****     GreenLED_OFF();
  70              		.loc 1 101 5 discriminator 1 view .LVU10
  71 0024 FFF7FEFF 		bl	GreenLED_OFF
  72              	.LVL7:
 102:../../NonSecure/Core/Src/main.c ****     RedLED_ON();
  73              		.loc 1 102 5 discriminator 1 view .LVU11
  74 0028 FFF7FEFF 		bl	RedLED_ON
  75              	.LVL8:
 103:../../NonSecure/Core/Src/main.c ****     HAL_Delay(500);
  76              		.loc 1 103 5 discriminator 1 view .LVU12
  77 002c 4FF4FA70 		mov	r0, #500
  78 0030 FFF7FEFF 		bl	HAL_Delay
  79              	.LVL9:
  95:../../NonSecure/Core/Src/main.c ****   {
  80              		.loc 1 95 9 discriminator 1 view .LVU13
  81 0034 EEE7     		b	.L2
  82              	.L5:
  83 0036 00BF     		.align	2
  84              	.L4:
  85 0038 00000000 		.word	.LC0
  86              		.cfi_endproc
  87              	.LFE155:
  89              		.section	.text.Error_Handler,"ax",%progbits
  90              		.align	1
  91              		.global	Error_Handler
  92              		.syntax unified
  93              		.thumb
  94              		.thumb_func
  96              	Error_Handler:
  97              	.LFB157:
 104:../../NonSecure/Core/Src/main.c ****     /* USER CODE BEGIN 3 */
 105:../../NonSecure/Core/Src/main.c ****   }
 106:../../NonSecure/Core/Src/main.c ****   /* USER CODE END 3 */
 107:../../NonSecure/Core/Src/main.c **** }
 108:../../NonSecure/Core/Src/main.c **** 
 109:../../NonSecure/Core/Src/main.c **** /**
 110:../../NonSecure/Core/Src/main.c ****   * @brief GTZC_NS Initialization Function
 111:../../NonSecure/Core/Src/main.c ****   * @param None
 112:../../NonSecure/Core/Src/main.c ****   * @retval None
 113:../../NonSecure/Core/Src/main.c ****   */
 114:../../NonSecure/Core/Src/main.c **** static void MX_GTZC_NS_Init(void)
 115:../../NonSecure/Core/Src/main.c **** {
 116:../../NonSecure/Core/Src/main.c **** 
 117:../../NonSecure/Core/Src/main.c ****   /* USER CODE BEGIN GTZC_NS_Init 0 */
 118:../../NonSecure/Core/Src/main.c **** 
 119:../../NonSecure/Core/Src/main.c ****   /* USER CODE END GTZC_NS_Init 0 */
 120:../../NonSecure/Core/Src/main.c **** 
 121:../../NonSecure/Core/Src/main.c ****   /* USER CODE BEGIN GTZC_NS_Init 1 */
 122:../../NonSecure/Core/Src/main.c **** 
 123:../../NonSecure/Core/Src/main.c ****   /* USER CODE END GTZC_NS_Init 1 */
 124:../../NonSecure/Core/Src/main.c ****   /* USER CODE BEGIN GTZC_NS_Init 2 */
 125:../../NonSecure/Core/Src/main.c **** 
 126:../../NonSecure/Core/Src/main.c ****   /* USER CODE END GTZC_NS_Init 2 */
 127:../../NonSecure/Core/Src/main.c **** 
 128:../../NonSecure/Core/Src/main.c **** }
 129:../../NonSecure/Core/Src/main.c **** 
ARM GAS  /tmp/ccbyfExc.s 			page 5


 130:../../NonSecure/Core/Src/main.c **** /* USER CODE BEGIN 4 */
 131:../../NonSecure/Core/Src/main.c **** 
 132:../../NonSecure/Core/Src/main.c **** /* USER CODE END 4 */
 133:../../NonSecure/Core/Src/main.c **** 
 134:../../NonSecure/Core/Src/main.c **** /**
 135:../../NonSecure/Core/Src/main.c ****   * @brief  This function is executed in case of error occurrence.
 136:../../NonSecure/Core/Src/main.c ****   * @retval None
 137:../../NonSecure/Core/Src/main.c ****   */
 138:../../NonSecure/Core/Src/main.c **** void Error_Handler(void)
 139:../../NonSecure/Core/Src/main.c **** {
  98              		.loc 1 139 1 view -0
  99              		.cfi_startproc
 100              		@ Volatile: function does not return.
 101              		@ args = 0, pretend = 0, frame = 0
 102              		@ frame_needed = 0, uses_anonymous_args = 0
 103              		@ link register save eliminated.
 140:../../NonSecure/Core/Src/main.c ****   /* USER CODE BEGIN Error_Handler_Debug */
 141:../../NonSecure/Core/Src/main.c ****   /* User can add his own implementation to report the HAL error return state */
 142:../../NonSecure/Core/Src/main.c ****   __disable_irq();
 104              		.loc 1 142 3 view .LVU15
 105              	.LBB4:
 106              	.LBI4:
 107              		.file 2 "../../Drivers/CMSIS/Include/cmsis_gcc.h"
   1:../../Drivers/CMSIS/Include/cmsis_gcc.h **** /**************************************************************************//**
   2:../../Drivers/CMSIS/Include/cmsis_gcc.h ****  * @file     cmsis_gcc.h
   3:../../Drivers/CMSIS/Include/cmsis_gcc.h ****  * @brief    CMSIS compiler GCC header file
   4:../../Drivers/CMSIS/Include/cmsis_gcc.h ****  * @version  V5.2.0
   5:../../Drivers/CMSIS/Include/cmsis_gcc.h ****  * @date     08. May 2019
   6:../../Drivers/CMSIS/Include/cmsis_gcc.h ****  ******************************************************************************/
   7:../../Drivers/CMSIS/Include/cmsis_gcc.h **** /*
   8:../../Drivers/CMSIS/Include/cmsis_gcc.h ****  * Copyright (c) 2009-2019 Arm Limited. All rights reserved.
   9:../../Drivers/CMSIS/Include/cmsis_gcc.h ****  *
  10:../../Drivers/CMSIS/Include/cmsis_gcc.h ****  * SPDX-License-Identifier: Apache-2.0
  11:../../Drivers/CMSIS/Include/cmsis_gcc.h ****  *
  12:../../Drivers/CMSIS/Include/cmsis_gcc.h ****  * Licensed under the Apache License, Version 2.0 (the License); you may
  13:../../Drivers/CMSIS/Include/cmsis_gcc.h ****  * not use this file except in compliance with the License.
  14:../../Drivers/CMSIS/Include/cmsis_gcc.h ****  * You may obtain a copy of the License at
  15:../../Drivers/CMSIS/Include/cmsis_gcc.h ****  *
  16:../../Drivers/CMSIS/Include/cmsis_gcc.h ****  * www.apache.org/licenses/LICENSE-2.0
  17:../../Drivers/CMSIS/Include/cmsis_gcc.h ****  *
  18:../../Drivers/CMSIS/Include/cmsis_gcc.h ****  * Unless required by applicable law or agreed to in writing, software
  19:../../Drivers/CMSIS/Include/cmsis_gcc.h ****  * distributed under the License is distributed on an AS IS BASIS, WITHOUT
  20:../../Drivers/CMSIS/Include/cmsis_gcc.h ****  * WARRANTIES OR CONDITIONS OF ANY KIND, either express or implied.
  21:../../Drivers/CMSIS/Include/cmsis_gcc.h ****  * See the License for the specific language governing permissions and
  22:../../Drivers/CMSIS/Include/cmsis_gcc.h ****  * limitations under the License.
  23:../../Drivers/CMSIS/Include/cmsis_gcc.h ****  */
  24:../../Drivers/CMSIS/Include/cmsis_gcc.h **** 
  25:../../Drivers/CMSIS/Include/cmsis_gcc.h **** #ifndef __CMSIS_GCC_H
  26:../../Drivers/CMSIS/Include/cmsis_gcc.h **** #define __CMSIS_GCC_H
  27:../../Drivers/CMSIS/Include/cmsis_gcc.h **** 
  28:../../Drivers/CMSIS/Include/cmsis_gcc.h **** /* ignore some GCC warnings */
  29:../../Drivers/CMSIS/Include/cmsis_gcc.h **** #pragma GCC diagnostic push
  30:../../Drivers/CMSIS/Include/cmsis_gcc.h **** #pragma GCC diagnostic ignored "-Wsign-conversion"
  31:../../Drivers/CMSIS/Include/cmsis_gcc.h **** #pragma GCC diagnostic ignored "-Wconversion"
  32:../../Drivers/CMSIS/Include/cmsis_gcc.h **** #pragma GCC diagnostic ignored "-Wunused-parameter"
  33:../../Drivers/CMSIS/Include/cmsis_gcc.h **** 
  34:../../Drivers/CMSIS/Include/cmsis_gcc.h **** /* Fallback for __has_builtin */
ARM GAS  /tmp/ccbyfExc.s 			page 6


  35:../../Drivers/CMSIS/Include/cmsis_gcc.h **** #ifndef __has_builtin
  36:../../Drivers/CMSIS/Include/cmsis_gcc.h ****   #define __has_builtin(x) (0)
  37:../../Drivers/CMSIS/Include/cmsis_gcc.h **** #endif
  38:../../Drivers/CMSIS/Include/cmsis_gcc.h **** 
  39:../../Drivers/CMSIS/Include/cmsis_gcc.h **** /* CMSIS compiler specific defines */
  40:../../Drivers/CMSIS/Include/cmsis_gcc.h **** #ifndef   __ASM
  41:../../Drivers/CMSIS/Include/cmsis_gcc.h ****   #define __ASM                                  __asm
  42:../../Drivers/CMSIS/Include/cmsis_gcc.h **** #endif
  43:../../Drivers/CMSIS/Include/cmsis_gcc.h **** #ifndef   __INLINE
  44:../../Drivers/CMSIS/Include/cmsis_gcc.h ****   #define __INLINE                               inline
  45:../../Drivers/CMSIS/Include/cmsis_gcc.h **** #endif
  46:../../Drivers/CMSIS/Include/cmsis_gcc.h **** #ifndef   __STATIC_INLINE
  47:../../Drivers/CMSIS/Include/cmsis_gcc.h ****   #define __STATIC_INLINE                        static inline
  48:../../Drivers/CMSIS/Include/cmsis_gcc.h **** #endif
  49:../../Drivers/CMSIS/Include/cmsis_gcc.h **** #ifndef   __STATIC_FORCEINLINE                 
  50:../../Drivers/CMSIS/Include/cmsis_gcc.h ****   #define __STATIC_FORCEINLINE                   __attribute__((always_inline)) static inline
  51:../../Drivers/CMSIS/Include/cmsis_gcc.h **** #endif                                           
  52:../../Drivers/CMSIS/Include/cmsis_gcc.h **** #ifndef   __NO_RETURN
  53:../../Drivers/CMSIS/Include/cmsis_gcc.h ****   #define __NO_RETURN                            __attribute__((__noreturn__))
  54:../../Drivers/CMSIS/Include/cmsis_gcc.h **** #endif
  55:../../Drivers/CMSIS/Include/cmsis_gcc.h **** #ifndef   __USED
  56:../../Drivers/CMSIS/Include/cmsis_gcc.h ****   #define __USED                                 __attribute__((used))
  57:../../Drivers/CMSIS/Include/cmsis_gcc.h **** #endif
  58:../../Drivers/CMSIS/Include/cmsis_gcc.h **** #ifndef   __WEAK
  59:../../Drivers/CMSIS/Include/cmsis_gcc.h ****   #define __WEAK                                 __attribute__((weak))
  60:../../Drivers/CMSIS/Include/cmsis_gcc.h **** #endif
  61:../../Drivers/CMSIS/Include/cmsis_gcc.h **** #ifndef   __PACKED
  62:../../Drivers/CMSIS/Include/cmsis_gcc.h ****   #define __PACKED                               __attribute__((packed, aligned(1)))
  63:../../Drivers/CMSIS/Include/cmsis_gcc.h **** #endif
  64:../../Drivers/CMSIS/Include/cmsis_gcc.h **** #ifndef   __PACKED_STRUCT
  65:../../Drivers/CMSIS/Include/cmsis_gcc.h ****   #define __PACKED_STRUCT                        struct __attribute__((packed, aligned(1)))
  66:../../Drivers/CMSIS/Include/cmsis_gcc.h **** #endif
  67:../../Drivers/CMSIS/Include/cmsis_gcc.h **** #ifndef   __PACKED_UNION
  68:../../Drivers/CMSIS/Include/cmsis_gcc.h ****   #define __PACKED_UNION                         union __attribute__((packed, aligned(1)))
  69:../../Drivers/CMSIS/Include/cmsis_gcc.h **** #endif
  70:../../Drivers/CMSIS/Include/cmsis_gcc.h **** #ifndef   __UNALIGNED_UINT32        /* deprecated */
  71:../../Drivers/CMSIS/Include/cmsis_gcc.h ****   #pragma GCC diagnostic push
  72:../../Drivers/CMSIS/Include/cmsis_gcc.h ****   #pragma GCC diagnostic ignored "-Wpacked"
  73:../../Drivers/CMSIS/Include/cmsis_gcc.h ****   #pragma GCC diagnostic ignored "-Wattributes"
  74:../../Drivers/CMSIS/Include/cmsis_gcc.h ****   struct __attribute__((packed)) T_UINT32 { uint32_t v; };
  75:../../Drivers/CMSIS/Include/cmsis_gcc.h ****   #pragma GCC diagnostic pop
  76:../../Drivers/CMSIS/Include/cmsis_gcc.h ****   #define __UNALIGNED_UINT32(x)                  (((struct T_UINT32 *)(x))->v)
  77:../../Drivers/CMSIS/Include/cmsis_gcc.h **** #endif
  78:../../Drivers/CMSIS/Include/cmsis_gcc.h **** #ifndef   __UNALIGNED_UINT16_WRITE
  79:../../Drivers/CMSIS/Include/cmsis_gcc.h ****   #pragma GCC diagnostic push
  80:../../Drivers/CMSIS/Include/cmsis_gcc.h ****   #pragma GCC diagnostic ignored "-Wpacked"
  81:../../Drivers/CMSIS/Include/cmsis_gcc.h ****   #pragma GCC diagnostic ignored "-Wattributes"
  82:../../Drivers/CMSIS/Include/cmsis_gcc.h ****   __PACKED_STRUCT T_UINT16_WRITE { uint16_t v; };
  83:../../Drivers/CMSIS/Include/cmsis_gcc.h ****   #pragma GCC diagnostic pop
  84:../../Drivers/CMSIS/Include/cmsis_gcc.h ****   #define __UNALIGNED_UINT16_WRITE(addr, val)    (void)((((struct T_UINT16_WRITE *)(void *)(addr))-
  85:../../Drivers/CMSIS/Include/cmsis_gcc.h **** #endif
  86:../../Drivers/CMSIS/Include/cmsis_gcc.h **** #ifndef   __UNALIGNED_UINT16_READ
  87:../../Drivers/CMSIS/Include/cmsis_gcc.h ****   #pragma GCC diagnostic push
  88:../../Drivers/CMSIS/Include/cmsis_gcc.h ****   #pragma GCC diagnostic ignored "-Wpacked"
  89:../../Drivers/CMSIS/Include/cmsis_gcc.h ****   #pragma GCC diagnostic ignored "-Wattributes"
  90:../../Drivers/CMSIS/Include/cmsis_gcc.h ****   __PACKED_STRUCT T_UINT16_READ { uint16_t v; };
  91:../../Drivers/CMSIS/Include/cmsis_gcc.h ****   #pragma GCC diagnostic pop
ARM GAS  /tmp/ccbyfExc.s 			page 7


  92:../../Drivers/CMSIS/Include/cmsis_gcc.h ****   #define __UNALIGNED_UINT16_READ(addr)          (((const struct T_UINT16_READ *)(const void *)(add
  93:../../Drivers/CMSIS/Include/cmsis_gcc.h **** #endif
  94:../../Drivers/CMSIS/Include/cmsis_gcc.h **** #ifndef   __UNALIGNED_UINT32_WRITE
  95:../../Drivers/CMSIS/Include/cmsis_gcc.h ****   #pragma GCC diagnostic push
  96:../../Drivers/CMSIS/Include/cmsis_gcc.h ****   #pragma GCC diagnostic ignored "-Wpacked"
  97:../../Drivers/CMSIS/Include/cmsis_gcc.h ****   #pragma GCC diagnostic ignored "-Wattributes"
  98:../../Drivers/CMSIS/Include/cmsis_gcc.h ****   __PACKED_STRUCT T_UINT32_WRITE { uint32_t v; };
  99:../../Drivers/CMSIS/Include/cmsis_gcc.h ****   #pragma GCC diagnostic pop
 100:../../Drivers/CMSIS/Include/cmsis_gcc.h ****   #define __UNALIGNED_UINT32_WRITE(addr, val)    (void)((((struct T_UINT32_WRITE *)(void *)(addr))-
 101:../../Drivers/CMSIS/Include/cmsis_gcc.h **** #endif
 102:../../Drivers/CMSIS/Include/cmsis_gcc.h **** #ifndef   __UNALIGNED_UINT32_READ
 103:../../Drivers/CMSIS/Include/cmsis_gcc.h ****   #pragma GCC diagnostic push
 104:../../Drivers/CMSIS/Include/cmsis_gcc.h ****   #pragma GCC diagnostic ignored "-Wpacked"
 105:../../Drivers/CMSIS/Include/cmsis_gcc.h ****   #pragma GCC diagnostic ignored "-Wattributes"
 106:../../Drivers/CMSIS/Include/cmsis_gcc.h ****   __PACKED_STRUCT T_UINT32_READ { uint32_t v; };
 107:../../Drivers/CMSIS/Include/cmsis_gcc.h ****   #pragma GCC diagnostic pop
 108:../../Drivers/CMSIS/Include/cmsis_gcc.h ****   #define __UNALIGNED_UINT32_READ(addr)          (((const struct T_UINT32_READ *)(const void *)(add
 109:../../Drivers/CMSIS/Include/cmsis_gcc.h **** #endif
 110:../../Drivers/CMSIS/Include/cmsis_gcc.h **** #ifndef   __ALIGNED
 111:../../Drivers/CMSIS/Include/cmsis_gcc.h ****   #define __ALIGNED(x)                           __attribute__((aligned(x)))
 112:../../Drivers/CMSIS/Include/cmsis_gcc.h **** #endif
 113:../../Drivers/CMSIS/Include/cmsis_gcc.h **** #ifndef   __RESTRICT
 114:../../Drivers/CMSIS/Include/cmsis_gcc.h ****   #define __RESTRICT                             __restrict
 115:../../Drivers/CMSIS/Include/cmsis_gcc.h **** #endif
 116:../../Drivers/CMSIS/Include/cmsis_gcc.h **** #ifndef   __COMPILER_BARRIER
 117:../../Drivers/CMSIS/Include/cmsis_gcc.h ****   #define __COMPILER_BARRIER()                   __ASM volatile("":::"memory")
 118:../../Drivers/CMSIS/Include/cmsis_gcc.h **** #endif
 119:../../Drivers/CMSIS/Include/cmsis_gcc.h **** 
 120:../../Drivers/CMSIS/Include/cmsis_gcc.h **** /* #########################  Startup and Lowlevel Init  ######################## */
 121:../../Drivers/CMSIS/Include/cmsis_gcc.h **** 
 122:../../Drivers/CMSIS/Include/cmsis_gcc.h **** #ifndef __PROGRAM_START
 123:../../Drivers/CMSIS/Include/cmsis_gcc.h **** 
 124:../../Drivers/CMSIS/Include/cmsis_gcc.h **** /**
 125:../../Drivers/CMSIS/Include/cmsis_gcc.h ****   \brief   Initializes data and bss sections
 126:../../Drivers/CMSIS/Include/cmsis_gcc.h ****   \details This default implementations initialized all data and additional bss
 127:../../Drivers/CMSIS/Include/cmsis_gcc.h ****            sections relying on .copy.table and .zero.table specified properly
 128:../../Drivers/CMSIS/Include/cmsis_gcc.h ****            in the used linker script.
 129:../../Drivers/CMSIS/Include/cmsis_gcc.h ****   
 130:../../Drivers/CMSIS/Include/cmsis_gcc.h ****  */
 131:../../Drivers/CMSIS/Include/cmsis_gcc.h **** __STATIC_FORCEINLINE __NO_RETURN void __cmsis_start(void)
 132:../../Drivers/CMSIS/Include/cmsis_gcc.h **** {
 133:../../Drivers/CMSIS/Include/cmsis_gcc.h ****   extern void _start(void) __NO_RETURN;
 134:../../Drivers/CMSIS/Include/cmsis_gcc.h ****   
 135:../../Drivers/CMSIS/Include/cmsis_gcc.h ****   typedef struct {
 136:../../Drivers/CMSIS/Include/cmsis_gcc.h ****     uint32_t const* src;
 137:../../Drivers/CMSIS/Include/cmsis_gcc.h ****     uint32_t* dest;
 138:../../Drivers/CMSIS/Include/cmsis_gcc.h ****     uint32_t  wlen;
 139:../../Drivers/CMSIS/Include/cmsis_gcc.h ****   } __copy_table_t;
 140:../../Drivers/CMSIS/Include/cmsis_gcc.h ****   
 141:../../Drivers/CMSIS/Include/cmsis_gcc.h ****   typedef struct {
 142:../../Drivers/CMSIS/Include/cmsis_gcc.h ****     uint32_t* dest;
 143:../../Drivers/CMSIS/Include/cmsis_gcc.h ****     uint32_t  wlen;
 144:../../Drivers/CMSIS/Include/cmsis_gcc.h ****   } __zero_table_t;
 145:../../Drivers/CMSIS/Include/cmsis_gcc.h ****   
 146:../../Drivers/CMSIS/Include/cmsis_gcc.h ****   extern const __copy_table_t __copy_table_start__;
 147:../../Drivers/CMSIS/Include/cmsis_gcc.h ****   extern const __copy_table_t __copy_table_end__;
 148:../../Drivers/CMSIS/Include/cmsis_gcc.h ****   extern const __zero_table_t __zero_table_start__;
ARM GAS  /tmp/ccbyfExc.s 			page 8


 149:../../Drivers/CMSIS/Include/cmsis_gcc.h ****   extern const __zero_table_t __zero_table_end__;
 150:../../Drivers/CMSIS/Include/cmsis_gcc.h **** 
 151:../../Drivers/CMSIS/Include/cmsis_gcc.h ****   for (__copy_table_t const* pTable = &__copy_table_start__; pTable < &__copy_table_end__; ++pTable
 152:../../Drivers/CMSIS/Include/cmsis_gcc.h ****     for(uint32_t i=0u; i<pTable->wlen; ++i) {
 153:../../Drivers/CMSIS/Include/cmsis_gcc.h ****       pTable->dest[i] = pTable->src[i];
 154:../../Drivers/CMSIS/Include/cmsis_gcc.h ****     }
 155:../../Drivers/CMSIS/Include/cmsis_gcc.h ****   }
 156:../../Drivers/CMSIS/Include/cmsis_gcc.h ****  
 157:../../Drivers/CMSIS/Include/cmsis_gcc.h ****   for (__zero_table_t const* pTable = &__zero_table_start__; pTable < &__zero_table_end__; ++pTable
 158:../../Drivers/CMSIS/Include/cmsis_gcc.h ****     for(uint32_t i=0u; i<pTable->wlen; ++i) {
 159:../../Drivers/CMSIS/Include/cmsis_gcc.h ****       pTable->dest[i] = 0u;
 160:../../Drivers/CMSIS/Include/cmsis_gcc.h ****     }
 161:../../Drivers/CMSIS/Include/cmsis_gcc.h ****   }
 162:../../Drivers/CMSIS/Include/cmsis_gcc.h ****  
 163:../../Drivers/CMSIS/Include/cmsis_gcc.h ****   _start();
 164:../../Drivers/CMSIS/Include/cmsis_gcc.h **** }
 165:../../Drivers/CMSIS/Include/cmsis_gcc.h ****   
 166:../../Drivers/CMSIS/Include/cmsis_gcc.h **** #define __PROGRAM_START           __cmsis_start
 167:../../Drivers/CMSIS/Include/cmsis_gcc.h **** #endif
 168:../../Drivers/CMSIS/Include/cmsis_gcc.h **** 
 169:../../Drivers/CMSIS/Include/cmsis_gcc.h **** #ifndef __INITIAL_SP
 170:../../Drivers/CMSIS/Include/cmsis_gcc.h **** #define __INITIAL_SP              __StackTop
 171:../../Drivers/CMSIS/Include/cmsis_gcc.h **** #endif
 172:../../Drivers/CMSIS/Include/cmsis_gcc.h **** 
 173:../../Drivers/CMSIS/Include/cmsis_gcc.h **** #ifndef __STACK_LIMIT
 174:../../Drivers/CMSIS/Include/cmsis_gcc.h **** #define __STACK_LIMIT             __StackLimit
 175:../../Drivers/CMSIS/Include/cmsis_gcc.h **** #endif
 176:../../Drivers/CMSIS/Include/cmsis_gcc.h **** 
 177:../../Drivers/CMSIS/Include/cmsis_gcc.h **** #ifndef __VECTOR_TABLE
 178:../../Drivers/CMSIS/Include/cmsis_gcc.h **** #define __VECTOR_TABLE            __Vectors
 179:../../Drivers/CMSIS/Include/cmsis_gcc.h **** #endif
 180:../../Drivers/CMSIS/Include/cmsis_gcc.h **** 
 181:../../Drivers/CMSIS/Include/cmsis_gcc.h **** #ifndef __VECTOR_TABLE_ATTRIBUTE
 182:../../Drivers/CMSIS/Include/cmsis_gcc.h **** #define __VECTOR_TABLE_ATTRIBUTE  __attribute((used, section(".vectors")))
 183:../../Drivers/CMSIS/Include/cmsis_gcc.h **** #endif
 184:../../Drivers/CMSIS/Include/cmsis_gcc.h **** 
 185:../../Drivers/CMSIS/Include/cmsis_gcc.h **** /* ###########################  Core Function Access  ########################### */
 186:../../Drivers/CMSIS/Include/cmsis_gcc.h **** /** \ingroup  CMSIS_Core_FunctionInterface
 187:../../Drivers/CMSIS/Include/cmsis_gcc.h ****     \defgroup CMSIS_Core_RegAccFunctions CMSIS Core Register Access Functions
 188:../../Drivers/CMSIS/Include/cmsis_gcc.h ****   @{
 189:../../Drivers/CMSIS/Include/cmsis_gcc.h ****  */
 190:../../Drivers/CMSIS/Include/cmsis_gcc.h **** 
 191:../../Drivers/CMSIS/Include/cmsis_gcc.h **** /**
 192:../../Drivers/CMSIS/Include/cmsis_gcc.h ****   \brief   Enable IRQ Interrupts
 193:../../Drivers/CMSIS/Include/cmsis_gcc.h ****   \details Enables IRQ interrupts by clearing the I-bit in the CPSR.
 194:../../Drivers/CMSIS/Include/cmsis_gcc.h ****            Can only be executed in Privileged modes.
 195:../../Drivers/CMSIS/Include/cmsis_gcc.h ****  */
 196:../../Drivers/CMSIS/Include/cmsis_gcc.h **** __STATIC_FORCEINLINE void __enable_irq(void)
 197:../../Drivers/CMSIS/Include/cmsis_gcc.h **** {
 198:../../Drivers/CMSIS/Include/cmsis_gcc.h ****   __ASM volatile ("cpsie i" : : : "memory");
 199:../../Drivers/CMSIS/Include/cmsis_gcc.h **** }
 200:../../Drivers/CMSIS/Include/cmsis_gcc.h **** 
 201:../../Drivers/CMSIS/Include/cmsis_gcc.h **** 
 202:../../Drivers/CMSIS/Include/cmsis_gcc.h **** /**
 203:../../Drivers/CMSIS/Include/cmsis_gcc.h ****   \brief   Disable IRQ Interrupts
 204:../../Drivers/CMSIS/Include/cmsis_gcc.h ****   \details Disables IRQ interrupts by setting the I-bit in the CPSR.
 205:../../Drivers/CMSIS/Include/cmsis_gcc.h ****            Can only be executed in Privileged modes.
ARM GAS  /tmp/ccbyfExc.s 			page 9


 206:../../Drivers/CMSIS/Include/cmsis_gcc.h ****  */
 207:../../Drivers/CMSIS/Include/cmsis_gcc.h **** __STATIC_FORCEINLINE void __disable_irq(void)
 108              		.loc 2 207 27 view .LVU16
 109              	.LBB5:
 208:../../Drivers/CMSIS/Include/cmsis_gcc.h **** {
 209:../../Drivers/CMSIS/Include/cmsis_gcc.h ****   __ASM volatile ("cpsid i" : : : "memory");
 110              		.loc 2 209 3 view .LVU17
 111              		.syntax unified
 112              	@ 209 "../../Drivers/CMSIS/Include/cmsis_gcc.h" 1
 113 0000 72B6     		cpsid i
 114              	@ 0 "" 2
 115              		.thumb
 116              		.syntax unified
 117              	.L7:
 118              	.LBE5:
 119              	.LBE4:
 143:../../NonSecure/Core/Src/main.c ****   while (1)
 120              		.loc 1 143 3 discriminator 1 view .LVU18
 144:../../NonSecure/Core/Src/main.c ****   {
 145:../../NonSecure/Core/Src/main.c ****   }
 121              		.loc 1 145 3 discriminator 1 view .LVU19
 143:../../NonSecure/Core/Src/main.c ****   while (1)
 122              		.loc 1 143 9 discriminator 1 view .LVU20
 123 0002 FEE7     		b	.L7
 124              		.cfi_endproc
 125              	.LFE157:
 127              		.text
 128              	.Letext0:
 129              		.file 3 "/usr/lib/gcc/arm-none-eabi/12.2.1/include/stdint.h"
 130              		.file 4 "../../Drivers/STM32L5xx_HAL_Driver/Inc/stm32l5xx_hal_def.h"
 131              		.file 5 "../../Secure_nsclib/secure_nsc.h"
 132              		.file 6 "../../Drivers/STM32L5xx_HAL_Driver/Inc/stm32l5xx_hal.h"
 133              		.file 7 "<built-in>"
ARM GAS  /tmp/ccbyfExc.s 			page 10


DEFINED SYMBOLS
                            *ABS*:00000000 main.c
     /tmp/ccbyfExc.s:22     .rodata.main.str1.4:00000000 $d
     /tmp/ccbyfExc.s:26     .text.main:00000000 $t
     /tmp/ccbyfExc.s:32     .text.main:00000000 main
     /tmp/ccbyfExc.s:85     .text.main:00000038 $d
     /tmp/ccbyfExc.s:90     .text.Error_Handler:00000000 $t
     /tmp/ccbyfExc.s:96     .text.Error_Handler:00000000 Error_Handler

UNDEFINED SYMBOLS
HAL_Init
puts
GreenLED_OFF
RedLED_OFF
GreenLED_ON
HAL_Delay
RedLED_ON
