ARM GAS  /tmp/cc54UHR9.s 			page 1


   1              		.cpu cortex-m33
   2              		.arch armv8-m.main
   3              		.fpu fpv4-sp-d16
   4              		.arch_extension dsp
   5              		.eabi_attribute 27, 1
   6              		.eabi_attribute 28, 1
   7              		.eabi_attribute 20, 1
   8              		.eabi_attribute 21, 1
   9              		.eabi_attribute 23, 3
  10              		.eabi_attribute 24, 1
  11              		.eabi_attribute 25, 1
  12              		.eabi_attribute 26, 1
  13              		.eabi_attribute 30, 1
  14              		.eabi_attribute 34, 1
  15              		.eabi_attribute 18, 4
  16              		.file	"syscalls.c"
  17              		.text
  18              	.Ltext0:
  19              		.cfi_sections	.debug_frame
  20              		.file 1 "../../NonSecure/Core/Src/syscalls.c"
  21              		.section	.text.__io_putchar,"ax",%progbits
  22              		.align	1
  23              		.weak	__io_putchar
  24              		.syntax unified
  25              		.thumb
  26              		.thumb_func
  28              	__io_putchar:
  29              	.LVL0:
  30              	.LFB25:
   1:../../NonSecure/Core/Src/syscalls.c **** /**
   2:../../NonSecure/Core/Src/syscalls.c ****  ******************************************************************************
   3:../../NonSecure/Core/Src/syscalls.c ****  * @file      syscalls.c
   4:../../NonSecure/Core/Src/syscalls.c ****  * @author    Auto-generated by STM32CubeMX
   5:../../NonSecure/Core/Src/syscalls.c ****  * @brief     Minimal System calls file
   6:../../NonSecure/Core/Src/syscalls.c ****  *
   7:../../NonSecure/Core/Src/syscalls.c ****  *            For more information about which c-functions
   8:../../NonSecure/Core/Src/syscalls.c ****  *            need which of these lowlevel functions
   9:../../NonSecure/Core/Src/syscalls.c ****  *            please consult the Newlib libc-manual
  10:../../NonSecure/Core/Src/syscalls.c ****  ******************************************************************************
  11:../../NonSecure/Core/Src/syscalls.c ****  * @attention
  12:../../NonSecure/Core/Src/syscalls.c ****  *
  13:../../NonSecure/Core/Src/syscalls.c ****  * Copyright (c) 2020-2024 STMicroelectronics.
  14:../../NonSecure/Core/Src/syscalls.c ****  * All rights reserved.
  15:../../NonSecure/Core/Src/syscalls.c ****  *
  16:../../NonSecure/Core/Src/syscalls.c ****  * This software is licensed under terms that can be found in the LICENSE file
  17:../../NonSecure/Core/Src/syscalls.c ****  * in the root directory of this software component.
  18:../../NonSecure/Core/Src/syscalls.c ****  * If no LICENSE file comes with this software, it is provided AS-IS.
  19:../../NonSecure/Core/Src/syscalls.c ****  *
  20:../../NonSecure/Core/Src/syscalls.c ****  ******************************************************************************
  21:../../NonSecure/Core/Src/syscalls.c ****  */
  22:../../NonSecure/Core/Src/syscalls.c **** 
  23:../../NonSecure/Core/Src/syscalls.c **** /* Includes */
  24:../../NonSecure/Core/Src/syscalls.c **** #include <sys/stat.h>
  25:../../NonSecure/Core/Src/syscalls.c **** #include <stdlib.h>
  26:../../NonSecure/Core/Src/syscalls.c **** #include <errno.h>
  27:../../NonSecure/Core/Src/syscalls.c **** #include <stdio.h>
  28:../../NonSecure/Core/Src/syscalls.c **** #include <signal.h>
ARM GAS  /tmp/cc54UHR9.s 			page 2


  29:../../NonSecure/Core/Src/syscalls.c **** #include <time.h>
  30:../../NonSecure/Core/Src/syscalls.c **** #include <sys/time.h>
  31:../../NonSecure/Core/Src/syscalls.c **** #include <sys/times.h>
  32:../../NonSecure/Core/Src/syscalls.c **** #include "secure_nsc.h"
  33:../../NonSecure/Core/Src/syscalls.c **** 
  34:../../NonSecure/Core/Src/syscalls.c **** 
  35:../../NonSecure/Core/Src/syscalls.c **** /* Variables */
  36:../../NonSecure/Core/Src/syscalls.c **** extern int __io_putchar(int ch) __attribute__((weak));
  37:../../NonSecure/Core/Src/syscalls.c **** extern int __io_getchar(void) __attribute__((weak));
  38:../../NonSecure/Core/Src/syscalls.c **** 
  39:../../NonSecure/Core/Src/syscalls.c **** 
  40:../../NonSecure/Core/Src/syscalls.c **** char *__env[1] = { 0 };
  41:../../NonSecure/Core/Src/syscalls.c **** char **environ = __env;
  42:../../NonSecure/Core/Src/syscalls.c **** 
  43:../../NonSecure/Core/Src/syscalls.c **** 
  44:../../NonSecure/Core/Src/syscalls.c **** /* Functions */
  45:../../NonSecure/Core/Src/syscalls.c **** /* Functions */
  46:../../NonSecure/Core/Src/syscalls.c **** int __io_putchar(int ch){
  31              		.loc 1 46 25 view -0
  32              		.cfi_startproc
  33              		@ args = 0, pretend = 0, frame = 0
  34              		@ frame_needed = 0, uses_anonymous_args = 0
  35              		.loc 1 46 25 is_stmt 0 view .LVU1
  36 0000 10B5     		push	{r4, lr}
  37              	.LCFI0:
  38              		.cfi_def_cfa_offset 8
  39              		.cfi_offset 4, -8
  40              		.cfi_offset 14, -4
  41 0002 0446     		mov	r4, r0
  47:../../NonSecure/Core/Src/syscalls.c ****   NSC_print(ch);
  42              		.loc 1 47 3 is_stmt 1 view .LVU2
  43 0004 FFF7FEFF 		bl	NSC_print
  44              	.LVL1:
  48:../../NonSecure/Core/Src/syscalls.c ****   return ch;
  45              		.loc 1 48 3 view .LVU3
  49:../../NonSecure/Core/Src/syscalls.c **** }
  46              		.loc 1 49 1 is_stmt 0 view .LVU4
  47 0008 2046     		mov	r0, r4
  48 000a 10BD     		pop	{r4, pc}
  49              		.loc 1 49 1 view .LVU5
  50              		.cfi_endproc
  51              	.LFE25:
  53              		.section	.text.initialise_monitor_handles,"ax",%progbits
  54              		.align	1
  55              		.global	initialise_monitor_handles
  56              		.syntax unified
  57              		.thumb
  58              		.thumb_func
  60              	initialise_monitor_handles:
  61              	.LFB26:
  50:../../NonSecure/Core/Src/syscalls.c **** 
  51:../../NonSecure/Core/Src/syscalls.c **** void initialise_monitor_handles()
  52:../../NonSecure/Core/Src/syscalls.c **** {
  62              		.loc 1 52 1 is_stmt 1 view -0
  63              		.cfi_startproc
  64              		@ args = 0, pretend = 0, frame = 0
  65              		@ frame_needed = 0, uses_anonymous_args = 0
ARM GAS  /tmp/cc54UHR9.s 			page 3


  66              		@ link register save eliminated.
  53:../../NonSecure/Core/Src/syscalls.c **** }
  67              		.loc 1 53 1 view .LVU7
  68 0000 7047     		bx	lr
  69              		.cfi_endproc
  70              	.LFE26:
  72              		.section	.text._getpid,"ax",%progbits
  73              		.align	1
  74              		.global	_getpid
  75              		.syntax unified
  76              		.thumb
  77              		.thumb_func
  79              	_getpid:
  80              	.LFB27:
  54:../../NonSecure/Core/Src/syscalls.c **** 
  55:../../NonSecure/Core/Src/syscalls.c **** int _getpid(void)
  56:../../NonSecure/Core/Src/syscalls.c **** {
  81              		.loc 1 56 1 view -0
  82              		.cfi_startproc
  83              		@ args = 0, pretend = 0, frame = 0
  84              		@ frame_needed = 0, uses_anonymous_args = 0
  85              		@ link register save eliminated.
  57:../../NonSecure/Core/Src/syscalls.c ****   return 1;
  86              		.loc 1 57 3 view .LVU9
  58:../../NonSecure/Core/Src/syscalls.c **** }
  87              		.loc 1 58 1 is_stmt 0 view .LVU10
  88 0000 0120     		movs	r0, #1
  89 0002 7047     		bx	lr
  90              		.cfi_endproc
  91              	.LFE27:
  93              		.section	.text._kill,"ax",%progbits
  94              		.align	1
  95              		.global	_kill
  96              		.syntax unified
  97              		.thumb
  98              		.thumb_func
 100              	_kill:
 101              	.LVL2:
 102              	.LFB28:
  59:../../NonSecure/Core/Src/syscalls.c **** 
  60:../../NonSecure/Core/Src/syscalls.c **** int _kill(int pid, int sig)
  61:../../NonSecure/Core/Src/syscalls.c **** {
 103              		.loc 1 61 1 is_stmt 1 view -0
 104              		.cfi_startproc
 105              		@ args = 0, pretend = 0, frame = 0
 106              		@ frame_needed = 0, uses_anonymous_args = 0
 107              		.loc 1 61 1 is_stmt 0 view .LVU12
 108 0000 08B5     		push	{r3, lr}
 109              	.LCFI1:
 110              		.cfi_def_cfa_offset 8
 111              		.cfi_offset 3, -8
 112              		.cfi_offset 14, -4
  62:../../NonSecure/Core/Src/syscalls.c ****   (void)pid;
 113              		.loc 1 62 3 is_stmt 1 view .LVU13
  63:../../NonSecure/Core/Src/syscalls.c ****   (void)sig;
 114              		.loc 1 63 3 view .LVU14
  64:../../NonSecure/Core/Src/syscalls.c ****   errno = EINVAL;
ARM GAS  /tmp/cc54UHR9.s 			page 4


 115              		.loc 1 64 3 view .LVU15
 116 0002 FFF7FEFF 		bl	__errno
 117              	.LVL3:
 118              		.loc 1 64 9 is_stmt 0 view .LVU16
 119 0006 1623     		movs	r3, #22
 120 0008 0360     		str	r3, [r0]
  65:../../NonSecure/Core/Src/syscalls.c ****   return -1;
 121              		.loc 1 65 3 is_stmt 1 view .LVU17
  66:../../NonSecure/Core/Src/syscalls.c **** }
 122              		.loc 1 66 1 is_stmt 0 view .LVU18
 123 000a 4FF0FF30 		mov	r0, #-1
 124 000e 08BD     		pop	{r3, pc}
 125              		.cfi_endproc
 126              	.LFE28:
 128              		.section	.text._exit,"ax",%progbits
 129              		.align	1
 130              		.global	_exit
 131              		.syntax unified
 132              		.thumb
 133              		.thumb_func
 135              	_exit:
 136              	.LVL4:
 137              	.LFB29:
  67:../../NonSecure/Core/Src/syscalls.c **** 
  68:../../NonSecure/Core/Src/syscalls.c **** void _exit (int status)
  69:../../NonSecure/Core/Src/syscalls.c **** {
 138              		.loc 1 69 1 is_stmt 1 view -0
 139              		.cfi_startproc
 140              		@ Volatile: function does not return.
 141              		@ args = 0, pretend = 0, frame = 0
 142              		@ frame_needed = 0, uses_anonymous_args = 0
 143              		.loc 1 69 1 is_stmt 0 view .LVU20
 144 0000 08B5     		push	{r3, lr}
 145              	.LCFI2:
 146              		.cfi_def_cfa_offset 8
 147              		.cfi_offset 3, -8
 148              		.cfi_offset 14, -4
  70:../../NonSecure/Core/Src/syscalls.c ****   _kill(status, -1);
 149              		.loc 1 70 3 is_stmt 1 view .LVU21
 150 0002 4FF0FF31 		mov	r1, #-1
 151 0006 FFF7FEFF 		bl	_kill
 152              	.LVL5:
 153              	.L8:
  71:../../NonSecure/Core/Src/syscalls.c ****   while (1) {}    /* Make sure we hang here */
 154              		.loc 1 71 3 discriminator 1 view .LVU22
 155              		.loc 1 71 14 discriminator 1 view .LVU23
 156              		.loc 1 71 9 discriminator 1 view .LVU24
 157 000a FEE7     		b	.L8
 158              		.cfi_endproc
 159              	.LFE29:
 161              		.section	.text._read,"ax",%progbits
 162              		.align	1
 163              		.weak	_read
 164              		.syntax unified
 165              		.thumb
 166              		.thumb_func
 168              	_read:
ARM GAS  /tmp/cc54UHR9.s 			page 5


 169              	.LVL6:
 170              	.LFB30:
  72:../../NonSecure/Core/Src/syscalls.c **** }
  73:../../NonSecure/Core/Src/syscalls.c **** 
  74:../../NonSecure/Core/Src/syscalls.c **** __attribute__((weak)) int _read(int file, char *ptr, int len)
  75:../../NonSecure/Core/Src/syscalls.c **** {
 171              		.loc 1 75 1 view -0
 172              		.cfi_startproc
 173              		@ args = 0, pretend = 0, frame = 0
 174              		@ frame_needed = 0, uses_anonymous_args = 0
 175              		.loc 1 75 1 is_stmt 0 view .LVU26
 176 0000 70B5     		push	{r4, r5, r6, lr}
 177              	.LCFI3:
 178              		.cfi_def_cfa_offset 16
 179              		.cfi_offset 4, -16
 180              		.cfi_offset 5, -12
 181              		.cfi_offset 6, -8
 182              		.cfi_offset 14, -4
 183 0002 0C46     		mov	r4, r1
 184 0004 1646     		mov	r6, r2
  76:../../NonSecure/Core/Src/syscalls.c ****   (void)file;
 185              		.loc 1 76 3 is_stmt 1 view .LVU27
  77:../../NonSecure/Core/Src/syscalls.c ****   int DataIdx;
 186              		.loc 1 77 3 view .LVU28
  78:../../NonSecure/Core/Src/syscalls.c **** 
  79:../../NonSecure/Core/Src/syscalls.c ****   for (DataIdx = 0; DataIdx < len; DataIdx++)
 187              		.loc 1 79 3 view .LVU29
 188              	.LVL7:
 189              		.loc 1 79 16 is_stmt 0 view .LVU30
 190 0006 0025     		movs	r5, #0
 191              		.loc 1 79 3 view .LVU31
 192 0008 06E0     		b	.L11
 193              	.LVL8:
 194              	.L12:
  80:../../NonSecure/Core/Src/syscalls.c ****   {
  81:../../NonSecure/Core/Src/syscalls.c ****     *ptr++ = __io_getchar();
 195              		.loc 1 81 5 is_stmt 1 discriminator 3 view .LVU32
 196              		.loc 1 81 14 is_stmt 0 discriminator 3 view .LVU33
 197 000a FFF7FEFF 		bl	__io_getchar
 198              	.LVL9:
 199              		.loc 1 81 9 discriminator 3 view .LVU34
 200 000e 2146     		mov	r1, r4
 201              	.LVL10:
 202              		.loc 1 81 12 discriminator 3 view .LVU35
 203 0010 01F8010B 		strb	r0, [r1], #1
 204              	.LVL11:
  79:../../NonSecure/Core/Src/syscalls.c ****   {
 205              		.loc 1 79 43 is_stmt 1 discriminator 3 view .LVU36
 206 0014 0135     		adds	r5, r5, #1
 207              	.LVL12:
 208              		.loc 1 81 9 is_stmt 0 discriminator 3 view .LVU37
 209 0016 0C46     		mov	r4, r1
 210              	.LVL13:
 211              	.L11:
  79:../../NonSecure/Core/Src/syscalls.c ****   {
 212              		.loc 1 79 29 is_stmt 1 discriminator 1 view .LVU38
 213 0018 B542     		cmp	r5, r6
ARM GAS  /tmp/cc54UHR9.s 			page 6


 214 001a F6DB     		blt	.L12
  82:../../NonSecure/Core/Src/syscalls.c ****   }
  83:../../NonSecure/Core/Src/syscalls.c **** 
  84:../../NonSecure/Core/Src/syscalls.c ****   return len;
 215              		.loc 1 84 3 view .LVU39
  85:../../NonSecure/Core/Src/syscalls.c **** }
 216              		.loc 1 85 1 is_stmt 0 view .LVU40
 217 001c 3046     		mov	r0, r6
 218 001e 70BD     		pop	{r4, r5, r6, pc}
 219              		.loc 1 85 1 view .LVU41
 220              		.cfi_endproc
 221              	.LFE30:
 223              		.section	.text._write,"ax",%progbits
 224              		.align	1
 225              		.weak	_write
 226              		.syntax unified
 227              		.thumb
 228              		.thumb_func
 230              	_write:
 231              	.LVL14:
 232              	.LFB31:
  86:../../NonSecure/Core/Src/syscalls.c **** 
  87:../../NonSecure/Core/Src/syscalls.c **** __attribute__((weak)) int _write(int file, char *ptr, int len)
  88:../../NonSecure/Core/Src/syscalls.c **** {
 233              		.loc 1 88 1 is_stmt 1 view -0
 234              		.cfi_startproc
 235              		@ args = 0, pretend = 0, frame = 0
 236              		@ frame_needed = 0, uses_anonymous_args = 0
 237              		.loc 1 88 1 is_stmt 0 view .LVU43
 238 0000 70B5     		push	{r4, r5, r6, lr}
 239              	.LCFI4:
 240              		.cfi_def_cfa_offset 16
 241              		.cfi_offset 4, -16
 242              		.cfi_offset 5, -12
 243              		.cfi_offset 6, -8
 244              		.cfi_offset 14, -4
 245 0002 0C46     		mov	r4, r1
 246 0004 1646     		mov	r6, r2
  89:../../NonSecure/Core/Src/syscalls.c ****   (void)file;
 247              		.loc 1 89 3 is_stmt 1 view .LVU44
  90:../../NonSecure/Core/Src/syscalls.c ****   int DataIdx;
 248              		.loc 1 90 3 view .LVU45
  91:../../NonSecure/Core/Src/syscalls.c **** 
  92:../../NonSecure/Core/Src/syscalls.c ****   for (DataIdx = 0; DataIdx < len; DataIdx++)
 249              		.loc 1 92 3 view .LVU46
 250              	.LVL15:
 251              		.loc 1 92 16 is_stmt 0 view .LVU47
 252 0006 0025     		movs	r5, #0
 253              		.loc 1 92 3 view .LVU48
 254 0008 04E0     		b	.L15
 255              	.LVL16:
 256              	.L16:
  93:../../NonSecure/Core/Src/syscalls.c ****   {
  94:../../NonSecure/Core/Src/syscalls.c ****     __io_putchar(*ptr++);
 257              		.loc 1 94 5 is_stmt 1 discriminator 3 view .LVU49
 258              		.loc 1 94 5 is_stmt 0 discriminator 3 view .LVU50
 259 000a 14F8010B 		ldrb	r0, [r4], #1	@ zero_extendqisi2
ARM GAS  /tmp/cc54UHR9.s 			page 7


 260              	.LVL17:
 261              		.loc 1 94 5 discriminator 3 view .LVU51
 262 000e FFF7FEFF 		bl	__io_putchar
 263              	.LVL18:
  92:../../NonSecure/Core/Src/syscalls.c ****   {
 264              		.loc 1 92 43 is_stmt 1 discriminator 3 view .LVU52
 265 0012 0135     		adds	r5, r5, #1
 266              	.LVL19:
 267              	.L15:
  92:../../NonSecure/Core/Src/syscalls.c ****   {
 268              		.loc 1 92 29 discriminator 1 view .LVU53
 269 0014 B542     		cmp	r5, r6
 270 0016 F8DB     		blt	.L16
  95:../../NonSecure/Core/Src/syscalls.c ****   }
  96:../../NonSecure/Core/Src/syscalls.c ****   return len;
 271              		.loc 1 96 3 view .LVU54
  97:../../NonSecure/Core/Src/syscalls.c **** }
 272              		.loc 1 97 1 is_stmt 0 view .LVU55
 273 0018 3046     		mov	r0, r6
 274 001a 70BD     		pop	{r4, r5, r6, pc}
 275              		.loc 1 97 1 view .LVU56
 276              		.cfi_endproc
 277              	.LFE31:
 279              		.section	.text._close,"ax",%progbits
 280              		.align	1
 281              		.global	_close
 282              		.syntax unified
 283              		.thumb
 284              		.thumb_func
 286              	_close:
 287              	.LVL20:
 288              	.LFB32:
  98:../../NonSecure/Core/Src/syscalls.c **** 
  99:../../NonSecure/Core/Src/syscalls.c **** int _close(int file)
 100:../../NonSecure/Core/Src/syscalls.c **** {
 289              		.loc 1 100 1 is_stmt 1 view -0
 290              		.cfi_startproc
 291              		@ args = 0, pretend = 0, frame = 0
 292              		@ frame_needed = 0, uses_anonymous_args = 0
 293              		@ link register save eliminated.
 101:../../NonSecure/Core/Src/syscalls.c ****   (void)file;
 294              		.loc 1 101 3 view .LVU58
 102:../../NonSecure/Core/Src/syscalls.c ****   return -1;
 295              		.loc 1 102 3 view .LVU59
 103:../../NonSecure/Core/Src/syscalls.c **** }
 296              		.loc 1 103 1 is_stmt 0 view .LVU60
 297 0000 4FF0FF30 		mov	r0, #-1
 298              	.LVL21:
 299              		.loc 1 103 1 view .LVU61
 300 0004 7047     		bx	lr
 301              		.cfi_endproc
 302              	.LFE32:
 304              		.section	.text._fstat,"ax",%progbits
 305              		.align	1
 306              		.global	_fstat
 307              		.syntax unified
 308              		.thumb
ARM GAS  /tmp/cc54UHR9.s 			page 8


 309              		.thumb_func
 311              	_fstat:
 312              	.LVL22:
 313              	.LFB33:
 104:../../NonSecure/Core/Src/syscalls.c **** 
 105:../../NonSecure/Core/Src/syscalls.c **** 
 106:../../NonSecure/Core/Src/syscalls.c **** int _fstat(int file, struct stat *st)
 107:../../NonSecure/Core/Src/syscalls.c **** {
 314              		.loc 1 107 1 is_stmt 1 view -0
 315              		.cfi_startproc
 316              		@ args = 0, pretend = 0, frame = 0
 317              		@ frame_needed = 0, uses_anonymous_args = 0
 318              		@ link register save eliminated.
 108:../../NonSecure/Core/Src/syscalls.c ****   (void)file;
 319              		.loc 1 108 3 view .LVU63
 109:../../NonSecure/Core/Src/syscalls.c ****   st->st_mode = S_IFCHR;
 320              		.loc 1 109 3 view .LVU64
 321              		.loc 1 109 15 is_stmt 0 view .LVU65
 322 0000 4FF40053 		mov	r3, #8192
 323 0004 4B60     		str	r3, [r1, #4]
 110:../../NonSecure/Core/Src/syscalls.c ****   return 0;
 324              		.loc 1 110 3 is_stmt 1 view .LVU66
 111:../../NonSecure/Core/Src/syscalls.c **** }
 325              		.loc 1 111 1 is_stmt 0 view .LVU67
 326 0006 0020     		movs	r0, #0
 327              	.LVL23:
 328              		.loc 1 111 1 view .LVU68
 329 0008 7047     		bx	lr
 330              		.cfi_endproc
 331              	.LFE33:
 333              		.section	.text._isatty,"ax",%progbits
 334              		.align	1
 335              		.global	_isatty
 336              		.syntax unified
 337              		.thumb
 338              		.thumb_func
 340              	_isatty:
 341              	.LVL24:
 342              	.LFB34:
 112:../../NonSecure/Core/Src/syscalls.c **** 
 113:../../NonSecure/Core/Src/syscalls.c **** int _isatty(int file)
 114:../../NonSecure/Core/Src/syscalls.c **** {
 343              		.loc 1 114 1 is_stmt 1 view -0
 344              		.cfi_startproc
 345              		@ args = 0, pretend = 0, frame = 0
 346              		@ frame_needed = 0, uses_anonymous_args = 0
 347              		@ link register save eliminated.
 115:../../NonSecure/Core/Src/syscalls.c ****   (void)file;
 348              		.loc 1 115 3 view .LVU70
 116:../../NonSecure/Core/Src/syscalls.c ****   return 1;
 349              		.loc 1 116 3 view .LVU71
 117:../../NonSecure/Core/Src/syscalls.c **** }
 350              		.loc 1 117 1 is_stmt 0 view .LVU72
 351 0000 0120     		movs	r0, #1
 352              	.LVL25:
 353              		.loc 1 117 1 view .LVU73
 354 0002 7047     		bx	lr
ARM GAS  /tmp/cc54UHR9.s 			page 9


 355              		.cfi_endproc
 356              	.LFE34:
 358              		.section	.text._lseek,"ax",%progbits
 359              		.align	1
 360              		.global	_lseek
 361              		.syntax unified
 362              		.thumb
 363              		.thumb_func
 365              	_lseek:
 366              	.LVL26:
 367              	.LFB35:
 118:../../NonSecure/Core/Src/syscalls.c **** 
 119:../../NonSecure/Core/Src/syscalls.c **** int _lseek(int file, int ptr, int dir)
 120:../../NonSecure/Core/Src/syscalls.c **** {
 368              		.loc 1 120 1 is_stmt 1 view -0
 369              		.cfi_startproc
 370              		@ args = 0, pretend = 0, frame = 0
 371              		@ frame_needed = 0, uses_anonymous_args = 0
 372              		@ link register save eliminated.
 121:../../NonSecure/Core/Src/syscalls.c ****   (void)file;
 373              		.loc 1 121 3 view .LVU75
 122:../../NonSecure/Core/Src/syscalls.c ****   (void)ptr;
 374              		.loc 1 122 3 view .LVU76
 123:../../NonSecure/Core/Src/syscalls.c ****   (void)dir;
 375              		.loc 1 123 3 view .LVU77
 124:../../NonSecure/Core/Src/syscalls.c ****   return 0;
 376              		.loc 1 124 3 view .LVU78
 125:../../NonSecure/Core/Src/syscalls.c **** }
 377              		.loc 1 125 1 is_stmt 0 view .LVU79
 378 0000 0020     		movs	r0, #0
 379              	.LVL27:
 380              		.loc 1 125 1 view .LVU80
 381 0002 7047     		bx	lr
 382              		.cfi_endproc
 383              	.LFE35:
 385              		.section	.text._open,"ax",%progbits
 386              		.align	1
 387              		.global	_open
 388              		.syntax unified
 389              		.thumb
 390              		.thumb_func
 392              	_open:
 393              	.LVL28:
 394              	.LFB36:
 126:../../NonSecure/Core/Src/syscalls.c **** 
 127:../../NonSecure/Core/Src/syscalls.c **** int _open(char *path, int flags, ...)
 128:../../NonSecure/Core/Src/syscalls.c **** {
 395              		.loc 1 128 1 is_stmt 1 view -0
 396              		.cfi_startproc
 397              		@ args = 4, pretend = 12, frame = 0
 398              		@ frame_needed = 0, uses_anonymous_args = 1
 399              		@ link register save eliminated.
 400              		.loc 1 128 1 is_stmt 0 view .LVU82
 401 0000 0EB4     		push	{r1, r2, r3}
 402              	.LCFI5:
 403              		.cfi_def_cfa_offset 12
 404              		.cfi_offset 1, -12
ARM GAS  /tmp/cc54UHR9.s 			page 10


 405              		.cfi_offset 2, -8
 406              		.cfi_offset 3, -4
 129:../../NonSecure/Core/Src/syscalls.c ****   (void)path;
 407              		.loc 1 129 3 is_stmt 1 view .LVU83
 130:../../NonSecure/Core/Src/syscalls.c ****   (void)flags;
 408              		.loc 1 130 3 view .LVU84
 131:../../NonSecure/Core/Src/syscalls.c ****   /* Pretend like we always fail */
 132:../../NonSecure/Core/Src/syscalls.c ****   return -1;
 409              		.loc 1 132 3 view .LVU85
 133:../../NonSecure/Core/Src/syscalls.c **** }
 410              		.loc 1 133 1 is_stmt 0 view .LVU86
 411 0002 4FF0FF30 		mov	r0, #-1
 412              	.LVL29:
 413              		.loc 1 133 1 view .LVU87
 414 0006 03B0     		add	sp, sp, #12
 415              	.LCFI6:
 416              		.cfi_restore 3
 417              		.cfi_restore 2
 418              		.cfi_restore 1
 419              		.cfi_def_cfa_offset 0
 420 0008 7047     		bx	lr
 421              		.cfi_endproc
 422              	.LFE36:
 424              		.section	.text._wait,"ax",%progbits
 425              		.align	1
 426              		.global	_wait
 427              		.syntax unified
 428              		.thumb
 429              		.thumb_func
 431              	_wait:
 432              	.LVL30:
 433              	.LFB37:
 134:../../NonSecure/Core/Src/syscalls.c **** 
 135:../../NonSecure/Core/Src/syscalls.c **** int _wait(int *status)
 136:../../NonSecure/Core/Src/syscalls.c **** {
 434              		.loc 1 136 1 is_stmt 1 view -0
 435              		.cfi_startproc
 436              		@ args = 0, pretend = 0, frame = 0
 437              		@ frame_needed = 0, uses_anonymous_args = 0
 438              		.loc 1 136 1 is_stmt 0 view .LVU89
 439 0000 08B5     		push	{r3, lr}
 440              	.LCFI7:
 441              		.cfi_def_cfa_offset 8
 442              		.cfi_offset 3, -8
 443              		.cfi_offset 14, -4
 137:../../NonSecure/Core/Src/syscalls.c ****   (void)status;
 444              		.loc 1 137 3 is_stmt 1 view .LVU90
 138:../../NonSecure/Core/Src/syscalls.c ****   errno = ECHILD;
 445              		.loc 1 138 3 view .LVU91
 446 0002 FFF7FEFF 		bl	__errno
 447              	.LVL31:
 448              		.loc 1 138 9 is_stmt 0 view .LVU92
 449 0006 0A23     		movs	r3, #10
 450 0008 0360     		str	r3, [r0]
 139:../../NonSecure/Core/Src/syscalls.c ****   return -1;
 451              		.loc 1 139 3 is_stmt 1 view .LVU93
 140:../../NonSecure/Core/Src/syscalls.c **** }
ARM GAS  /tmp/cc54UHR9.s 			page 11


 452              		.loc 1 140 1 is_stmt 0 view .LVU94
 453 000a 4FF0FF30 		mov	r0, #-1
 454 000e 08BD     		pop	{r3, pc}
 455              		.cfi_endproc
 456              	.LFE37:
 458              		.section	.text._unlink,"ax",%progbits
 459              		.align	1
 460              		.global	_unlink
 461              		.syntax unified
 462              		.thumb
 463              		.thumb_func
 465              	_unlink:
 466              	.LVL32:
 467              	.LFB38:
 141:../../NonSecure/Core/Src/syscalls.c **** 
 142:../../NonSecure/Core/Src/syscalls.c **** int _unlink(char *name)
 143:../../NonSecure/Core/Src/syscalls.c **** {
 468              		.loc 1 143 1 is_stmt 1 view -0
 469              		.cfi_startproc
 470              		@ args = 0, pretend = 0, frame = 0
 471              		@ frame_needed = 0, uses_anonymous_args = 0
 472              		.loc 1 143 1 is_stmt 0 view .LVU96
 473 0000 08B5     		push	{r3, lr}
 474              	.LCFI8:
 475              		.cfi_def_cfa_offset 8
 476              		.cfi_offset 3, -8
 477              		.cfi_offset 14, -4
 144:../../NonSecure/Core/Src/syscalls.c ****   (void)name;
 478              		.loc 1 144 3 is_stmt 1 view .LVU97
 145:../../NonSecure/Core/Src/syscalls.c ****   errno = ENOENT;
 479              		.loc 1 145 3 view .LVU98
 480 0002 FFF7FEFF 		bl	__errno
 481              	.LVL33:
 482              		.loc 1 145 9 is_stmt 0 view .LVU99
 483 0006 0223     		movs	r3, #2
 484 0008 0360     		str	r3, [r0]
 146:../../NonSecure/Core/Src/syscalls.c ****   return -1;
 485              		.loc 1 146 3 is_stmt 1 view .LVU100
 147:../../NonSecure/Core/Src/syscalls.c **** }
 486              		.loc 1 147 1 is_stmt 0 view .LVU101
 487 000a 4FF0FF30 		mov	r0, #-1
 488 000e 08BD     		pop	{r3, pc}
 489              		.cfi_endproc
 490              	.LFE38:
 492              		.section	.text._times,"ax",%progbits
 493              		.align	1
 494              		.global	_times
 495              		.syntax unified
 496              		.thumb
 497              		.thumb_func
 499              	_times:
 500              	.LVL34:
 501              	.LFB39:
 148:../../NonSecure/Core/Src/syscalls.c **** 
 149:../../NonSecure/Core/Src/syscalls.c **** int _times(struct tms *buf)
 150:../../NonSecure/Core/Src/syscalls.c **** {
 502              		.loc 1 150 1 is_stmt 1 view -0
ARM GAS  /tmp/cc54UHR9.s 			page 12


 503              		.cfi_startproc
 504              		@ args = 0, pretend = 0, frame = 0
 505              		@ frame_needed = 0, uses_anonymous_args = 0
 506              		@ link register save eliminated.
 151:../../NonSecure/Core/Src/syscalls.c ****   (void)buf;
 507              		.loc 1 151 3 view .LVU103
 152:../../NonSecure/Core/Src/syscalls.c ****   return -1;
 508              		.loc 1 152 3 view .LVU104
 153:../../NonSecure/Core/Src/syscalls.c **** }
 509              		.loc 1 153 1 is_stmt 0 view .LVU105
 510 0000 4FF0FF30 		mov	r0, #-1
 511              	.LVL35:
 512              		.loc 1 153 1 view .LVU106
 513 0004 7047     		bx	lr
 514              		.cfi_endproc
 515              	.LFE39:
 517              		.section	.text._stat,"ax",%progbits
 518              		.align	1
 519              		.global	_stat
 520              		.syntax unified
 521              		.thumb
 522              		.thumb_func
 524              	_stat:
 525              	.LVL36:
 526              	.LFB40:
 154:../../NonSecure/Core/Src/syscalls.c **** 
 155:../../NonSecure/Core/Src/syscalls.c **** int _stat(char *file, struct stat *st)
 156:../../NonSecure/Core/Src/syscalls.c **** {
 527              		.loc 1 156 1 is_stmt 1 view -0
 528              		.cfi_startproc
 529              		@ args = 0, pretend = 0, frame = 0
 530              		@ frame_needed = 0, uses_anonymous_args = 0
 531              		@ link register save eliminated.
 157:../../NonSecure/Core/Src/syscalls.c ****   (void)file;
 532              		.loc 1 157 3 view .LVU108
 158:../../NonSecure/Core/Src/syscalls.c ****   st->st_mode = S_IFCHR;
 533              		.loc 1 158 3 view .LVU109
 534              		.loc 1 158 15 is_stmt 0 view .LVU110
 535 0000 4FF40053 		mov	r3, #8192
 536 0004 4B60     		str	r3, [r1, #4]
 159:../../NonSecure/Core/Src/syscalls.c ****   return 0;
 537              		.loc 1 159 3 is_stmt 1 view .LVU111
 160:../../NonSecure/Core/Src/syscalls.c **** }
 538              		.loc 1 160 1 is_stmt 0 view .LVU112
 539 0006 0020     		movs	r0, #0
 540              	.LVL37:
 541              		.loc 1 160 1 view .LVU113
 542 0008 7047     		bx	lr
 543              		.cfi_endproc
 544              	.LFE40:
 546              		.section	.text._link,"ax",%progbits
 547              		.align	1
 548              		.global	_link
 549              		.syntax unified
 550              		.thumb
 551              		.thumb_func
 553              	_link:
ARM GAS  /tmp/cc54UHR9.s 			page 13


 554              	.LVL38:
 555              	.LFB41:
 161:../../NonSecure/Core/Src/syscalls.c **** 
 162:../../NonSecure/Core/Src/syscalls.c **** int _link(char *old, char *new)
 163:../../NonSecure/Core/Src/syscalls.c **** {
 556              		.loc 1 163 1 is_stmt 1 view -0
 557              		.cfi_startproc
 558              		@ args = 0, pretend = 0, frame = 0
 559              		@ frame_needed = 0, uses_anonymous_args = 0
 560              		.loc 1 163 1 is_stmt 0 view .LVU115
 561 0000 08B5     		push	{r3, lr}
 562              	.LCFI9:
 563              		.cfi_def_cfa_offset 8
 564              		.cfi_offset 3, -8
 565              		.cfi_offset 14, -4
 164:../../NonSecure/Core/Src/syscalls.c ****   (void)old;
 566              		.loc 1 164 3 is_stmt 1 view .LVU116
 165:../../NonSecure/Core/Src/syscalls.c ****   (void)new;
 567              		.loc 1 165 3 view .LVU117
 166:../../NonSecure/Core/Src/syscalls.c ****   errno = EMLINK;
 568              		.loc 1 166 3 view .LVU118
 569 0002 FFF7FEFF 		bl	__errno
 570              	.LVL39:
 571              		.loc 1 166 9 is_stmt 0 view .LVU119
 572 0006 1F23     		movs	r3, #31
 573 0008 0360     		str	r3, [r0]
 167:../../NonSecure/Core/Src/syscalls.c ****   return -1;
 574              		.loc 1 167 3 is_stmt 1 view .LVU120
 168:../../NonSecure/Core/Src/syscalls.c **** }
 575              		.loc 1 168 1 is_stmt 0 view .LVU121
 576 000a 4FF0FF30 		mov	r0, #-1
 577 000e 08BD     		pop	{r3, pc}
 578              		.cfi_endproc
 579              	.LFE41:
 581              		.section	.text._fork,"ax",%progbits
 582              		.align	1
 583              		.global	_fork
 584              		.syntax unified
 585              		.thumb
 586              		.thumb_func
 588              	_fork:
 589              	.LFB42:
 169:../../NonSecure/Core/Src/syscalls.c **** 
 170:../../NonSecure/Core/Src/syscalls.c **** int _fork(void)
 171:../../NonSecure/Core/Src/syscalls.c **** {
 590              		.loc 1 171 1 is_stmt 1 view -0
 591              		.cfi_startproc
 592              		@ args = 0, pretend = 0, frame = 0
 593              		@ frame_needed = 0, uses_anonymous_args = 0
 594 0000 08B5     		push	{r3, lr}
 595              	.LCFI10:
 596              		.cfi_def_cfa_offset 8
 597              		.cfi_offset 3, -8
 598              		.cfi_offset 14, -4
 172:../../NonSecure/Core/Src/syscalls.c ****   errno = EAGAIN;
 599              		.loc 1 172 3 view .LVU123
 600 0002 FFF7FEFF 		bl	__errno
ARM GAS  /tmp/cc54UHR9.s 			page 14


 601              	.LVL40:
 602              		.loc 1 172 9 is_stmt 0 view .LVU124
 603 0006 0B23     		movs	r3, #11
 604 0008 0360     		str	r3, [r0]
 173:../../NonSecure/Core/Src/syscalls.c ****   return -1;
 605              		.loc 1 173 3 is_stmt 1 view .LVU125
 174:../../NonSecure/Core/Src/syscalls.c **** }
 606              		.loc 1 174 1 is_stmt 0 view .LVU126
 607 000a 4FF0FF30 		mov	r0, #-1
 608 000e 08BD     		pop	{r3, pc}
 609              		.cfi_endproc
 610              	.LFE42:
 612              		.section	.text._execve,"ax",%progbits
 613              		.align	1
 614              		.global	_execve
 615              		.syntax unified
 616              		.thumb
 617              		.thumb_func
 619              	_execve:
 620              	.LVL41:
 621              	.LFB43:
 175:../../NonSecure/Core/Src/syscalls.c **** 
 176:../../NonSecure/Core/Src/syscalls.c **** int _execve(char *name, char **argv, char **env)
 177:../../NonSecure/Core/Src/syscalls.c **** {
 622              		.loc 1 177 1 is_stmt 1 view -0
 623              		.cfi_startproc
 624              		@ args = 0, pretend = 0, frame = 0
 625              		@ frame_needed = 0, uses_anonymous_args = 0
 626              		.loc 1 177 1 is_stmt 0 view .LVU128
 627 0000 08B5     		push	{r3, lr}
 628              	.LCFI11:
 629              		.cfi_def_cfa_offset 8
 630              		.cfi_offset 3, -8
 631              		.cfi_offset 14, -4
 178:../../NonSecure/Core/Src/syscalls.c ****   (void)name;
 632              		.loc 1 178 3 is_stmt 1 view .LVU129
 179:../../NonSecure/Core/Src/syscalls.c ****   (void)argv;
 633              		.loc 1 179 3 view .LVU130
 180:../../NonSecure/Core/Src/syscalls.c ****   (void)env;
 634              		.loc 1 180 3 view .LVU131
 181:../../NonSecure/Core/Src/syscalls.c ****   errno = ENOMEM;
 635              		.loc 1 181 3 view .LVU132
 636 0002 FFF7FEFF 		bl	__errno
 637              	.LVL42:
 638              		.loc 1 181 9 is_stmt 0 view .LVU133
 639 0006 0C23     		movs	r3, #12
 640 0008 0360     		str	r3, [r0]
 182:../../NonSecure/Core/Src/syscalls.c ****   return -1;
 641              		.loc 1 182 3 is_stmt 1 view .LVU134
 183:../../NonSecure/Core/Src/syscalls.c **** }
 642              		.loc 1 183 1 is_stmt 0 view .LVU135
 643 000a 4FF0FF30 		mov	r0, #-1
 644 000e 08BD     		pop	{r3, pc}
 645              		.cfi_endproc
 646              	.LFE43:
 648              		.global	environ
 649              		.section	.data.environ,"aw"
ARM GAS  /tmp/cc54UHR9.s 			page 15


 650              		.align	2
 653              	environ:
 654 0000 00000000 		.word	__env
 655              		.global	__env
 656              		.section	.bss.__env,"aw",%nobits
 657              		.align	2
 660              	__env:
 661 0000 00000000 		.space	4
 662              		.weak	__io_getchar
 663              		.text
 664              	.Letext0:
 665              		.file 2 "/usr/include/newlib/machine/_default_types.h"
 666              		.file 3 "/usr/include/newlib/sys/_types.h"
 667              		.file 4 "/usr/include/newlib/sys/_timeval.h"
 668              		.file 5 "/usr/include/newlib/sys/_timespec.h"
 669              		.file 6 "/usr/include/newlib/sys/types.h"
 670              		.file 7 "/usr/include/newlib/sys/stat.h"
 671              		.file 8 "/usr/include/newlib/sys/times.h"
 672              		.file 9 "/usr/include/newlib/sys/errno.h"
 673              		.file 10 "../../Secure_nsclib/secure_nsc.h"
ARM GAS  /tmp/cc54UHR9.s 			page 16


DEFINED SYMBOLS
                            *ABS*:00000000 syscalls.c
     /tmp/cc54UHR9.s:22     .text.__io_putchar:00000000 $t
     /tmp/cc54UHR9.s:28     .text.__io_putchar:00000000 __io_putchar
     /tmp/cc54UHR9.s:54     .text.initialise_monitor_handles:00000000 $t
     /tmp/cc54UHR9.s:60     .text.initialise_monitor_handles:00000000 initialise_monitor_handles
     /tmp/cc54UHR9.s:73     .text._getpid:00000000 $t
     /tmp/cc54UHR9.s:79     .text._getpid:00000000 _getpid
     /tmp/cc54UHR9.s:94     .text._kill:00000000 $t
     /tmp/cc54UHR9.s:100    .text._kill:00000000 _kill
     /tmp/cc54UHR9.s:129    .text._exit:00000000 $t
     /tmp/cc54UHR9.s:135    .text._exit:00000000 _exit
     /tmp/cc54UHR9.s:162    .text._read:00000000 $t
     /tmp/cc54UHR9.s:168    .text._read:00000000 _read
     /tmp/cc54UHR9.s:224    .text._write:00000000 $t
     /tmp/cc54UHR9.s:230    .text._write:00000000 _write
     /tmp/cc54UHR9.s:280    .text._close:00000000 $t
     /tmp/cc54UHR9.s:286    .text._close:00000000 _close
     /tmp/cc54UHR9.s:305    .text._fstat:00000000 $t
     /tmp/cc54UHR9.s:311    .text._fstat:00000000 _fstat
     /tmp/cc54UHR9.s:334    .text._isatty:00000000 $t
     /tmp/cc54UHR9.s:340    .text._isatty:00000000 _isatty
     /tmp/cc54UHR9.s:359    .text._lseek:00000000 $t
     /tmp/cc54UHR9.s:365    .text._lseek:00000000 _lseek
     /tmp/cc54UHR9.s:386    .text._open:00000000 $t
     /tmp/cc54UHR9.s:392    .text._open:00000000 _open
     /tmp/cc54UHR9.s:425    .text._wait:00000000 $t
     /tmp/cc54UHR9.s:431    .text._wait:00000000 _wait
     /tmp/cc54UHR9.s:459    .text._unlink:00000000 $t
     /tmp/cc54UHR9.s:465    .text._unlink:00000000 _unlink
     /tmp/cc54UHR9.s:493    .text._times:00000000 $t
     /tmp/cc54UHR9.s:499    .text._times:00000000 _times
     /tmp/cc54UHR9.s:518    .text._stat:00000000 $t
     /tmp/cc54UHR9.s:524    .text._stat:00000000 _stat
     /tmp/cc54UHR9.s:547    .text._link:00000000 $t
     /tmp/cc54UHR9.s:553    .text._link:00000000 _link
     /tmp/cc54UHR9.s:582    .text._fork:00000000 $t
     /tmp/cc54UHR9.s:588    .text._fork:00000000 _fork
     /tmp/cc54UHR9.s:613    .text._execve:00000000 $t
     /tmp/cc54UHR9.s:619    .text._execve:00000000 _execve
     /tmp/cc54UHR9.s:653    .data.environ:00000000 environ
     /tmp/cc54UHR9.s:650    .data.environ:00000000 $d
     /tmp/cc54UHR9.s:660    .bss.__env:00000000 __env
     /tmp/cc54UHR9.s:657    .bss.__env:00000000 $d

UNDEFINED SYMBOLS
NSC_print
__errno
__io_getchar
