ARM GAS  /tmp/ccygXnJK.s 			page 1


   1              		.cpu cortex-m33
   2              		.arch armv8-m.main
   3              		.fpu fpv4-sp-d16
   4              		.arch_extension dsp
   5              		.eabi_attribute 27, 1
   6              		.eabi_attribute 28, 1
   7              		.eabi_attribute 20, 1
   8              		.eabi_attribute 21, 1
   9              		.eabi_attribute 23, 3
  10              		.eabi_attribute 24, 1
  11              		.eabi_attribute 25, 1
  12              		.eabi_attribute 26, 1
  13              		.eabi_attribute 30, 1
  14              		.eabi_attribute 34, 1
  15              		.eabi_attribute 18, 4
  16              		.file	"stm32l5xx_hal_cryp_ex.c"
  17              		.text
  18              	.Ltext0:
  19              		.cfi_sections	.debug_frame
  20              		.file 1 "../../Drivers/STM32L5xx_HAL_Driver/Src/stm32l5xx_hal_cryp_ex.c"
  21              		.section	.text.HAL_CRYPEx_AESGCM_GenerateAuthTAG,"ax",%progbits
  22              		.align	1
  23              		.global	HAL_CRYPEx_AESGCM_GenerateAuthTAG
  24              		.syntax unified
  25              		.thumb
  26              		.thumb_func
  28              	HAL_CRYPEx_AESGCM_GenerateAuthTAG:
  29              	.LVL0:
  30              	.LFB202:
   1:../../Drivers/STM32L5xx_HAL_Driver/Src/stm32l5xx_hal_cryp_ex.c **** /**
   2:../../Drivers/STM32L5xx_HAL_Driver/Src/stm32l5xx_hal_cryp_ex.c ****   ******************************************************************************
   3:../../Drivers/STM32L5xx_HAL_Driver/Src/stm32l5xx_hal_cryp_ex.c ****   * @file    stm32l5xx_hal_cryp_ex.c
   4:../../Drivers/STM32L5xx_HAL_Driver/Src/stm32l5xx_hal_cryp_ex.c ****   * @author  MCD Application Team
   5:../../Drivers/STM32L5xx_HAL_Driver/Src/stm32l5xx_hal_cryp_ex.c ****   * @brief   CRYPEx HAL module driver.
   6:../../Drivers/STM32L5xx_HAL_Driver/Src/stm32l5xx_hal_cryp_ex.c ****   *          This file provides firmware functions to manage the extended
   7:../../Drivers/STM32L5xx_HAL_Driver/Src/stm32l5xx_hal_cryp_ex.c ****   *          functionalities of the Cryptography (CRYP) peripheral.
   8:../../Drivers/STM32L5xx_HAL_Driver/Src/stm32l5xx_hal_cryp_ex.c ****   *
   9:../../Drivers/STM32L5xx_HAL_Driver/Src/stm32l5xx_hal_cryp_ex.c ****   ******************************************************************************
  10:../../Drivers/STM32L5xx_HAL_Driver/Src/stm32l5xx_hal_cryp_ex.c ****   * @attention
  11:../../Drivers/STM32L5xx_HAL_Driver/Src/stm32l5xx_hal_cryp_ex.c ****   *
  12:../../Drivers/STM32L5xx_HAL_Driver/Src/stm32l5xx_hal_cryp_ex.c ****   * Copyright (c) 2019 STMicroelectronics.
  13:../../Drivers/STM32L5xx_HAL_Driver/Src/stm32l5xx_hal_cryp_ex.c ****   * All rights reserved.
  14:../../Drivers/STM32L5xx_HAL_Driver/Src/stm32l5xx_hal_cryp_ex.c ****   *
  15:../../Drivers/STM32L5xx_HAL_Driver/Src/stm32l5xx_hal_cryp_ex.c ****   * This software is licensed under terms that can be found in the LICENSE file
  16:../../Drivers/STM32L5xx_HAL_Driver/Src/stm32l5xx_hal_cryp_ex.c ****   * in the root directory of this software component.
  17:../../Drivers/STM32L5xx_HAL_Driver/Src/stm32l5xx_hal_cryp_ex.c ****   * If no LICENSE file comes with this software, it is provided AS-IS.
  18:../../Drivers/STM32L5xx_HAL_Driver/Src/stm32l5xx_hal_cryp_ex.c ****   *
  19:../../Drivers/STM32L5xx_HAL_Driver/Src/stm32l5xx_hal_cryp_ex.c ****   ******************************************************************************
  20:../../Drivers/STM32L5xx_HAL_Driver/Src/stm32l5xx_hal_cryp_ex.c ****   */
  21:../../Drivers/STM32L5xx_HAL_Driver/Src/stm32l5xx_hal_cryp_ex.c **** 
  22:../../Drivers/STM32L5xx_HAL_Driver/Src/stm32l5xx_hal_cryp_ex.c **** /* Includes ------------------------------------------------------------------*/
  23:../../Drivers/STM32L5xx_HAL_Driver/Src/stm32l5xx_hal_cryp_ex.c **** #include "stm32l5xx_hal.h"
  24:../../Drivers/STM32L5xx_HAL_Driver/Src/stm32l5xx_hal_cryp_ex.c **** 
  25:../../Drivers/STM32L5xx_HAL_Driver/Src/stm32l5xx_hal_cryp_ex.c **** /** @addtogroup STM32L5xx_HAL_Driver
  26:../../Drivers/STM32L5xx_HAL_Driver/Src/stm32l5xx_hal_cryp_ex.c ****   * @{
  27:../../Drivers/STM32L5xx_HAL_Driver/Src/stm32l5xx_hal_cryp_ex.c ****   */
  28:../../Drivers/STM32L5xx_HAL_Driver/Src/stm32l5xx_hal_cryp_ex.c **** 
ARM GAS  /tmp/ccygXnJK.s 			page 2


  29:../../Drivers/STM32L5xx_HAL_Driver/Src/stm32l5xx_hal_cryp_ex.c **** /** @addtogroup CRYPEx
  30:../../Drivers/STM32L5xx_HAL_Driver/Src/stm32l5xx_hal_cryp_ex.c ****   * @{
  31:../../Drivers/STM32L5xx_HAL_Driver/Src/stm32l5xx_hal_cryp_ex.c ****   */
  32:../../Drivers/STM32L5xx_HAL_Driver/Src/stm32l5xx_hal_cryp_ex.c **** 
  33:../../Drivers/STM32L5xx_HAL_Driver/Src/stm32l5xx_hal_cryp_ex.c **** #if defined(AES)
  34:../../Drivers/STM32L5xx_HAL_Driver/Src/stm32l5xx_hal_cryp_ex.c **** 
  35:../../Drivers/STM32L5xx_HAL_Driver/Src/stm32l5xx_hal_cryp_ex.c **** #ifdef HAL_CRYP_MODULE_ENABLED
  36:../../Drivers/STM32L5xx_HAL_Driver/Src/stm32l5xx_hal_cryp_ex.c **** 
  37:../../Drivers/STM32L5xx_HAL_Driver/Src/stm32l5xx_hal_cryp_ex.c **** /* Private typedef -----------------------------------------------------------*/
  38:../../Drivers/STM32L5xx_HAL_Driver/Src/stm32l5xx_hal_cryp_ex.c **** /* Private define ------------------------------------------------------------*/
  39:../../Drivers/STM32L5xx_HAL_Driver/Src/stm32l5xx_hal_cryp_ex.c **** /** @addtogroup CRYPEx_Private_Defines
  40:../../Drivers/STM32L5xx_HAL_Driver/Src/stm32l5xx_hal_cryp_ex.c ****   * @{
  41:../../Drivers/STM32L5xx_HAL_Driver/Src/stm32l5xx_hal_cryp_ex.c ****   */
  42:../../Drivers/STM32L5xx_HAL_Driver/Src/stm32l5xx_hal_cryp_ex.c **** 
  43:../../Drivers/STM32L5xx_HAL_Driver/Src/stm32l5xx_hal_cryp_ex.c **** #define CRYP_PHASE_INIT                              0x00000000U             /*!< GCM/GMAC (or CCM)
  44:../../Drivers/STM32L5xx_HAL_Driver/Src/stm32l5xx_hal_cryp_ex.c **** #define CRYP_PHASE_HEADER                            AES_CR_GCMPH_0          /*!< GCM/GMAC or CCM h
  45:../../Drivers/STM32L5xx_HAL_Driver/Src/stm32l5xx_hal_cryp_ex.c **** #define CRYP_PHASE_PAYLOAD                           AES_CR_GCMPH_1          /*!< GCM(/CCM) payload
  46:../../Drivers/STM32L5xx_HAL_Driver/Src/stm32l5xx_hal_cryp_ex.c **** #define CRYP_PHASE_FINAL                             AES_CR_GCMPH            /*!< GCM/GMAC or CCM  
  47:../../Drivers/STM32L5xx_HAL_Driver/Src/stm32l5xx_hal_cryp_ex.c **** 
  48:../../Drivers/STM32L5xx_HAL_Driver/Src/stm32l5xx_hal_cryp_ex.c **** #define CRYP_OPERATINGMODE_ENCRYPT                   0x00000000U             /*!< Encryption mode  
  49:../../Drivers/STM32L5xx_HAL_Driver/Src/stm32l5xx_hal_cryp_ex.c **** #define CRYP_OPERATINGMODE_KEYDERIVATION             AES_CR_MODE_0           /*!< Key derivation mo
  50:../../Drivers/STM32L5xx_HAL_Driver/Src/stm32l5xx_hal_cryp_ex.c **** #define CRYP_OPERATINGMODE_DECRYPT                   AES_CR_MODE_1           /*!< Decryption       
  51:../../Drivers/STM32L5xx_HAL_Driver/Src/stm32l5xx_hal_cryp_ex.c **** #define CRYP_OPERATINGMODE_KEYDERIVATION_DECRYPT     AES_CR_MODE             /*!< Key derivation an
  52:../../Drivers/STM32L5xx_HAL_Driver/Src/stm32l5xx_hal_cryp_ex.c **** 
  53:../../Drivers/STM32L5xx_HAL_Driver/Src/stm32l5xx_hal_cryp_ex.c **** #define  CRYPEx_PHASE_PROCESS       0x02U     /*!< CRYP peripheral is in processing phase */
  54:../../Drivers/STM32L5xx_HAL_Driver/Src/stm32l5xx_hal_cryp_ex.c **** #define  CRYPEx_PHASE_FINAL         0x03U     /*!< CRYP peripheral is in final phase this is releva
  55:../../Drivers/STM32L5xx_HAL_Driver/Src/stm32l5xx_hal_cryp_ex.c **** 
  56:../../Drivers/STM32L5xx_HAL_Driver/Src/stm32l5xx_hal_cryp_ex.c **** /*  CTR0 information to use in CCM algorithm */
  57:../../Drivers/STM32L5xx_HAL_Driver/Src/stm32l5xx_hal_cryp_ex.c **** #define CRYP_CCM_CTR0_0            0x07FFFFFFU
  58:../../Drivers/STM32L5xx_HAL_Driver/Src/stm32l5xx_hal_cryp_ex.c **** #define CRYP_CCM_CTR0_3            0xFFFFFF00U
  59:../../Drivers/STM32L5xx_HAL_Driver/Src/stm32l5xx_hal_cryp_ex.c **** 
  60:../../Drivers/STM32L5xx_HAL_Driver/Src/stm32l5xx_hal_cryp_ex.c **** /**
  61:../../Drivers/STM32L5xx_HAL_Driver/Src/stm32l5xx_hal_cryp_ex.c ****   * @}
  62:../../Drivers/STM32L5xx_HAL_Driver/Src/stm32l5xx_hal_cryp_ex.c ****   */
  63:../../Drivers/STM32L5xx_HAL_Driver/Src/stm32l5xx_hal_cryp_ex.c **** 
  64:../../Drivers/STM32L5xx_HAL_Driver/Src/stm32l5xx_hal_cryp_ex.c **** /* Private macro -------------------------------------------------------------*/
  65:../../Drivers/STM32L5xx_HAL_Driver/Src/stm32l5xx_hal_cryp_ex.c **** /* Private variables ---------------------------------------------------------*/
  66:../../Drivers/STM32L5xx_HAL_Driver/Src/stm32l5xx_hal_cryp_ex.c **** /* Private function prototypes -----------------------------------------------*/
  67:../../Drivers/STM32L5xx_HAL_Driver/Src/stm32l5xx_hal_cryp_ex.c **** 
  68:../../Drivers/STM32L5xx_HAL_Driver/Src/stm32l5xx_hal_cryp_ex.c **** /* Exported functions---------------------------------------------------------*/
  69:../../Drivers/STM32L5xx_HAL_Driver/Src/stm32l5xx_hal_cryp_ex.c **** /** @addtogroup CRYPEx_Exported_Functions
  70:../../Drivers/STM32L5xx_HAL_Driver/Src/stm32l5xx_hal_cryp_ex.c ****   * @{
  71:../../Drivers/STM32L5xx_HAL_Driver/Src/stm32l5xx_hal_cryp_ex.c ****   */
  72:../../Drivers/STM32L5xx_HAL_Driver/Src/stm32l5xx_hal_cryp_ex.c **** 
  73:../../Drivers/STM32L5xx_HAL_Driver/Src/stm32l5xx_hal_cryp_ex.c **** /** @defgroup CRYPEx_Exported_Functions_Group1 Extended AES processing functions
  74:../../Drivers/STM32L5xx_HAL_Driver/Src/stm32l5xx_hal_cryp_ex.c ****   *  @brief   Extended processing functions.
  75:../../Drivers/STM32L5xx_HAL_Driver/Src/stm32l5xx_hal_cryp_ex.c ****   *
  76:../../Drivers/STM32L5xx_HAL_Driver/Src/stm32l5xx_hal_cryp_ex.c **** @verbatim
  77:../../Drivers/STM32L5xx_HAL_Driver/Src/stm32l5xx_hal_cryp_ex.c ****   ==============================================================================
  78:../../Drivers/STM32L5xx_HAL_Driver/Src/stm32l5xx_hal_cryp_ex.c ****               ##### Extended AES processing functions #####
  79:../../Drivers/STM32L5xx_HAL_Driver/Src/stm32l5xx_hal_cryp_ex.c ****   ==============================================================================
  80:../../Drivers/STM32L5xx_HAL_Driver/Src/stm32l5xx_hal_cryp_ex.c ****     [..]  This section provides functions allowing to generate the authentication
  81:../../Drivers/STM32L5xx_HAL_Driver/Src/stm32l5xx_hal_cryp_ex.c ****           TAG in Polling mode
  82:../../Drivers/STM32L5xx_HAL_Driver/Src/stm32l5xx_hal_cryp_ex.c ****       (#)HAL_CRYPEx_AESGCM_GenerateAuthTAG
  83:../../Drivers/STM32L5xx_HAL_Driver/Src/stm32l5xx_hal_cryp_ex.c ****       (#)HAL_CRYPEx_AESCCM_GenerateAuthTAG
  84:../../Drivers/STM32L5xx_HAL_Driver/Src/stm32l5xx_hal_cryp_ex.c ****          they should be used after Encrypt/Decrypt operation.
  85:../../Drivers/STM32L5xx_HAL_Driver/Src/stm32l5xx_hal_cryp_ex.c **** 
ARM GAS  /tmp/ccygXnJK.s 			page 3


  86:../../Drivers/STM32L5xx_HAL_Driver/Src/stm32l5xx_hal_cryp_ex.c **** @endverbatim
  87:../../Drivers/STM32L5xx_HAL_Driver/Src/stm32l5xx_hal_cryp_ex.c ****   * @{
  88:../../Drivers/STM32L5xx_HAL_Driver/Src/stm32l5xx_hal_cryp_ex.c ****   */
  89:../../Drivers/STM32L5xx_HAL_Driver/Src/stm32l5xx_hal_cryp_ex.c **** 
  90:../../Drivers/STM32L5xx_HAL_Driver/Src/stm32l5xx_hal_cryp_ex.c **** /**
  91:../../Drivers/STM32L5xx_HAL_Driver/Src/stm32l5xx_hal_cryp_ex.c ****   * @brief  generate the GCM authentication TAG.
  92:../../Drivers/STM32L5xx_HAL_Driver/Src/stm32l5xx_hal_cryp_ex.c ****   * @param  hcryp pointer to a CRYP_HandleTypeDef structure that contains
  93:../../Drivers/STM32L5xx_HAL_Driver/Src/stm32l5xx_hal_cryp_ex.c ****   *         the configuration information for CRYP module
  94:../../Drivers/STM32L5xx_HAL_Driver/Src/stm32l5xx_hal_cryp_ex.c ****   * @param  AuthTag Pointer to the authentication buffer
  95:../../Drivers/STM32L5xx_HAL_Driver/Src/stm32l5xx_hal_cryp_ex.c ****   * @param  Timeout Timeout duration
  96:../../Drivers/STM32L5xx_HAL_Driver/Src/stm32l5xx_hal_cryp_ex.c ****   * @retval HAL status
  97:../../Drivers/STM32L5xx_HAL_Driver/Src/stm32l5xx_hal_cryp_ex.c ****   */
  98:../../Drivers/STM32L5xx_HAL_Driver/Src/stm32l5xx_hal_cryp_ex.c **** HAL_StatusTypeDef HAL_CRYPEx_AESGCM_GenerateAuthTAG(CRYP_HandleTypeDef *hcryp, uint32_t *AuthTag, u
  99:../../Drivers/STM32L5xx_HAL_Driver/Src/stm32l5xx_hal_cryp_ex.c **** {
  31              		.loc 1 99 1 view -0
  32              		.cfi_startproc
  33              		@ args = 0, pretend = 0, frame = 0
  34              		@ frame_needed = 0, uses_anonymous_args = 0
  35              		.loc 1 99 1 is_stmt 0 view .LVU1
  36 0000 2DE9F041 		push	{r4, r5, r6, r7, r8, lr}
  37              	.LCFI0:
  38              		.cfi_def_cfa_offset 24
  39              		.cfi_offset 4, -24
  40              		.cfi_offset 5, -20
  41              		.cfi_offset 6, -16
  42              		.cfi_offset 7, -12
  43              		.cfi_offset 8, -8
  44              		.cfi_offset 14, -4
  45 0004 0446     		mov	r4, r0
  46 0006 0F46     		mov	r7, r1
  47 0008 1646     		mov	r6, r2
 100:../../Drivers/STM32L5xx_HAL_Driver/Src/stm32l5xx_hal_cryp_ex.c ****   uint32_t tickstart;
  48              		.loc 1 100 3 is_stmt 1 view .LVU2
 101:../../Drivers/STM32L5xx_HAL_Driver/Src/stm32l5xx_hal_cryp_ex.c ****   /* Assume first Init.HeaderSize is in words */
 102:../../Drivers/STM32L5xx_HAL_Driver/Src/stm32l5xx_hal_cryp_ex.c ****   uint64_t headerlength = (uint64_t)hcryp->Init.HeaderSize * 32U; /* Header length in bits */
  49              		.loc 1 102 3 view .LVU3
  50              		.loc 1 102 48 is_stmt 0 view .LVU4
  51 000a C369     		ldr	r3, [r0, #28]
  52              		.loc 1 102 12 view .LVU5
  53 000c D80E     		lsrs	r0, r3, #27
  54              	.LVL1:
  55              		.loc 1 102 12 view .LVU6
  56 000e 5B01     		lsls	r3, r3, #5
  57              	.LVL2:
 103:../../Drivers/STM32L5xx_HAL_Driver/Src/stm32l5xx_hal_cryp_ex.c ****   uint64_t inputlength = (uint64_t)hcryp->SizesSum * 8U; /* Input length in bits */
  58              		.loc 1 103 3 is_stmt 1 view .LVU7
  59              		.loc 1 103 41 is_stmt 0 view .LVU8
  60 0010 E26D     		ldr	r2, [r4, #92]
  61              	.LVL3:
  62              		.loc 1 103 12 view .LVU9
  63 0012 D100     		lsls	r1, r2, #3
  64              	.LVL4:
 104:../../Drivers/STM32L5xx_HAL_Driver/Src/stm32l5xx_hal_cryp_ex.c ****   uint32_t tagaddr = (uint32_t)AuthTag;
  65              		.loc 1 104 3 is_stmt 1 view .LVU10
 105:../../Drivers/STM32L5xx_HAL_Driver/Src/stm32l5xx_hal_cryp_ex.c **** 
 106:../../Drivers/STM32L5xx_HAL_Driver/Src/stm32l5xx_hal_cryp_ex.c ****   /* Correct headerlength if Init.HeaderSize is actually in bytes */
 107:../../Drivers/STM32L5xx_HAL_Driver/Src/stm32l5xx_hal_cryp_ex.c ****   if (hcryp->Init.HeaderWidthUnit == CRYP_HEADERWIDTHUNIT_BYTE)
ARM GAS  /tmp/ccygXnJK.s 			page 4


  66              		.loc 1 107 3 view .LVU11
  67              		.loc 1 107 18 is_stmt 0 view .LVU12
  68 0014 A26A     		ldr	r2, [r4, #40]
  69              	.LVL5:
  70              		.loc 1 107 6 view .LVU13
  71 0016 012A     		cmp	r2, #1
  72 0018 21D0     		beq	.L12
  73              	.LVL6:
  74              	.L2:
 108:../../Drivers/STM32L5xx_HAL_Driver/Src/stm32l5xx_hal_cryp_ex.c ****   {
 109:../../Drivers/STM32L5xx_HAL_Driver/Src/stm32l5xx_hal_cryp_ex.c ****     headerlength /= 4U;
 110:../../Drivers/STM32L5xx_HAL_Driver/Src/stm32l5xx_hal_cryp_ex.c ****   }
 111:../../Drivers/STM32L5xx_HAL_Driver/Src/stm32l5xx_hal_cryp_ex.c **** 
 112:../../Drivers/STM32L5xx_HAL_Driver/Src/stm32l5xx_hal_cryp_ex.c ****   if (hcryp->State == HAL_CRYP_STATE_READY)
  75              		.loc 1 112 3 is_stmt 1 view .LVU14
  76              		.loc 1 112 12 is_stmt 0 view .LVU15
  77 001a 94F85150 		ldrb	r5, [r4, #81]	@ zero_extendqisi2
  78 001e EDB2     		uxtb	r5, r5
  79              		.loc 1 112 6 view .LVU16
  80 0020 012D     		cmp	r5, #1
  81 0022 74D1     		bne	.L3
 113:../../Drivers/STM32L5xx_HAL_Driver/Src/stm32l5xx_hal_cryp_ex.c ****   {
 114:../../Drivers/STM32L5xx_HAL_Driver/Src/stm32l5xx_hal_cryp_ex.c ****     /* Process locked */
 115:../../Drivers/STM32L5xx_HAL_Driver/Src/stm32l5xx_hal_cryp_ex.c ****     __HAL_LOCK(hcryp);
  82              		.loc 1 115 5 is_stmt 1 view .LVU17
  83              		.loc 1 115 5 view .LVU18
  84 0024 94F85020 		ldrb	r2, [r4, #80]	@ zero_extendqisi2
  85 0028 012A     		cmp	r2, #1
  86 002a 78D0     		beq	.L10
  87              		.loc 1 115 5 discriminator 2 view .LVU19
  88 002c 0122     		movs	r2, #1
  89 002e 84F85020 		strb	r2, [r4, #80]
  90              		.loc 1 115 5 discriminator 2 view .LVU20
 116:../../Drivers/STM32L5xx_HAL_Driver/Src/stm32l5xx_hal_cryp_ex.c **** 
 117:../../Drivers/STM32L5xx_HAL_Driver/Src/stm32l5xx_hal_cryp_ex.c ****     /* Change the CRYP peripheral state */
 118:../../Drivers/STM32L5xx_HAL_Driver/Src/stm32l5xx_hal_cryp_ex.c ****     hcryp->State = HAL_CRYP_STATE_BUSY;
  91              		.loc 1 118 5 discriminator 2 view .LVU21
  92              		.loc 1 118 18 is_stmt 0 discriminator 2 view .LVU22
  93 0032 0222     		movs	r2, #2
  94 0034 84F85120 		strb	r2, [r4, #81]
 119:../../Drivers/STM32L5xx_HAL_Driver/Src/stm32l5xx_hal_cryp_ex.c **** 
 120:../../Drivers/STM32L5xx_HAL_Driver/Src/stm32l5xx_hal_cryp_ex.c ****     /* Check if initialization phase has already been performed */
 121:../../Drivers/STM32L5xx_HAL_Driver/Src/stm32l5xx_hal_cryp_ex.c ****     if (hcryp->Phase == CRYPEx_PHASE_PROCESS)
  95              		.loc 1 121 5 is_stmt 1 discriminator 2 view .LVU23
  96              		.loc 1 121 14 is_stmt 0 discriminator 2 view .LVU24
  97 0038 626C     		ldr	r2, [r4, #68]
  98              		.loc 1 121 8 discriminator 2 view .LVU25
  99 003a 022A     		cmp	r2, #2
 100 003c 13D0     		beq	.L13
 122:../../Drivers/STM32L5xx_HAL_Driver/Src/stm32l5xx_hal_cryp_ex.c ****     {
 123:../../Drivers/STM32L5xx_HAL_Driver/Src/stm32l5xx_hal_cryp_ex.c ****       /* Change the CRYP phase */
 124:../../Drivers/STM32L5xx_HAL_Driver/Src/stm32l5xx_hal_cryp_ex.c ****       hcryp->Phase = CRYPEx_PHASE_FINAL;
 125:../../Drivers/STM32L5xx_HAL_Driver/Src/stm32l5xx_hal_cryp_ex.c ****     }
 126:../../Drivers/STM32L5xx_HAL_Driver/Src/stm32l5xx_hal_cryp_ex.c ****     else /* Initialization phase has not been performed*/
 127:../../Drivers/STM32L5xx_HAL_Driver/Src/stm32l5xx_hal_cryp_ex.c ****     {
 128:../../Drivers/STM32L5xx_HAL_Driver/Src/stm32l5xx_hal_cryp_ex.c ****       /* Disable the Peripheral */
 129:../../Drivers/STM32L5xx_HAL_Driver/Src/stm32l5xx_hal_cryp_ex.c ****       __HAL_CRYP_DISABLE(hcryp);
ARM GAS  /tmp/ccygXnJK.s 			page 5


 101              		.loc 1 129 7 is_stmt 1 view .LVU26
 102 003e 2268     		ldr	r2, [r4]
 103 0040 1368     		ldr	r3, [r2]
 104              		.loc 1 129 7 is_stmt 0 view .LVU27
 105 0042 23F00103 		bic	r3, r3, #1
 106 0046 1360     		str	r3, [r2]
 107              	.LVL7:
 130:../../Drivers/STM32L5xx_HAL_Driver/Src/stm32l5xx_hal_cryp_ex.c **** 
 131:../../Drivers/STM32L5xx_HAL_Driver/Src/stm32l5xx_hal_cryp_ex.c ****       /* Sequence error code field */
 132:../../Drivers/STM32L5xx_HAL_Driver/Src/stm32l5xx_hal_cryp_ex.c ****       hcryp->ErrorCode |= HAL_CRYP_ERROR_AUTH_TAG_SEQUENCE;
 108              		.loc 1 132 7 is_stmt 1 view .LVU28
 109              		.loc 1 132 12 is_stmt 0 view .LVU29
 110 0048 636D     		ldr	r3, [r4, #84]
 111              		.loc 1 132 24 view .LVU30
 112 004a 43F04003 		orr	r3, r3, #64
 113 004e 6365     		str	r3, [r4, #84]
 133:../../Drivers/STM32L5xx_HAL_Driver/Src/stm32l5xx_hal_cryp_ex.c **** 
 134:../../Drivers/STM32L5xx_HAL_Driver/Src/stm32l5xx_hal_cryp_ex.c ****       /* Change the CRYP peripheral state */
 135:../../Drivers/STM32L5xx_HAL_Driver/Src/stm32l5xx_hal_cryp_ex.c ****       hcryp->State = HAL_CRYP_STATE_READY;
 114              		.loc 1 135 7 is_stmt 1 view .LVU31
 115              		.loc 1 135 20 is_stmt 0 view .LVU32
 116 0050 0123     		movs	r3, #1
 117 0052 84F85130 		strb	r3, [r4, #81]
 136:../../Drivers/STM32L5xx_HAL_Driver/Src/stm32l5xx_hal_cryp_ex.c **** 
 137:../../Drivers/STM32L5xx_HAL_Driver/Src/stm32l5xx_hal_cryp_ex.c ****       /* Process unlocked */
 138:../../Drivers/STM32L5xx_HAL_Driver/Src/stm32l5xx_hal_cryp_ex.c ****       __HAL_UNLOCK(hcryp);
 118              		.loc 1 138 7 is_stmt 1 view .LVU33
 119              		.loc 1 138 7 view .LVU34
 120 0056 0023     		movs	r3, #0
 121 0058 84F85030 		strb	r3, [r4, #80]
 122              		.loc 1 138 7 view .LVU35
 139:../../Drivers/STM32L5xx_HAL_Driver/Src/stm32l5xx_hal_cryp_ex.c ****       return HAL_ERROR;
 123              		.loc 1 139 7 view .LVU36
 124              		.loc 1 139 14 is_stmt 0 view .LVU37
 125 005c 5CE0     		b	.L4
 126              	.LVL8:
 127              	.L12:
 109:../../Drivers/STM32L5xx_HAL_Driver/Src/stm32l5xx_hal_cryp_ex.c ****   }
 128              		.loc 1 109 5 is_stmt 1 view .LVU38
 109:../../Drivers/STM32L5xx_HAL_Driver/Src/stm32l5xx_hal_cryp_ex.c ****   }
 129              		.loc 1 109 18 is_stmt 0 view .LVU39
 130 005e 9B08     		lsrs	r3, r3, #2
 131              	.LVL9:
 109:../../Drivers/STM32L5xx_HAL_Driver/Src/stm32l5xx_hal_cryp_ex.c ****   }
 132              		.loc 1 109 18 view .LVU40
 133 0060 43EA8073 		orr	r3, r3, r0, lsl #30
 134              	.LVL10:
 109:../../Drivers/STM32L5xx_HAL_Driver/Src/stm32l5xx_hal_cryp_ex.c ****   }
 135              		.loc 1 109 18 view .LVU41
 136 0064 D9E7     		b	.L2
 137              	.LVL11:
 138              	.L13:
 124:../../Drivers/STM32L5xx_HAL_Driver/Src/stm32l5xx_hal_cryp_ex.c ****     }
 139              		.loc 1 124 7 is_stmt 1 view .LVU42
 124:../../Drivers/STM32L5xx_HAL_Driver/Src/stm32l5xx_hal_cryp_ex.c ****     }
 140              		.loc 1 124 20 is_stmt 0 view .LVU43
 141 0066 0322     		movs	r2, #3
ARM GAS  /tmp/ccygXnJK.s 			page 6


 142 0068 6264     		str	r2, [r4, #68]
 140:../../Drivers/STM32L5xx_HAL_Driver/Src/stm32l5xx_hal_cryp_ex.c ****     }
 141:../../Drivers/STM32L5xx_HAL_Driver/Src/stm32l5xx_hal_cryp_ex.c **** 
 142:../../Drivers/STM32L5xx_HAL_Driver/Src/stm32l5xx_hal_cryp_ex.c ****     /* Select final phase */
 143:../../Drivers/STM32L5xx_HAL_Driver/Src/stm32l5xx_hal_cryp_ex.c ****     MODIFY_REG(hcryp->Instance->CR, AES_CR_GCMPH, CRYP_PHASE_FINAL);
 143              		.loc 1 143 5 is_stmt 1 view .LVU44
 144 006a 2068     		ldr	r0, [r4]
 145 006c 0268     		ldr	r2, [r0]
 146 006e 42F4C042 		orr	r2, r2, #24576
 147 0072 0260     		str	r2, [r0]
 148              	.LVL12:
 144:../../Drivers/STM32L5xx_HAL_Driver/Src/stm32l5xx_hal_cryp_ex.c **** 
 145:../../Drivers/STM32L5xx_HAL_Driver/Src/stm32l5xx_hal_cryp_ex.c ****     /* Set the encrypt operating mode*/
 146:../../Drivers/STM32L5xx_HAL_Driver/Src/stm32l5xx_hal_cryp_ex.c ****     MODIFY_REG(hcryp->Instance->CR, AES_CR_MODE, CRYP_OPERATINGMODE_ENCRYPT);
 149              		.loc 1 146 5 view .LVU45
 150 0074 2068     		ldr	r0, [r4]
 151 0076 0268     		ldr	r2, [r0]
 152 0078 22F01802 		bic	r2, r2, #24
 153 007c 0260     		str	r2, [r0]
 147:../../Drivers/STM32L5xx_HAL_Driver/Src/stm32l5xx_hal_cryp_ex.c **** 
 148:../../Drivers/STM32L5xx_HAL_Driver/Src/stm32l5xx_hal_cryp_ex.c ****     /*TinyAES peripheral from V3.1.1 : data has to be inserted normally (no swapping)*/
 149:../../Drivers/STM32L5xx_HAL_Driver/Src/stm32l5xx_hal_cryp_ex.c ****     /* Write into the AES_DINR register the number of bits in header (64 bits)
 150:../../Drivers/STM32L5xx_HAL_Driver/Src/stm32l5xx_hal_cryp_ex.c ****     followed by the number of bits in the payload */
 151:../../Drivers/STM32L5xx_HAL_Driver/Src/stm32l5xx_hal_cryp_ex.c **** 
 152:../../Drivers/STM32L5xx_HAL_Driver/Src/stm32l5xx_hal_cryp_ex.c ****     hcryp->Instance->DINR = 0U;
 154              		.loc 1 152 5 view .LVU46
 155              		.loc 1 152 10 is_stmt 0 view .LVU47
 156 007e 2068     		ldr	r0, [r4]
 157              		.loc 1 152 27 view .LVU48
 158 0080 0022     		movs	r2, #0
 159 0082 8260     		str	r2, [r0, #8]
 153:../../Drivers/STM32L5xx_HAL_Driver/Src/stm32l5xx_hal_cryp_ex.c ****     hcryp->Instance->DINR = (uint32_t)(headerlength);
 160              		.loc 1 153 5 is_stmt 1 view .LVU49
 161              		.loc 1 153 10 is_stmt 0 view .LVU50
 162 0084 2068     		ldr	r0, [r4]
 163              		.loc 1 153 27 view .LVU51
 164 0086 8360     		str	r3, [r0, #8]
 154:../../Drivers/STM32L5xx_HAL_Driver/Src/stm32l5xx_hal_cryp_ex.c ****     hcryp->Instance->DINR = 0U;
 165              		.loc 1 154 5 is_stmt 1 view .LVU52
 166              		.loc 1 154 10 is_stmt 0 view .LVU53
 167 0088 2368     		ldr	r3, [r4]
 168              		.loc 1 154 27 view .LVU54
 169 008a 9A60     		str	r2, [r3, #8]
 155:../../Drivers/STM32L5xx_HAL_Driver/Src/stm32l5xx_hal_cryp_ex.c ****     hcryp->Instance->DINR = (uint32_t)(inputlength);
 170              		.loc 1 155 5 is_stmt 1 view .LVU55
 171              		.loc 1 155 10 is_stmt 0 view .LVU56
 172 008c 2368     		ldr	r3, [r4]
 173              		.loc 1 155 27 view .LVU57
 174 008e 9960     		str	r1, [r3, #8]
 156:../../Drivers/STM32L5xx_HAL_Driver/Src/stm32l5xx_hal_cryp_ex.c **** 
 157:../../Drivers/STM32L5xx_HAL_Driver/Src/stm32l5xx_hal_cryp_ex.c ****     /* Wait for CCF flag to be raised */
 158:../../Drivers/STM32L5xx_HAL_Driver/Src/stm32l5xx_hal_cryp_ex.c ****     tickstart = HAL_GetTick();
 175              		.loc 1 158 5 is_stmt 1 view .LVU58
 176              		.loc 1 158 17 is_stmt 0 view .LVU59
 177 0090 FFF7FEFF 		bl	HAL_GetTick
 178              	.LVL13:
 179              		.loc 1 158 17 view .LVU60
ARM GAS  /tmp/ccygXnJK.s 			page 7


 180 0094 8046     		mov	r8, r0
 181              	.LVL14:
 159:../../Drivers/STM32L5xx_HAL_Driver/Src/stm32l5xx_hal_cryp_ex.c ****     while (HAL_IS_BIT_CLR(hcryp->Instance->SR, AES_SR_CCF))
 182              		.loc 1 159 5 is_stmt 1 view .LVU61
 183              	.L7:
 184              		.loc 1 159 12 view .LVU62
 185 0096 2368     		ldr	r3, [r4]
 186 0098 5A68     		ldr	r2, [r3, #4]
 187 009a 12F0010F 		tst	r2, #1
 188 009e 1AD1     		bne	.L14
 160:../../Drivers/STM32L5xx_HAL_Driver/Src/stm32l5xx_hal_cryp_ex.c ****     {
 161:../../Drivers/STM32L5xx_HAL_Driver/Src/stm32l5xx_hal_cryp_ex.c ****       /* Check for the Timeout */
 162:../../Drivers/STM32L5xx_HAL_Driver/Src/stm32l5xx_hal_cryp_ex.c ****       if (Timeout != HAL_MAX_DELAY)
 189              		.loc 1 162 7 view .LVU63
 190              		.loc 1 162 10 is_stmt 0 view .LVU64
 191 00a0 B6F1FF3F 		cmp	r6, #-1
 192 00a4 F7D0     		beq	.L7
 163:../../Drivers/STM32L5xx_HAL_Driver/Src/stm32l5xx_hal_cryp_ex.c ****       {
 164:../../Drivers/STM32L5xx_HAL_Driver/Src/stm32l5xx_hal_cryp_ex.c ****         if (((HAL_GetTick() - tickstart) > Timeout) || (Timeout == 0U))
 193              		.loc 1 164 9 is_stmt 1 view .LVU65
 194              		.loc 1 164 15 is_stmt 0 view .LVU66
 195 00a6 FFF7FEFF 		bl	HAL_GetTick
 196              	.LVL15:
 197              		.loc 1 164 29 view .LVU67
 198 00aa A0EB0800 		sub	r0, r0, r8
 199              		.loc 1 164 12 view .LVU68
 200 00ae B042     		cmp	r0, r6
 201 00b0 01D8     		bhi	.L8
 202              		.loc 1 164 53 discriminator 1 view .LVU69
 203 00b2 002E     		cmp	r6, #0
 204 00b4 EFD1     		bne	.L7
 205              	.L8:
 165:../../Drivers/STM32L5xx_HAL_Driver/Src/stm32l5xx_hal_cryp_ex.c ****         {
 166:../../Drivers/STM32L5xx_HAL_Driver/Src/stm32l5xx_hal_cryp_ex.c ****           /* Disable the CRYP peripheral clock */
 167:../../Drivers/STM32L5xx_HAL_Driver/Src/stm32l5xx_hal_cryp_ex.c ****           __HAL_CRYP_DISABLE(hcryp);
 206              		.loc 1 167 11 is_stmt 1 view .LVU70
 207 00b6 2268     		ldr	r2, [r4]
 208 00b8 1368     		ldr	r3, [r2]
 209 00ba 23F00103 		bic	r3, r3, #1
 210 00be 1360     		str	r3, [r2]
 168:../../Drivers/STM32L5xx_HAL_Driver/Src/stm32l5xx_hal_cryp_ex.c **** 
 169:../../Drivers/STM32L5xx_HAL_Driver/Src/stm32l5xx_hal_cryp_ex.c ****           /* Change state */
 170:../../Drivers/STM32L5xx_HAL_Driver/Src/stm32l5xx_hal_cryp_ex.c ****           hcryp->ErrorCode |= HAL_CRYP_ERROR_TIMEOUT;
 211              		.loc 1 170 11 view .LVU71
 212              		.loc 1 170 16 is_stmt 0 view .LVU72
 213 00c0 636D     		ldr	r3, [r4, #84]
 214              		.loc 1 170 28 view .LVU73
 215 00c2 43F01003 		orr	r3, r3, #16
 216 00c6 6365     		str	r3, [r4, #84]
 171:../../Drivers/STM32L5xx_HAL_Driver/Src/stm32l5xx_hal_cryp_ex.c ****           hcryp->State = HAL_CRYP_STATE_READY;
 217              		.loc 1 171 11 is_stmt 1 view .LVU74
 218              		.loc 1 171 24 is_stmt 0 view .LVU75
 219 00c8 0123     		movs	r3, #1
 220 00ca 84F85130 		strb	r3, [r4, #81]
 172:../../Drivers/STM32L5xx_HAL_Driver/Src/stm32l5xx_hal_cryp_ex.c **** 
 173:../../Drivers/STM32L5xx_HAL_Driver/Src/stm32l5xx_hal_cryp_ex.c ****           /* Process unlocked */
 174:../../Drivers/STM32L5xx_HAL_Driver/Src/stm32l5xx_hal_cryp_ex.c ****           __HAL_UNLOCK(hcryp);
ARM GAS  /tmp/ccygXnJK.s 			page 8


 221              		.loc 1 174 11 is_stmt 1 view .LVU76
 222              		.loc 1 174 11 view .LVU77
 223 00ce 0023     		movs	r3, #0
 224 00d0 84F85030 		strb	r3, [r4, #80]
 225              		.loc 1 174 11 view .LVU78
 175:../../Drivers/STM32L5xx_HAL_Driver/Src/stm32l5xx_hal_cryp_ex.c ****           return HAL_ERROR;
 226              		.loc 1 175 11 view .LVU79
 227              		.loc 1 175 18 is_stmt 0 view .LVU80
 228 00d4 20E0     		b	.L4
 229              	.L14:
 176:../../Drivers/STM32L5xx_HAL_Driver/Src/stm32l5xx_hal_cryp_ex.c ****         }
 177:../../Drivers/STM32L5xx_HAL_Driver/Src/stm32l5xx_hal_cryp_ex.c ****       }
 178:../../Drivers/STM32L5xx_HAL_Driver/Src/stm32l5xx_hal_cryp_ex.c ****     }
 179:../../Drivers/STM32L5xx_HAL_Driver/Src/stm32l5xx_hal_cryp_ex.c **** 
 180:../../Drivers/STM32L5xx_HAL_Driver/Src/stm32l5xx_hal_cryp_ex.c ****     /* Read the authentication TAG in the output FIFO */
 181:../../Drivers/STM32L5xx_HAL_Driver/Src/stm32l5xx_hal_cryp_ex.c ****     *(uint32_t *)(tagaddr) = hcryp->Instance->DOUTR;
 230              		.loc 1 181 5 is_stmt 1 view .LVU81
 231              		.loc 1 181 45 is_stmt 0 view .LVU82
 232 00d6 DB68     		ldr	r3, [r3, #12]
 233              		.loc 1 181 28 view .LVU83
 234 00d8 3B60     		str	r3, [r7]
 182:../../Drivers/STM32L5xx_HAL_Driver/Src/stm32l5xx_hal_cryp_ex.c ****     tagaddr += 4U;
 235              		.loc 1 182 5 is_stmt 1 view .LVU84
 236              	.LVL16:
 183:../../Drivers/STM32L5xx_HAL_Driver/Src/stm32l5xx_hal_cryp_ex.c ****     *(uint32_t *)(tagaddr) = hcryp->Instance->DOUTR;
 237              		.loc 1 183 5 view .LVU85
 238              		.loc 1 183 35 is_stmt 0 view .LVU86
 239 00da 2368     		ldr	r3, [r4]
 240              		.loc 1 183 45 view .LVU87
 241 00dc DB68     		ldr	r3, [r3, #12]
 242              		.loc 1 183 28 view .LVU88
 243 00de 7B60     		str	r3, [r7, #4]
 184:../../Drivers/STM32L5xx_HAL_Driver/Src/stm32l5xx_hal_cryp_ex.c ****     tagaddr += 4U;
 244              		.loc 1 184 5 is_stmt 1 view .LVU89
 245              	.LVL17:
 185:../../Drivers/STM32L5xx_HAL_Driver/Src/stm32l5xx_hal_cryp_ex.c ****     *(uint32_t *)(tagaddr) = hcryp->Instance->DOUTR;
 246              		.loc 1 185 5 view .LVU90
 247              		.loc 1 185 35 is_stmt 0 view .LVU91
 248 00e0 2368     		ldr	r3, [r4]
 249              		.loc 1 185 45 view .LVU92
 250 00e2 DB68     		ldr	r3, [r3, #12]
 251              		.loc 1 185 28 view .LVU93
 252 00e4 BB60     		str	r3, [r7, #8]
 186:../../Drivers/STM32L5xx_HAL_Driver/Src/stm32l5xx_hal_cryp_ex.c ****     tagaddr += 4U;
 253              		.loc 1 186 5 is_stmt 1 view .LVU94
 254              	.LVL18:
 187:../../Drivers/STM32L5xx_HAL_Driver/Src/stm32l5xx_hal_cryp_ex.c ****     *(uint32_t *)(tagaddr) = hcryp->Instance->DOUTR;
 255              		.loc 1 187 5 view .LVU95
 256              		.loc 1 187 35 is_stmt 0 view .LVU96
 257 00e6 2368     		ldr	r3, [r4]
 258              		.loc 1 187 45 view .LVU97
 259 00e8 DB68     		ldr	r3, [r3, #12]
 260              		.loc 1 187 28 view .LVU98
 261 00ea FB60     		str	r3, [r7, #12]
 188:../../Drivers/STM32L5xx_HAL_Driver/Src/stm32l5xx_hal_cryp_ex.c **** 
 189:../../Drivers/STM32L5xx_HAL_Driver/Src/stm32l5xx_hal_cryp_ex.c ****     /* Clear CCF flag */
 190:../../Drivers/STM32L5xx_HAL_Driver/Src/stm32l5xx_hal_cryp_ex.c ****     __HAL_CRYP_CLEAR_FLAG(hcryp, CRYP_CCF_CLEAR);
ARM GAS  /tmp/ccygXnJK.s 			page 9


 262              		.loc 1 190 5 is_stmt 1 view .LVU99
 263 00ec 2268     		ldr	r2, [r4]
 264 00ee 1368     		ldr	r3, [r2]
 265 00f0 43F08003 		orr	r3, r3, #128
 266 00f4 1360     		str	r3, [r2]
 191:../../Drivers/STM32L5xx_HAL_Driver/Src/stm32l5xx_hal_cryp_ex.c **** 
 192:../../Drivers/STM32L5xx_HAL_Driver/Src/stm32l5xx_hal_cryp_ex.c ****     /* Disable the peripheral */
 193:../../Drivers/STM32L5xx_HAL_Driver/Src/stm32l5xx_hal_cryp_ex.c ****     __HAL_CRYP_DISABLE(hcryp);
 267              		.loc 1 193 5 view .LVU100
 268 00f6 2268     		ldr	r2, [r4]
 269 00f8 1368     		ldr	r3, [r2]
 270 00fa 23F00103 		bic	r3, r3, #1
 271 00fe 1360     		str	r3, [r2]
 194:../../Drivers/STM32L5xx_HAL_Driver/Src/stm32l5xx_hal_cryp_ex.c **** 
 195:../../Drivers/STM32L5xx_HAL_Driver/Src/stm32l5xx_hal_cryp_ex.c ****     /* Change the CRYP peripheral state */
 196:../../Drivers/STM32L5xx_HAL_Driver/Src/stm32l5xx_hal_cryp_ex.c ****     hcryp->State = HAL_CRYP_STATE_READY;
 272              		.loc 1 196 5 view .LVU101
 273              		.loc 1 196 18 is_stmt 0 view .LVU102
 274 0100 0123     		movs	r3, #1
 275 0102 84F85130 		strb	r3, [r4, #81]
 197:../../Drivers/STM32L5xx_HAL_Driver/Src/stm32l5xx_hal_cryp_ex.c **** 
 198:../../Drivers/STM32L5xx_HAL_Driver/Src/stm32l5xx_hal_cryp_ex.c ****     /* Process unlocked */
 199:../../Drivers/STM32L5xx_HAL_Driver/Src/stm32l5xx_hal_cryp_ex.c ****     __HAL_UNLOCK(hcryp);
 276              		.loc 1 199 5 is_stmt 1 view .LVU103
 277              		.loc 1 199 5 view .LVU104
 278 0106 0025     		movs	r5, #0
 279 0108 84F85050 		strb	r5, [r4, #80]
 280              		.loc 1 199 5 view .LVU105
 200:../../Drivers/STM32L5xx_HAL_Driver/Src/stm32l5xx_hal_cryp_ex.c ****   }
 201:../../Drivers/STM32L5xx_HAL_Driver/Src/stm32l5xx_hal_cryp_ex.c ****   else
 202:../../Drivers/STM32L5xx_HAL_Driver/Src/stm32l5xx_hal_cryp_ex.c ****   {
 203:../../Drivers/STM32L5xx_HAL_Driver/Src/stm32l5xx_hal_cryp_ex.c ****     /* Busy error code field */
 204:../../Drivers/STM32L5xx_HAL_Driver/Src/stm32l5xx_hal_cryp_ex.c ****     hcryp->ErrorCode |= HAL_CRYP_ERROR_BUSY;
 205:../../Drivers/STM32L5xx_HAL_Driver/Src/stm32l5xx_hal_cryp_ex.c ****     return HAL_ERROR;
 206:../../Drivers/STM32L5xx_HAL_Driver/Src/stm32l5xx_hal_cryp_ex.c ****   }
 207:../../Drivers/STM32L5xx_HAL_Driver/Src/stm32l5xx_hal_cryp_ex.c ****   /* Return function status */
 208:../../Drivers/STM32L5xx_HAL_Driver/Src/stm32l5xx_hal_cryp_ex.c ****   return HAL_OK;
 281              		.loc 1 208 3 view .LVU106
 282              		.loc 1 208 10 is_stmt 0 view .LVU107
 283 010c 04E0     		b	.L4
 284              	.LVL19:
 285              	.L3:
 204:../../Drivers/STM32L5xx_HAL_Driver/Src/stm32l5xx_hal_cryp_ex.c ****     return HAL_ERROR;
 286              		.loc 1 204 5 is_stmt 1 view .LVU108
 204:../../Drivers/STM32L5xx_HAL_Driver/Src/stm32l5xx_hal_cryp_ex.c ****     return HAL_ERROR;
 287              		.loc 1 204 10 is_stmt 0 view .LVU109
 288 010e 636D     		ldr	r3, [r4, #84]
 204:../../Drivers/STM32L5xx_HAL_Driver/Src/stm32l5xx_hal_cryp_ex.c ****     return HAL_ERROR;
 289              		.loc 1 204 22 view .LVU110
 290 0110 43F00803 		orr	r3, r3, #8
 291 0114 6365     		str	r3, [r4, #84]
 205:../../Drivers/STM32L5xx_HAL_Driver/Src/stm32l5xx_hal_cryp_ex.c ****   }
 292              		.loc 1 205 5 is_stmt 1 view .LVU111
 205:../../Drivers/STM32L5xx_HAL_Driver/Src/stm32l5xx_hal_cryp_ex.c ****   }
 293              		.loc 1 205 12 is_stmt 0 view .LVU112
 294 0116 0125     		movs	r5, #1
 295              	.LVL20:
ARM GAS  /tmp/ccygXnJK.s 			page 10


 296              	.L4:
 209:../../Drivers/STM32L5xx_HAL_Driver/Src/stm32l5xx_hal_cryp_ex.c **** }
 297              		.loc 1 209 1 view .LVU113
 298 0118 2846     		mov	r0, r5
 299 011a BDE8F081 		pop	{r4, r5, r6, r7, r8, pc}
 300              	.LVL21:
 301              	.L10:
 115:../../Drivers/STM32L5xx_HAL_Driver/Src/stm32l5xx_hal_cryp_ex.c **** 
 302              		.loc 1 115 5 view .LVU114
 303 011e 0225     		movs	r5, #2
 304 0120 FAE7     		b	.L4
 305              		.cfi_endproc
 306              	.LFE202:
 308              		.section	.text.HAL_CRYPEx_AESCCM_GenerateAuthTAG,"ax",%progbits
 309              		.align	1
 310              		.global	HAL_CRYPEx_AESCCM_GenerateAuthTAG
 311              		.syntax unified
 312              		.thumb
 313              		.thumb_func
 315              	HAL_CRYPEx_AESCCM_GenerateAuthTAG:
 316              	.LVL22:
 317              	.LFB203:
 210:../../Drivers/STM32L5xx_HAL_Driver/Src/stm32l5xx_hal_cryp_ex.c **** 
 211:../../Drivers/STM32L5xx_HAL_Driver/Src/stm32l5xx_hal_cryp_ex.c **** /**
 212:../../Drivers/STM32L5xx_HAL_Driver/Src/stm32l5xx_hal_cryp_ex.c ****   * @brief  AES CCM Authentication TAG generation.
 213:../../Drivers/STM32L5xx_HAL_Driver/Src/stm32l5xx_hal_cryp_ex.c ****   * @param  hcryp pointer to a CRYP_HandleTypeDef structure that contains
 214:../../Drivers/STM32L5xx_HAL_Driver/Src/stm32l5xx_hal_cryp_ex.c ****   *         the configuration information for CRYP module
 215:../../Drivers/STM32L5xx_HAL_Driver/Src/stm32l5xx_hal_cryp_ex.c ****   * @param  AuthTag Pointer to the authentication buffer
 216:../../Drivers/STM32L5xx_HAL_Driver/Src/stm32l5xx_hal_cryp_ex.c ****   * @param  Timeout Timeout duration
 217:../../Drivers/STM32L5xx_HAL_Driver/Src/stm32l5xx_hal_cryp_ex.c ****   * @retval HAL status
 218:../../Drivers/STM32L5xx_HAL_Driver/Src/stm32l5xx_hal_cryp_ex.c ****   */
 219:../../Drivers/STM32L5xx_HAL_Driver/Src/stm32l5xx_hal_cryp_ex.c **** HAL_StatusTypeDef HAL_CRYPEx_AESCCM_GenerateAuthTAG(CRYP_HandleTypeDef *hcryp, uint32_t *AuthTag, u
 220:../../Drivers/STM32L5xx_HAL_Driver/Src/stm32l5xx_hal_cryp_ex.c **** {
 318              		.loc 1 220 1 is_stmt 1 view -0
 319              		.cfi_startproc
 320              		@ args = 0, pretend = 0, frame = 0
 321              		@ frame_needed = 0, uses_anonymous_args = 0
 322              		.loc 1 220 1 is_stmt 0 view .LVU116
 323 0000 2DE9F843 		push	{r3, r4, r5, r6, r7, r8, r9, lr}
 324              	.LCFI1:
 325              		.cfi_def_cfa_offset 32
 326              		.cfi_offset 3, -32
 327              		.cfi_offset 4, -28
 328              		.cfi_offset 5, -24
 329              		.cfi_offset 6, -20
 330              		.cfi_offset 7, -16
 331              		.cfi_offset 8, -12
 332              		.cfi_offset 9, -8
 333              		.cfi_offset 14, -4
 334 0004 0446     		mov	r4, r0
 221:../../Drivers/STM32L5xx_HAL_Driver/Src/stm32l5xx_hal_cryp_ex.c ****   uint32_t tagaddr = (uint32_t)AuthTag;
 335              		.loc 1 221 3 is_stmt 1 view .LVU117
 336              	.LVL23:
 222:../../Drivers/STM32L5xx_HAL_Driver/Src/stm32l5xx_hal_cryp_ex.c ****   uint32_t tickstart;
 337              		.loc 1 222 3 view .LVU118
 223:../../Drivers/STM32L5xx_HAL_Driver/Src/stm32l5xx_hal_cryp_ex.c **** 
 224:../../Drivers/STM32L5xx_HAL_Driver/Src/stm32l5xx_hal_cryp_ex.c ****   if (hcryp->State == HAL_CRYP_STATE_READY)
ARM GAS  /tmp/ccygXnJK.s 			page 11


 338              		.loc 1 224 3 view .LVU119
 339              		.loc 1 224 12 is_stmt 0 view .LVU120
 340 0006 90F85150 		ldrb	r5, [r0, #81]	@ zero_extendqisi2
 341 000a EDB2     		uxtb	r5, r5
 342              		.loc 1 224 6 view .LVU121
 343 000c 012D     		cmp	r5, #1
 344 000e 72D1     		bne	.L16
 345 0010 8846     		mov	r8, r1
 346 0012 1746     		mov	r7, r2
 225:../../Drivers/STM32L5xx_HAL_Driver/Src/stm32l5xx_hal_cryp_ex.c ****   {
 226:../../Drivers/STM32L5xx_HAL_Driver/Src/stm32l5xx_hal_cryp_ex.c ****     /* Process locked */
 227:../../Drivers/STM32L5xx_HAL_Driver/Src/stm32l5xx_hal_cryp_ex.c ****     __HAL_LOCK(hcryp);
 347              		.loc 1 227 5 is_stmt 1 view .LVU122
 348              		.loc 1 227 5 view .LVU123
 349 0014 90F85030 		ldrb	r3, [r0, #80]	@ zero_extendqisi2
 350 0018 012B     		cmp	r3, #1
 351 001a 72D0     		beq	.L23
 352              		.loc 1 227 5 discriminator 2 view .LVU124
 353 001c 0123     		movs	r3, #1
 354 001e 80F85030 		strb	r3, [r0, #80]
 355              		.loc 1 227 5 discriminator 2 view .LVU125
 228:../../Drivers/STM32L5xx_HAL_Driver/Src/stm32l5xx_hal_cryp_ex.c **** 
 229:../../Drivers/STM32L5xx_HAL_Driver/Src/stm32l5xx_hal_cryp_ex.c ****     /* Disable interrupts in case they were kept enabled to proceed
 230:../../Drivers/STM32L5xx_HAL_Driver/Src/stm32l5xx_hal_cryp_ex.c ****        a single message in several iterations */
 231:../../Drivers/STM32L5xx_HAL_Driver/Src/stm32l5xx_hal_cryp_ex.c ****     __HAL_CRYP_DISABLE_IT(hcryp, CRYP_IT_CCFIE | CRYP_IT_ERRIE);
 356              		.loc 1 231 5 discriminator 2 view .LVU126
 357 0022 0268     		ldr	r2, [r0]
 358              	.LVL24:
 359              		.loc 1 231 5 is_stmt 0 discriminator 2 view .LVU127
 360 0024 1368     		ldr	r3, [r2]
 361 0026 23F4C063 		bic	r3, r3, #1536
 362 002a 1360     		str	r3, [r2]
 232:../../Drivers/STM32L5xx_HAL_Driver/Src/stm32l5xx_hal_cryp_ex.c **** 
 233:../../Drivers/STM32L5xx_HAL_Driver/Src/stm32l5xx_hal_cryp_ex.c ****     /* Change the CRYP peripheral state */
 234:../../Drivers/STM32L5xx_HAL_Driver/Src/stm32l5xx_hal_cryp_ex.c ****     hcryp->State = HAL_CRYP_STATE_BUSY;
 363              		.loc 1 234 5 is_stmt 1 discriminator 2 view .LVU128
 364              		.loc 1 234 18 is_stmt 0 discriminator 2 view .LVU129
 365 002c 0223     		movs	r3, #2
 366 002e 80F85130 		strb	r3, [r0, #81]
 235:../../Drivers/STM32L5xx_HAL_Driver/Src/stm32l5xx_hal_cryp_ex.c **** 
 236:../../Drivers/STM32L5xx_HAL_Driver/Src/stm32l5xx_hal_cryp_ex.c ****     /* Check if initialization phase has already been performed */
 237:../../Drivers/STM32L5xx_HAL_Driver/Src/stm32l5xx_hal_cryp_ex.c ****     if (hcryp->Phase == CRYPEx_PHASE_PROCESS)
 367              		.loc 1 237 5 is_stmt 1 discriminator 2 view .LVU130
 368              		.loc 1 237 14 is_stmt 0 discriminator 2 view .LVU131
 369 0032 436C     		ldr	r3, [r0, #68]
 370              		.loc 1 237 8 discriminator 2 view .LVU132
 371 0034 022B     		cmp	r3, #2
 372 0036 0FD0     		beq	.L25
 238:../../Drivers/STM32L5xx_HAL_Driver/Src/stm32l5xx_hal_cryp_ex.c ****     {
 239:../../Drivers/STM32L5xx_HAL_Driver/Src/stm32l5xx_hal_cryp_ex.c ****       /* Change the CRYP phase */
 240:../../Drivers/STM32L5xx_HAL_Driver/Src/stm32l5xx_hal_cryp_ex.c ****       hcryp->Phase = CRYPEx_PHASE_FINAL;
 241:../../Drivers/STM32L5xx_HAL_Driver/Src/stm32l5xx_hal_cryp_ex.c ****     }
 242:../../Drivers/STM32L5xx_HAL_Driver/Src/stm32l5xx_hal_cryp_ex.c ****     else /* Initialization phase has not been performed*/
 243:../../Drivers/STM32L5xx_HAL_Driver/Src/stm32l5xx_hal_cryp_ex.c ****     {
 244:../../Drivers/STM32L5xx_HAL_Driver/Src/stm32l5xx_hal_cryp_ex.c ****       /* Disable the peripheral */
 245:../../Drivers/STM32L5xx_HAL_Driver/Src/stm32l5xx_hal_cryp_ex.c ****       __HAL_CRYP_DISABLE(hcryp);
 373              		.loc 1 245 7 is_stmt 1 view .LVU133
ARM GAS  /tmp/ccygXnJK.s 			page 12


 374 0038 0268     		ldr	r2, [r0]
 375 003a 1368     		ldr	r3, [r2]
 376 003c 23F00103 		bic	r3, r3, #1
 377 0040 1360     		str	r3, [r2]
 246:../../Drivers/STM32L5xx_HAL_Driver/Src/stm32l5xx_hal_cryp_ex.c **** 
 247:../../Drivers/STM32L5xx_HAL_Driver/Src/stm32l5xx_hal_cryp_ex.c ****       /* Sequence error code field */
 248:../../Drivers/STM32L5xx_HAL_Driver/Src/stm32l5xx_hal_cryp_ex.c ****       hcryp->ErrorCode |= HAL_CRYP_ERROR_AUTH_TAG_SEQUENCE;
 378              		.loc 1 248 7 view .LVU134
 379              		.loc 1 248 12 is_stmt 0 view .LVU135
 380 0042 436D     		ldr	r3, [r0, #84]
 381              		.loc 1 248 24 view .LVU136
 382 0044 43F04003 		orr	r3, r3, #64
 383 0048 4365     		str	r3, [r0, #84]
 249:../../Drivers/STM32L5xx_HAL_Driver/Src/stm32l5xx_hal_cryp_ex.c **** 
 250:../../Drivers/STM32L5xx_HAL_Driver/Src/stm32l5xx_hal_cryp_ex.c ****       /* Change the CRYP peripheral state */
 251:../../Drivers/STM32L5xx_HAL_Driver/Src/stm32l5xx_hal_cryp_ex.c ****       hcryp->State = HAL_CRYP_STATE_READY;
 384              		.loc 1 251 7 is_stmt 1 view .LVU137
 385              		.loc 1 251 20 is_stmt 0 view .LVU138
 386 004a 0123     		movs	r3, #1
 387 004c 80F85130 		strb	r3, [r0, #81]
 252:../../Drivers/STM32L5xx_HAL_Driver/Src/stm32l5xx_hal_cryp_ex.c **** 
 253:../../Drivers/STM32L5xx_HAL_Driver/Src/stm32l5xx_hal_cryp_ex.c ****       /* Process unlocked */
 254:../../Drivers/STM32L5xx_HAL_Driver/Src/stm32l5xx_hal_cryp_ex.c ****       __HAL_UNLOCK(hcryp);
 388              		.loc 1 254 7 is_stmt 1 view .LVU139
 389              		.loc 1 254 7 view .LVU140
 390 0050 0023     		movs	r3, #0
 391 0052 80F85030 		strb	r3, [r0, #80]
 392              		.loc 1 254 7 view .LVU141
 255:../../Drivers/STM32L5xx_HAL_Driver/Src/stm32l5xx_hal_cryp_ex.c ****       return HAL_ERROR;
 393              		.loc 1 255 7 view .LVU142
 394              		.loc 1 255 14 is_stmt 0 view .LVU143
 395 0056 51E0     		b	.L17
 396              	.L25:
 240:../../Drivers/STM32L5xx_HAL_Driver/Src/stm32l5xx_hal_cryp_ex.c ****     }
 397              		.loc 1 240 7 is_stmt 1 view .LVU144
 240:../../Drivers/STM32L5xx_HAL_Driver/Src/stm32l5xx_hal_cryp_ex.c ****     }
 398              		.loc 1 240 20 is_stmt 0 view .LVU145
 399 0058 0323     		movs	r3, #3
 400 005a 4364     		str	r3, [r0, #68]
 256:../../Drivers/STM32L5xx_HAL_Driver/Src/stm32l5xx_hal_cryp_ex.c ****     }
 257:../../Drivers/STM32L5xx_HAL_Driver/Src/stm32l5xx_hal_cryp_ex.c ****     /* Select final phase */
 258:../../Drivers/STM32L5xx_HAL_Driver/Src/stm32l5xx_hal_cryp_ex.c ****     MODIFY_REG(hcryp->Instance->CR, AES_CR_GCMPH, CRYP_PHASE_FINAL);
 401              		.loc 1 258 5 is_stmt 1 view .LVU146
 402 005c 0268     		ldr	r2, [r0]
 403 005e 1368     		ldr	r3, [r2]
 404 0060 43F4C043 		orr	r3, r3, #24576
 405 0064 1360     		str	r3, [r2]
 259:../../Drivers/STM32L5xx_HAL_Driver/Src/stm32l5xx_hal_cryp_ex.c **** 
 260:../../Drivers/STM32L5xx_HAL_Driver/Src/stm32l5xx_hal_cryp_ex.c ****     /* Set encrypt  operating mode*/
 261:../../Drivers/STM32L5xx_HAL_Driver/Src/stm32l5xx_hal_cryp_ex.c ****     MODIFY_REG(hcryp->Instance->CR, AES_CR_MODE, CRYP_OPERATINGMODE_ENCRYPT);
 406              		.loc 1 261 5 view .LVU147
 407 0066 0268     		ldr	r2, [r0]
 408 0068 1368     		ldr	r3, [r2]
 409 006a 23F01803 		bic	r3, r3, #24
 410 006e 1360     		str	r3, [r2]
 262:../../Drivers/STM32L5xx_HAL_Driver/Src/stm32l5xx_hal_cryp_ex.c **** 
 263:../../Drivers/STM32L5xx_HAL_Driver/Src/stm32l5xx_hal_cryp_ex.c ****     /* Wait for CCF flag to be raised */
ARM GAS  /tmp/ccygXnJK.s 			page 13


 264:../../Drivers/STM32L5xx_HAL_Driver/Src/stm32l5xx_hal_cryp_ex.c ****     tickstart = HAL_GetTick();
 411              		.loc 1 264 5 view .LVU148
 412              		.loc 1 264 17 is_stmt 0 view .LVU149
 413 0070 FFF7FEFF 		bl	HAL_GetTick
 414              	.LVL25:
 415              		.loc 1 264 17 view .LVU150
 416 0074 8146     		mov	r9, r0
 417              	.LVL26:
 265:../../Drivers/STM32L5xx_HAL_Driver/Src/stm32l5xx_hal_cryp_ex.c ****     while (HAL_IS_BIT_CLR(hcryp->Instance->SR, AES_SR_CCF))
 418              		.loc 1 265 5 is_stmt 1 view .LVU151
 419              	.L20:
 420              		.loc 1 265 12 view .LVU152
 421 0076 2368     		ldr	r3, [r4]
 422 0078 5E68     		ldr	r6, [r3, #4]
 423 007a 16F0010F 		tst	r6, #1
 424 007e 1AD1     		bne	.L26
 266:../../Drivers/STM32L5xx_HAL_Driver/Src/stm32l5xx_hal_cryp_ex.c ****     {
 267:../../Drivers/STM32L5xx_HAL_Driver/Src/stm32l5xx_hal_cryp_ex.c ****       /* Check for the Timeout */
 268:../../Drivers/STM32L5xx_HAL_Driver/Src/stm32l5xx_hal_cryp_ex.c ****       if (Timeout != HAL_MAX_DELAY)
 425              		.loc 1 268 7 view .LVU153
 426              		.loc 1 268 10 is_stmt 0 view .LVU154
 427 0080 B7F1FF3F 		cmp	r7, #-1
 428 0084 F7D0     		beq	.L20
 269:../../Drivers/STM32L5xx_HAL_Driver/Src/stm32l5xx_hal_cryp_ex.c ****       {
 270:../../Drivers/STM32L5xx_HAL_Driver/Src/stm32l5xx_hal_cryp_ex.c ****         if (((HAL_GetTick() - tickstart) > Timeout) || (Timeout == 0U))
 429              		.loc 1 270 9 is_stmt 1 view .LVU155
 430              		.loc 1 270 15 is_stmt 0 view .LVU156
 431 0086 FFF7FEFF 		bl	HAL_GetTick
 432              	.LVL27:
 433              		.loc 1 270 29 view .LVU157
 434 008a A0EB0900 		sub	r0, r0, r9
 435              		.loc 1 270 12 view .LVU158
 436 008e B842     		cmp	r0, r7
 437 0090 01D8     		bhi	.L21
 438              		.loc 1 270 53 discriminator 1 view .LVU159
 439 0092 002F     		cmp	r7, #0
 440 0094 EFD1     		bne	.L20
 441              	.L21:
 271:../../Drivers/STM32L5xx_HAL_Driver/Src/stm32l5xx_hal_cryp_ex.c ****         {
 272:../../Drivers/STM32L5xx_HAL_Driver/Src/stm32l5xx_hal_cryp_ex.c ****           /* Disable the CRYP peripheral Clock */
 273:../../Drivers/STM32L5xx_HAL_Driver/Src/stm32l5xx_hal_cryp_ex.c ****           __HAL_CRYP_DISABLE(hcryp);
 442              		.loc 1 273 11 is_stmt 1 view .LVU160
 443 0096 2268     		ldr	r2, [r4]
 444 0098 1368     		ldr	r3, [r2]
 445 009a 23F00103 		bic	r3, r3, #1
 446 009e 1360     		str	r3, [r2]
 274:../../Drivers/STM32L5xx_HAL_Driver/Src/stm32l5xx_hal_cryp_ex.c **** 
 275:../../Drivers/STM32L5xx_HAL_Driver/Src/stm32l5xx_hal_cryp_ex.c ****           /* Change state */
 276:../../Drivers/STM32L5xx_HAL_Driver/Src/stm32l5xx_hal_cryp_ex.c ****           hcryp->ErrorCode |= HAL_CRYP_ERROR_TIMEOUT;
 447              		.loc 1 276 11 view .LVU161
 448              		.loc 1 276 16 is_stmt 0 view .LVU162
 449 00a0 636D     		ldr	r3, [r4, #84]
 450              		.loc 1 276 28 view .LVU163
 451 00a2 43F01003 		orr	r3, r3, #16
 452 00a6 6365     		str	r3, [r4, #84]
 277:../../Drivers/STM32L5xx_HAL_Driver/Src/stm32l5xx_hal_cryp_ex.c ****           hcryp->State = HAL_CRYP_STATE_READY;
 453              		.loc 1 277 11 is_stmt 1 view .LVU164
ARM GAS  /tmp/ccygXnJK.s 			page 14


 454              		.loc 1 277 24 is_stmt 0 view .LVU165
 455 00a8 0123     		movs	r3, #1
 456 00aa 84F85130 		strb	r3, [r4, #81]
 278:../../Drivers/STM32L5xx_HAL_Driver/Src/stm32l5xx_hal_cryp_ex.c **** 
 279:../../Drivers/STM32L5xx_HAL_Driver/Src/stm32l5xx_hal_cryp_ex.c ****           /* Process unlocked */
 280:../../Drivers/STM32L5xx_HAL_Driver/Src/stm32l5xx_hal_cryp_ex.c ****           __HAL_UNLOCK(hcryp);
 457              		.loc 1 280 11 is_stmt 1 view .LVU166
 458              		.loc 1 280 11 view .LVU167
 459 00ae 0023     		movs	r3, #0
 460 00b0 84F85030 		strb	r3, [r4, #80]
 461              		.loc 1 280 11 view .LVU168
 281:../../Drivers/STM32L5xx_HAL_Driver/Src/stm32l5xx_hal_cryp_ex.c ****           return HAL_ERROR;
 462              		.loc 1 281 11 view .LVU169
 463              		.loc 1 281 18 is_stmt 0 view .LVU170
 464 00b4 22E0     		b	.L17
 465              	.L26:
 282:../../Drivers/STM32L5xx_HAL_Driver/Src/stm32l5xx_hal_cryp_ex.c ****         }
 283:../../Drivers/STM32L5xx_HAL_Driver/Src/stm32l5xx_hal_cryp_ex.c ****       }
 284:../../Drivers/STM32L5xx_HAL_Driver/Src/stm32l5xx_hal_cryp_ex.c ****     }
 285:../../Drivers/STM32L5xx_HAL_Driver/Src/stm32l5xx_hal_cryp_ex.c **** 
 286:../../Drivers/STM32L5xx_HAL_Driver/Src/stm32l5xx_hal_cryp_ex.c ****     /* Read the authentication TAG in the output FIFO */
 287:../../Drivers/STM32L5xx_HAL_Driver/Src/stm32l5xx_hal_cryp_ex.c ****     *(uint32_t *)(tagaddr) = hcryp->Instance->DOUTR;
 466              		.loc 1 287 5 is_stmt 1 view .LVU171
 467              		.loc 1 287 45 is_stmt 0 view .LVU172
 468 00b6 DB68     		ldr	r3, [r3, #12]
 469              		.loc 1 287 28 view .LVU173
 470 00b8 C8F80030 		str	r3, [r8]
 288:../../Drivers/STM32L5xx_HAL_Driver/Src/stm32l5xx_hal_cryp_ex.c ****     tagaddr += 4U;
 471              		.loc 1 288 5 is_stmt 1 view .LVU174
 472              	.LVL28:
 289:../../Drivers/STM32L5xx_HAL_Driver/Src/stm32l5xx_hal_cryp_ex.c ****     *(uint32_t *)(tagaddr) = hcryp->Instance->DOUTR;
 473              		.loc 1 289 5 view .LVU175
 474              		.loc 1 289 35 is_stmt 0 view .LVU176
 475 00bc 2368     		ldr	r3, [r4]
 476              		.loc 1 289 45 view .LVU177
 477 00be DB68     		ldr	r3, [r3, #12]
 478              		.loc 1 289 28 view .LVU178
 479 00c0 C8F80430 		str	r3, [r8, #4]
 290:../../Drivers/STM32L5xx_HAL_Driver/Src/stm32l5xx_hal_cryp_ex.c ****     tagaddr += 4U;
 480              		.loc 1 290 5 is_stmt 1 view .LVU179
 481              	.LVL29:
 291:../../Drivers/STM32L5xx_HAL_Driver/Src/stm32l5xx_hal_cryp_ex.c ****     *(uint32_t *)(tagaddr) = hcryp->Instance->DOUTR;
 482              		.loc 1 291 5 view .LVU180
 483              		.loc 1 291 35 is_stmt 0 view .LVU181
 484 00c4 2368     		ldr	r3, [r4]
 485              		.loc 1 291 45 view .LVU182
 486 00c6 DB68     		ldr	r3, [r3, #12]
 487              		.loc 1 291 28 view .LVU183
 488 00c8 C8F80830 		str	r3, [r8, #8]
 292:../../Drivers/STM32L5xx_HAL_Driver/Src/stm32l5xx_hal_cryp_ex.c ****     tagaddr += 4U;
 489              		.loc 1 292 5 is_stmt 1 view .LVU184
 490              	.LVL30:
 293:../../Drivers/STM32L5xx_HAL_Driver/Src/stm32l5xx_hal_cryp_ex.c ****     *(uint32_t *)(tagaddr) = hcryp->Instance->DOUTR;
 491              		.loc 1 293 5 view .LVU185
 492              		.loc 1 293 35 is_stmt 0 view .LVU186
 493 00cc 2368     		ldr	r3, [r4]
 494              		.loc 1 293 45 view .LVU187
ARM GAS  /tmp/ccygXnJK.s 			page 15


 495 00ce DB68     		ldr	r3, [r3, #12]
 496              		.loc 1 293 28 view .LVU188
 497 00d0 C8F80C30 		str	r3, [r8, #12]
 294:../../Drivers/STM32L5xx_HAL_Driver/Src/stm32l5xx_hal_cryp_ex.c **** 
 295:../../Drivers/STM32L5xx_HAL_Driver/Src/stm32l5xx_hal_cryp_ex.c ****     /* Clear CCF Flag */
 296:../../Drivers/STM32L5xx_HAL_Driver/Src/stm32l5xx_hal_cryp_ex.c ****     __HAL_CRYP_CLEAR_FLAG(hcryp, CRYP_CCF_CLEAR);
 498              		.loc 1 296 5 is_stmt 1 view .LVU189
 499 00d4 2268     		ldr	r2, [r4]
 500 00d6 1368     		ldr	r3, [r2]
 501 00d8 43F08003 		orr	r3, r3, #128
 502 00dc 1360     		str	r3, [r2]
 297:../../Drivers/STM32L5xx_HAL_Driver/Src/stm32l5xx_hal_cryp_ex.c **** 
 298:../../Drivers/STM32L5xx_HAL_Driver/Src/stm32l5xx_hal_cryp_ex.c **** 
 299:../../Drivers/STM32L5xx_HAL_Driver/Src/stm32l5xx_hal_cryp_ex.c ****     /* Change the CRYP peripheral state */
 300:../../Drivers/STM32L5xx_HAL_Driver/Src/stm32l5xx_hal_cryp_ex.c ****     hcryp->State = HAL_CRYP_STATE_READY;
 503              		.loc 1 300 5 view .LVU190
 504              		.loc 1 300 18 is_stmt 0 view .LVU191
 505 00de 0123     		movs	r3, #1
 506 00e0 84F85130 		strb	r3, [r4, #81]
 301:../../Drivers/STM32L5xx_HAL_Driver/Src/stm32l5xx_hal_cryp_ex.c **** 
 302:../../Drivers/STM32L5xx_HAL_Driver/Src/stm32l5xx_hal_cryp_ex.c ****     /* Process unlocked */
 303:../../Drivers/STM32L5xx_HAL_Driver/Src/stm32l5xx_hal_cryp_ex.c ****     __HAL_UNLOCK(hcryp);
 507              		.loc 1 303 5 is_stmt 1 view .LVU192
 508              		.loc 1 303 5 view .LVU193
 509 00e4 0025     		movs	r5, #0
 510 00e6 84F85050 		strb	r5, [r4, #80]
 511              		.loc 1 303 5 view .LVU194
 304:../../Drivers/STM32L5xx_HAL_Driver/Src/stm32l5xx_hal_cryp_ex.c **** 
 305:../../Drivers/STM32L5xx_HAL_Driver/Src/stm32l5xx_hal_cryp_ex.c ****     /* Disable CRYP  */
 306:../../Drivers/STM32L5xx_HAL_Driver/Src/stm32l5xx_hal_cryp_ex.c ****     __HAL_CRYP_DISABLE(hcryp);
 512              		.loc 1 306 5 view .LVU195
 513 00ea 2268     		ldr	r2, [r4]
 514 00ec 1368     		ldr	r3, [r2]
 515 00ee 23F00103 		bic	r3, r3, #1
 516 00f2 1360     		str	r3, [r2]
 307:../../Drivers/STM32L5xx_HAL_Driver/Src/stm32l5xx_hal_cryp_ex.c ****   }
 308:../../Drivers/STM32L5xx_HAL_Driver/Src/stm32l5xx_hal_cryp_ex.c ****   else
 309:../../Drivers/STM32L5xx_HAL_Driver/Src/stm32l5xx_hal_cryp_ex.c ****   {
 310:../../Drivers/STM32L5xx_HAL_Driver/Src/stm32l5xx_hal_cryp_ex.c ****     /* Busy error code field */
 311:../../Drivers/STM32L5xx_HAL_Driver/Src/stm32l5xx_hal_cryp_ex.c ****     hcryp->ErrorCode = HAL_CRYP_ERROR_BUSY;
 312:../../Drivers/STM32L5xx_HAL_Driver/Src/stm32l5xx_hal_cryp_ex.c ****     return HAL_ERROR;
 313:../../Drivers/STM32L5xx_HAL_Driver/Src/stm32l5xx_hal_cryp_ex.c ****   }
 314:../../Drivers/STM32L5xx_HAL_Driver/Src/stm32l5xx_hal_cryp_ex.c ****   /* Return function status */
 315:../../Drivers/STM32L5xx_HAL_Driver/Src/stm32l5xx_hal_cryp_ex.c ****   return HAL_OK;
 517              		.loc 1 315 3 view .LVU196
 518              		.loc 1 315 10 is_stmt 0 view .LVU197
 519 00f4 02E0     		b	.L17
 520              	.LVL31:
 521              	.L16:
 311:../../Drivers/STM32L5xx_HAL_Driver/Src/stm32l5xx_hal_cryp_ex.c ****     return HAL_ERROR;
 522              		.loc 1 311 5 is_stmt 1 view .LVU198
 311:../../Drivers/STM32L5xx_HAL_Driver/Src/stm32l5xx_hal_cryp_ex.c ****     return HAL_ERROR;
 523              		.loc 1 311 22 is_stmt 0 view .LVU199
 524 00f6 0823     		movs	r3, #8
 525 00f8 4365     		str	r3, [r0, #84]
 312:../../Drivers/STM32L5xx_HAL_Driver/Src/stm32l5xx_hal_cryp_ex.c ****   }
 526              		.loc 1 312 5 is_stmt 1 view .LVU200
ARM GAS  /tmp/ccygXnJK.s 			page 16


 312:../../Drivers/STM32L5xx_HAL_Driver/Src/stm32l5xx_hal_cryp_ex.c ****   }
 527              		.loc 1 312 12 is_stmt 0 view .LVU201
 528 00fa 0125     		movs	r5, #1
 529              	.LVL32:
 530              	.L17:
 316:../../Drivers/STM32L5xx_HAL_Driver/Src/stm32l5xx_hal_cryp_ex.c **** }
 531              		.loc 1 316 1 view .LVU202
 532 00fc 2846     		mov	r0, r5
 533 00fe BDE8F883 		pop	{r3, r4, r5, r6, r7, r8, r9, pc}
 534              	.LVL33:
 535              	.L23:
 227:../../Drivers/STM32L5xx_HAL_Driver/Src/stm32l5xx_hal_cryp_ex.c **** 
 536              		.loc 1 227 5 view .LVU203
 537 0102 0225     		movs	r5, #2
 538 0104 FAE7     		b	.L17
 539              		.cfi_endproc
 540              	.LFE203:
 542              		.section	.text.HAL_CRYPEx_EnableAutoKeyDerivation,"ax",%progbits
 543              		.align	1
 544              		.global	HAL_CRYPEx_EnableAutoKeyDerivation
 545              		.syntax unified
 546              		.thumb
 547              		.thumb_func
 549              	HAL_CRYPEx_EnableAutoKeyDerivation:
 550              	.LVL34:
 551              	.LFB204:
 317:../../Drivers/STM32L5xx_HAL_Driver/Src/stm32l5xx_hal_cryp_ex.c **** 
 318:../../Drivers/STM32L5xx_HAL_Driver/Src/stm32l5xx_hal_cryp_ex.c **** /**
 319:../../Drivers/STM32L5xx_HAL_Driver/Src/stm32l5xx_hal_cryp_ex.c ****   * @}
 320:../../Drivers/STM32L5xx_HAL_Driver/Src/stm32l5xx_hal_cryp_ex.c ****   */
 321:../../Drivers/STM32L5xx_HAL_Driver/Src/stm32l5xx_hal_cryp_ex.c **** 
 322:../../Drivers/STM32L5xx_HAL_Driver/Src/stm32l5xx_hal_cryp_ex.c **** /** @defgroup CRYPEx_Exported_Functions_Group2 Extended AES Key Derivations functions
 323:../../Drivers/STM32L5xx_HAL_Driver/Src/stm32l5xx_hal_cryp_ex.c ****   * @brief   Extended Key Derivations functions.
 324:../../Drivers/STM32L5xx_HAL_Driver/Src/stm32l5xx_hal_cryp_ex.c ****   *
 325:../../Drivers/STM32L5xx_HAL_Driver/Src/stm32l5xx_hal_cryp_ex.c **** @verbatim
 326:../../Drivers/STM32L5xx_HAL_Driver/Src/stm32l5xx_hal_cryp_ex.c ****   ==============================================================================
 327:../../Drivers/STM32L5xx_HAL_Driver/Src/stm32l5xx_hal_cryp_ex.c ****               ##### Key Derivation functions #####
 328:../../Drivers/STM32L5xx_HAL_Driver/Src/stm32l5xx_hal_cryp_ex.c ****   ==============================================================================
 329:../../Drivers/STM32L5xx_HAL_Driver/Src/stm32l5xx_hal_cryp_ex.c ****     [..]  This section provides functions allowing to Enable or Disable the
 330:../../Drivers/STM32L5xx_HAL_Driver/Src/stm32l5xx_hal_cryp_ex.c ****           the AutoKeyDerivation parameter in CRYP_HandleTypeDef structure
 331:../../Drivers/STM32L5xx_HAL_Driver/Src/stm32l5xx_hal_cryp_ex.c ****           These function are allowed only in TinyAES peripheral.
 332:../../Drivers/STM32L5xx_HAL_Driver/Src/stm32l5xx_hal_cryp_ex.c **** @endverbatim
 333:../../Drivers/STM32L5xx_HAL_Driver/Src/stm32l5xx_hal_cryp_ex.c ****   * @{
 334:../../Drivers/STM32L5xx_HAL_Driver/Src/stm32l5xx_hal_cryp_ex.c ****   */
 335:../../Drivers/STM32L5xx_HAL_Driver/Src/stm32l5xx_hal_cryp_ex.c **** 
 336:../../Drivers/STM32L5xx_HAL_Driver/Src/stm32l5xx_hal_cryp_ex.c **** /**
 337:../../Drivers/STM32L5xx_HAL_Driver/Src/stm32l5xx_hal_cryp_ex.c ****   * @brief  AES enable key derivation functions
 338:../../Drivers/STM32L5xx_HAL_Driver/Src/stm32l5xx_hal_cryp_ex.c ****   * @param  hcryp pointer to a CRYP_HandleTypeDef structure.
 339:../../Drivers/STM32L5xx_HAL_Driver/Src/stm32l5xx_hal_cryp_ex.c ****   */
 340:../../Drivers/STM32L5xx_HAL_Driver/Src/stm32l5xx_hal_cryp_ex.c **** void  HAL_CRYPEx_EnableAutoKeyDerivation(CRYP_HandleTypeDef *hcryp)
 341:../../Drivers/STM32L5xx_HAL_Driver/Src/stm32l5xx_hal_cryp_ex.c **** {
 552              		.loc 1 341 1 is_stmt 1 view -0
 553              		.cfi_startproc
 554              		@ args = 0, pretend = 0, frame = 0
 555              		@ frame_needed = 0, uses_anonymous_args = 0
 556              		@ link register save eliminated.
 342:../../Drivers/STM32L5xx_HAL_Driver/Src/stm32l5xx_hal_cryp_ex.c ****   if (hcryp->State == HAL_CRYP_STATE_READY)
ARM GAS  /tmp/ccygXnJK.s 			page 17


 557              		.loc 1 342 3 view .LVU205
 558              		.loc 1 342 12 is_stmt 0 view .LVU206
 559 0000 90F85130 		ldrb	r3, [r0, #81]	@ zero_extendqisi2
 560 0004 DBB2     		uxtb	r3, r3
 561              		.loc 1 342 6 view .LVU207
 562 0006 012B     		cmp	r3, #1
 563 0008 02D0     		beq	.L30
 343:../../Drivers/STM32L5xx_HAL_Driver/Src/stm32l5xx_hal_cryp_ex.c ****   {
 344:../../Drivers/STM32L5xx_HAL_Driver/Src/stm32l5xx_hal_cryp_ex.c ****     hcryp->AutoKeyDerivation = ENABLE;
 345:../../Drivers/STM32L5xx_HAL_Driver/Src/stm32l5xx_hal_cryp_ex.c ****   }
 346:../../Drivers/STM32L5xx_HAL_Driver/Src/stm32l5xx_hal_cryp_ex.c ****   else
 347:../../Drivers/STM32L5xx_HAL_Driver/Src/stm32l5xx_hal_cryp_ex.c ****   {
 348:../../Drivers/STM32L5xx_HAL_Driver/Src/stm32l5xx_hal_cryp_ex.c ****     /* Busy error code field */
 349:../../Drivers/STM32L5xx_HAL_Driver/Src/stm32l5xx_hal_cryp_ex.c ****     hcryp->ErrorCode = HAL_CRYP_ERROR_BUSY;
 564              		.loc 1 349 5 is_stmt 1 view .LVU208
 565              		.loc 1 349 22 is_stmt 0 view .LVU209
 566 000a 0823     		movs	r3, #8
 567 000c 4365     		str	r3, [r0, #84]
 350:../../Drivers/STM32L5xx_HAL_Driver/Src/stm32l5xx_hal_cryp_ex.c ****   }
 351:../../Drivers/STM32L5xx_HAL_Driver/Src/stm32l5xx_hal_cryp_ex.c **** }
 568              		.loc 1 351 1 view .LVU210
 569 000e 7047     		bx	lr
 570              	.L30:
 344:../../Drivers/STM32L5xx_HAL_Driver/Src/stm32l5xx_hal_cryp_ex.c ****   }
 571              		.loc 1 344 5 is_stmt 1 view .LVU211
 344:../../Drivers/STM32L5xx_HAL_Driver/Src/stm32l5xx_hal_cryp_ex.c ****   }
 572              		.loc 1 344 30 is_stmt 0 view .LVU212
 573 0010 80F83030 		strb	r3, [r0, #48]
 574 0014 7047     		bx	lr
 575              		.cfi_endproc
 576              	.LFE204:
 578              		.section	.text.HAL_CRYPEx_DisableAutoKeyDerivation,"ax",%progbits
 579              		.align	1
 580              		.global	HAL_CRYPEx_DisableAutoKeyDerivation
 581              		.syntax unified
 582              		.thumb
 583              		.thumb_func
 585              	HAL_CRYPEx_DisableAutoKeyDerivation:
 586              	.LVL35:
 587              	.LFB205:
 352:../../Drivers/STM32L5xx_HAL_Driver/Src/stm32l5xx_hal_cryp_ex.c **** /**
 353:../../Drivers/STM32L5xx_HAL_Driver/Src/stm32l5xx_hal_cryp_ex.c ****   * @brief  AES disable key derivation functions
 354:../../Drivers/STM32L5xx_HAL_Driver/Src/stm32l5xx_hal_cryp_ex.c ****   * @param  hcryp pointer to a CRYP_HandleTypeDef structure.
 355:../../Drivers/STM32L5xx_HAL_Driver/Src/stm32l5xx_hal_cryp_ex.c ****   */
 356:../../Drivers/STM32L5xx_HAL_Driver/Src/stm32l5xx_hal_cryp_ex.c **** void  HAL_CRYPEx_DisableAutoKeyDerivation(CRYP_HandleTypeDef *hcryp)
 357:../../Drivers/STM32L5xx_HAL_Driver/Src/stm32l5xx_hal_cryp_ex.c **** {
 588              		.loc 1 357 1 is_stmt 1 view -0
 589              		.cfi_startproc
 590              		@ args = 0, pretend = 0, frame = 0
 591              		@ frame_needed = 0, uses_anonymous_args = 0
 592              		@ link register save eliminated.
 358:../../Drivers/STM32L5xx_HAL_Driver/Src/stm32l5xx_hal_cryp_ex.c ****   if (hcryp->State == HAL_CRYP_STATE_READY)
 593              		.loc 1 358 3 view .LVU214
 594              		.loc 1 358 12 is_stmt 0 view .LVU215
 595 0000 90F85130 		ldrb	r3, [r0, #81]	@ zero_extendqisi2
 596 0004 DBB2     		uxtb	r3, r3
 597              		.loc 1 358 6 view .LVU216
ARM GAS  /tmp/ccygXnJK.s 			page 18


 598 0006 012B     		cmp	r3, #1
 599 0008 02D0     		beq	.L34
 359:../../Drivers/STM32L5xx_HAL_Driver/Src/stm32l5xx_hal_cryp_ex.c ****   {
 360:../../Drivers/STM32L5xx_HAL_Driver/Src/stm32l5xx_hal_cryp_ex.c ****     hcryp->AutoKeyDerivation = DISABLE;
 361:../../Drivers/STM32L5xx_HAL_Driver/Src/stm32l5xx_hal_cryp_ex.c ****   }
 362:../../Drivers/STM32L5xx_HAL_Driver/Src/stm32l5xx_hal_cryp_ex.c ****   else
 363:../../Drivers/STM32L5xx_HAL_Driver/Src/stm32l5xx_hal_cryp_ex.c ****   {
 364:../../Drivers/STM32L5xx_HAL_Driver/Src/stm32l5xx_hal_cryp_ex.c ****     /* Busy error code field */
 365:../../Drivers/STM32L5xx_HAL_Driver/Src/stm32l5xx_hal_cryp_ex.c ****     hcryp->ErrorCode = HAL_CRYP_ERROR_BUSY;
 600              		.loc 1 365 5 is_stmt 1 view .LVU217
 601              		.loc 1 365 22 is_stmt 0 view .LVU218
 602 000a 0823     		movs	r3, #8
 603 000c 4365     		str	r3, [r0, #84]
 366:../../Drivers/STM32L5xx_HAL_Driver/Src/stm32l5xx_hal_cryp_ex.c ****   }
 367:../../Drivers/STM32L5xx_HAL_Driver/Src/stm32l5xx_hal_cryp_ex.c **** }
 604              		.loc 1 367 1 view .LVU219
 605 000e 7047     		bx	lr
 606              	.L34:
 360:../../Drivers/STM32L5xx_HAL_Driver/Src/stm32l5xx_hal_cryp_ex.c ****   }
 607              		.loc 1 360 5 is_stmt 1 view .LVU220
 360:../../Drivers/STM32L5xx_HAL_Driver/Src/stm32l5xx_hal_cryp_ex.c ****   }
 608              		.loc 1 360 30 is_stmt 0 view .LVU221
 609 0010 0023     		movs	r3, #0
 610 0012 80F83030 		strb	r3, [r0, #48]
 611 0016 7047     		bx	lr
 612              		.cfi_endproc
 613              	.LFE205:
 615              		.text
 616              	.Letext0:
 617              		.file 2 "/usr/lib/gcc/arm-none-eabi/12.2.1/include/stdint.h"
 618              		.file 3 "../../Drivers/CMSIS/Device/ST/STM32L5xx/Include/stm32l562xx.h"
 619              		.file 4 "../../Drivers/CMSIS/Device/ST/STM32L5xx/Include/stm32l5xx.h"
 620              		.file 5 "../../Drivers/STM32L5xx_HAL_Driver/Inc/stm32l5xx_hal_def.h"
 621              		.file 6 "../../Drivers/STM32L5xx_HAL_Driver/Inc/stm32l5xx_hal_dma.h"
 622              		.file 7 "../../Drivers/STM32L5xx_HAL_Driver/Inc/stm32l5xx_hal_cryp.h"
 623              		.file 8 "../../Drivers/STM32L5xx_HAL_Driver/Inc/stm32l5xx_hal.h"
ARM GAS  /tmp/ccygXnJK.s 			page 19


DEFINED SYMBOLS
                            *ABS*:00000000 stm32l5xx_hal_cryp_ex.c
     /tmp/ccygXnJK.s:22     .text.HAL_CRYPEx_AESGCM_GenerateAuthTAG:00000000 $t
     /tmp/ccygXnJK.s:28     .text.HAL_CRYPEx_AESGCM_GenerateAuthTAG:00000000 HAL_CRYPEx_AESGCM_GenerateAuthTAG
     /tmp/ccygXnJK.s:309    .text.HAL_CRYPEx_AESCCM_GenerateAuthTAG:00000000 $t
     /tmp/ccygXnJK.s:315    .text.HAL_CRYPEx_AESCCM_GenerateAuthTAG:00000000 HAL_CRYPEx_AESCCM_GenerateAuthTAG
     /tmp/ccygXnJK.s:543    .text.HAL_CRYPEx_EnableAutoKeyDerivation:00000000 $t
     /tmp/ccygXnJK.s:549    .text.HAL_CRYPEx_EnableAutoKeyDerivation:00000000 HAL_CRYPEx_EnableAutoKeyDerivation
     /tmp/ccygXnJK.s:579    .text.HAL_CRYPEx_DisableAutoKeyDerivation:00000000 $t
     /tmp/ccygXnJK.s:585    .text.HAL_CRYPEx_DisableAutoKeyDerivation:00000000 HAL_CRYPEx_DisableAutoKeyDerivation

UNDEFINED SYMBOLS
HAL_GetTick
