ARM GAS  /tmp/ccSHixQj.s 			page 1


   1              		.cpu cortex-m33
   2              		.arch armv8-m.main
   3              		.fpu fpv4-sp-d16
   4              		.arch_extension dsp
   5              		.eabi_attribute 27, 1
   6              		.eabi_attribute 28, 1
   7              		.eabi_attribute 20, 1
   8              		.eabi_attribute 21, 1
   9              		.eabi_attribute 23, 3
  10              		.eabi_attribute 24, 1
  11              		.eabi_attribute 25, 1
  12              		.eabi_attribute 26, 1
  13              		.eabi_attribute 30, 1
  14              		.eabi_attribute 34, 1
  15              		.eabi_attribute 18, 4
  16              		.file	"stm32l5xx_hal_crc_ex.c"
  17              		.text
  18              	.Ltext0:
  19              		.cfi_sections	.debug_frame
  20              		.file 1 "../../Drivers/STM32L5xx_HAL_Driver/Src/stm32l5xx_hal_crc_ex.c"
  21              		.section	.text.HAL_CRCEx_Polynomial_Set,"ax",%progbits
  22              		.align	1
  23              		.global	HAL_CRCEx_Polynomial_Set
  24              		.syntax unified
  25              		.thumb
  26              		.thumb_func
  28              	HAL_CRCEx_Polynomial_Set:
  29              	.LVL0:
  30              	.LFB202:
   1:../../Drivers/STM32L5xx_HAL_Driver/Src/stm32l5xx_hal_crc_ex.c **** /**
   2:../../Drivers/STM32L5xx_HAL_Driver/Src/stm32l5xx_hal_crc_ex.c ****   ******************************************************************************
   3:../../Drivers/STM32L5xx_HAL_Driver/Src/stm32l5xx_hal_crc_ex.c ****   * @file    stm32l5xx_hal_crc_ex.c
   4:../../Drivers/STM32L5xx_HAL_Driver/Src/stm32l5xx_hal_crc_ex.c ****   * @author  MCD Application Team
   5:../../Drivers/STM32L5xx_HAL_Driver/Src/stm32l5xx_hal_crc_ex.c ****   * @brief   Extended CRC HAL module driver.
   6:../../Drivers/STM32L5xx_HAL_Driver/Src/stm32l5xx_hal_crc_ex.c ****   *          This file provides firmware functions to manage the extended
   7:../../Drivers/STM32L5xx_HAL_Driver/Src/stm32l5xx_hal_crc_ex.c ****   *          functionalities of the CRC peripheral.
   8:../../Drivers/STM32L5xx_HAL_Driver/Src/stm32l5xx_hal_crc_ex.c ****   *
   9:../../Drivers/STM32L5xx_HAL_Driver/Src/stm32l5xx_hal_crc_ex.c ****   ******************************************************************************
  10:../../Drivers/STM32L5xx_HAL_Driver/Src/stm32l5xx_hal_crc_ex.c ****   * @attention
  11:../../Drivers/STM32L5xx_HAL_Driver/Src/stm32l5xx_hal_crc_ex.c ****   *
  12:../../Drivers/STM32L5xx_HAL_Driver/Src/stm32l5xx_hal_crc_ex.c ****   * Copyright (c) 2019 STMicroelectronics.
  13:../../Drivers/STM32L5xx_HAL_Driver/Src/stm32l5xx_hal_crc_ex.c ****   * All rights reserved.
  14:../../Drivers/STM32L5xx_HAL_Driver/Src/stm32l5xx_hal_crc_ex.c ****   *
  15:../../Drivers/STM32L5xx_HAL_Driver/Src/stm32l5xx_hal_crc_ex.c ****   * This software is licensed under terms that can be found in the LICENSE file
  16:../../Drivers/STM32L5xx_HAL_Driver/Src/stm32l5xx_hal_crc_ex.c ****   * in the root directory of this software component.
  17:../../Drivers/STM32L5xx_HAL_Driver/Src/stm32l5xx_hal_crc_ex.c ****   * If no LICENSE file comes with this software, it is provided AS-IS.
  18:../../Drivers/STM32L5xx_HAL_Driver/Src/stm32l5xx_hal_crc_ex.c ****   *
  19:../../Drivers/STM32L5xx_HAL_Driver/Src/stm32l5xx_hal_crc_ex.c ****   ******************************************************************************
  20:../../Drivers/STM32L5xx_HAL_Driver/Src/stm32l5xx_hal_crc_ex.c ****   @verbatim
  21:../../Drivers/STM32L5xx_HAL_Driver/Src/stm32l5xx_hal_crc_ex.c **** ================================================================================
  22:../../Drivers/STM32L5xx_HAL_Driver/Src/stm32l5xx_hal_crc_ex.c ****             ##### How to use this driver #####
  23:../../Drivers/STM32L5xx_HAL_Driver/Src/stm32l5xx_hal_crc_ex.c **** ================================================================================
  24:../../Drivers/STM32L5xx_HAL_Driver/Src/stm32l5xx_hal_crc_ex.c ****     [..]
  25:../../Drivers/STM32L5xx_HAL_Driver/Src/stm32l5xx_hal_crc_ex.c ****          (+) Set user-defined generating polynomial through HAL_CRCEx_Polynomial_Set()
  26:../../Drivers/STM32L5xx_HAL_Driver/Src/stm32l5xx_hal_crc_ex.c ****          (+) Configure Input or Output data inversion
  27:../../Drivers/STM32L5xx_HAL_Driver/Src/stm32l5xx_hal_crc_ex.c **** 
  28:../../Drivers/STM32L5xx_HAL_Driver/Src/stm32l5xx_hal_crc_ex.c ****   @endverbatim
ARM GAS  /tmp/ccSHixQj.s 			page 2


  29:../../Drivers/STM32L5xx_HAL_Driver/Src/stm32l5xx_hal_crc_ex.c ****   ******************************************************************************
  30:../../Drivers/STM32L5xx_HAL_Driver/Src/stm32l5xx_hal_crc_ex.c ****   */
  31:../../Drivers/STM32L5xx_HAL_Driver/Src/stm32l5xx_hal_crc_ex.c **** 
  32:../../Drivers/STM32L5xx_HAL_Driver/Src/stm32l5xx_hal_crc_ex.c **** /* Includes ------------------------------------------------------------------*/
  33:../../Drivers/STM32L5xx_HAL_Driver/Src/stm32l5xx_hal_crc_ex.c **** #include "stm32l5xx_hal.h"
  34:../../Drivers/STM32L5xx_HAL_Driver/Src/stm32l5xx_hal_crc_ex.c **** 
  35:../../Drivers/STM32L5xx_HAL_Driver/Src/stm32l5xx_hal_crc_ex.c **** /** @addtogroup STM32L5xx_HAL_Driver
  36:../../Drivers/STM32L5xx_HAL_Driver/Src/stm32l5xx_hal_crc_ex.c ****   * @{
  37:../../Drivers/STM32L5xx_HAL_Driver/Src/stm32l5xx_hal_crc_ex.c ****   */
  38:../../Drivers/STM32L5xx_HAL_Driver/Src/stm32l5xx_hal_crc_ex.c **** 
  39:../../Drivers/STM32L5xx_HAL_Driver/Src/stm32l5xx_hal_crc_ex.c **** /** @defgroup CRCEx CRCEx
  40:../../Drivers/STM32L5xx_HAL_Driver/Src/stm32l5xx_hal_crc_ex.c ****   * @brief CRC Extended HAL module driver
  41:../../Drivers/STM32L5xx_HAL_Driver/Src/stm32l5xx_hal_crc_ex.c ****   * @{
  42:../../Drivers/STM32L5xx_HAL_Driver/Src/stm32l5xx_hal_crc_ex.c ****   */
  43:../../Drivers/STM32L5xx_HAL_Driver/Src/stm32l5xx_hal_crc_ex.c **** 
  44:../../Drivers/STM32L5xx_HAL_Driver/Src/stm32l5xx_hal_crc_ex.c **** #ifdef HAL_CRC_MODULE_ENABLED
  45:../../Drivers/STM32L5xx_HAL_Driver/Src/stm32l5xx_hal_crc_ex.c **** 
  46:../../Drivers/STM32L5xx_HAL_Driver/Src/stm32l5xx_hal_crc_ex.c **** /* Private typedef -----------------------------------------------------------*/
  47:../../Drivers/STM32L5xx_HAL_Driver/Src/stm32l5xx_hal_crc_ex.c **** /* Private define ------------------------------------------------------------*/
  48:../../Drivers/STM32L5xx_HAL_Driver/Src/stm32l5xx_hal_crc_ex.c **** /* Private macro -------------------------------------------------------------*/
  49:../../Drivers/STM32L5xx_HAL_Driver/Src/stm32l5xx_hal_crc_ex.c **** /* Private variables ---------------------------------------------------------*/
  50:../../Drivers/STM32L5xx_HAL_Driver/Src/stm32l5xx_hal_crc_ex.c **** /* Private function prototypes -----------------------------------------------*/
  51:../../Drivers/STM32L5xx_HAL_Driver/Src/stm32l5xx_hal_crc_ex.c **** /* Exported functions --------------------------------------------------------*/
  52:../../Drivers/STM32L5xx_HAL_Driver/Src/stm32l5xx_hal_crc_ex.c **** 
  53:../../Drivers/STM32L5xx_HAL_Driver/Src/stm32l5xx_hal_crc_ex.c **** /** @defgroup CRCEx_Exported_Functions CRC Extended Exported Functions
  54:../../Drivers/STM32L5xx_HAL_Driver/Src/stm32l5xx_hal_crc_ex.c ****   * @{
  55:../../Drivers/STM32L5xx_HAL_Driver/Src/stm32l5xx_hal_crc_ex.c ****   */
  56:../../Drivers/STM32L5xx_HAL_Driver/Src/stm32l5xx_hal_crc_ex.c **** 
  57:../../Drivers/STM32L5xx_HAL_Driver/Src/stm32l5xx_hal_crc_ex.c **** /** @defgroup CRCEx_Exported_Functions_Group1 Extended Initialization/de-initialization functions
  58:../../Drivers/STM32L5xx_HAL_Driver/Src/stm32l5xx_hal_crc_ex.c ****   * @brief    Extended Initialization and Configuration functions.
  59:../../Drivers/STM32L5xx_HAL_Driver/Src/stm32l5xx_hal_crc_ex.c ****   *
  60:../../Drivers/STM32L5xx_HAL_Driver/Src/stm32l5xx_hal_crc_ex.c **** @verbatim
  61:../../Drivers/STM32L5xx_HAL_Driver/Src/stm32l5xx_hal_crc_ex.c ****  ===============================================================================
  62:../../Drivers/STM32L5xx_HAL_Driver/Src/stm32l5xx_hal_crc_ex.c ****             ##### Extended configuration functions #####
  63:../../Drivers/STM32L5xx_HAL_Driver/Src/stm32l5xx_hal_crc_ex.c ****  ===============================================================================
  64:../../Drivers/STM32L5xx_HAL_Driver/Src/stm32l5xx_hal_crc_ex.c ****     [..]  This section provides functions allowing to:
  65:../../Drivers/STM32L5xx_HAL_Driver/Src/stm32l5xx_hal_crc_ex.c ****       (+) Configure the generating polynomial
  66:../../Drivers/STM32L5xx_HAL_Driver/Src/stm32l5xx_hal_crc_ex.c ****       (+) Configure the input data inversion
  67:../../Drivers/STM32L5xx_HAL_Driver/Src/stm32l5xx_hal_crc_ex.c ****       (+) Configure the output data inversion
  68:../../Drivers/STM32L5xx_HAL_Driver/Src/stm32l5xx_hal_crc_ex.c **** 
  69:../../Drivers/STM32L5xx_HAL_Driver/Src/stm32l5xx_hal_crc_ex.c **** @endverbatim
  70:../../Drivers/STM32L5xx_HAL_Driver/Src/stm32l5xx_hal_crc_ex.c ****   * @{
  71:../../Drivers/STM32L5xx_HAL_Driver/Src/stm32l5xx_hal_crc_ex.c ****   */
  72:../../Drivers/STM32L5xx_HAL_Driver/Src/stm32l5xx_hal_crc_ex.c **** 
  73:../../Drivers/STM32L5xx_HAL_Driver/Src/stm32l5xx_hal_crc_ex.c **** 
  74:../../Drivers/STM32L5xx_HAL_Driver/Src/stm32l5xx_hal_crc_ex.c **** /**
  75:../../Drivers/STM32L5xx_HAL_Driver/Src/stm32l5xx_hal_crc_ex.c ****   * @brief  Initialize the CRC polynomial if different from default one.
  76:../../Drivers/STM32L5xx_HAL_Driver/Src/stm32l5xx_hal_crc_ex.c ****   * @param  hcrc CRC handle
  77:../../Drivers/STM32L5xx_HAL_Driver/Src/stm32l5xx_hal_crc_ex.c ****   * @param  Pol CRC generating polynomial (7, 8, 16 or 32-bit long).
  78:../../Drivers/STM32L5xx_HAL_Driver/Src/stm32l5xx_hal_crc_ex.c ****   *         This parameter is written in normal representation, e.g.
  79:../../Drivers/STM32L5xx_HAL_Driver/Src/stm32l5xx_hal_crc_ex.c ****   *         @arg for a polynomial of degree 7, X^7 + X^6 + X^5 + X^2 + 1 is written 0x65
  80:../../Drivers/STM32L5xx_HAL_Driver/Src/stm32l5xx_hal_crc_ex.c ****   *         @arg for a polynomial of degree 16, X^16 + X^12 + X^5 + 1 is written 0x1021
  81:../../Drivers/STM32L5xx_HAL_Driver/Src/stm32l5xx_hal_crc_ex.c ****   * @param  PolyLength CRC polynomial length.
  82:../../Drivers/STM32L5xx_HAL_Driver/Src/stm32l5xx_hal_crc_ex.c ****   *         This parameter can be one of the following values:
  83:../../Drivers/STM32L5xx_HAL_Driver/Src/stm32l5xx_hal_crc_ex.c ****   *          @arg @ref CRC_POLYLENGTH_7B  7-bit long CRC (generating polynomial of degree 7)
  84:../../Drivers/STM32L5xx_HAL_Driver/Src/stm32l5xx_hal_crc_ex.c ****   *          @arg @ref CRC_POLYLENGTH_8B  8-bit long CRC (generating polynomial of degree 8)
  85:../../Drivers/STM32L5xx_HAL_Driver/Src/stm32l5xx_hal_crc_ex.c ****   *          @arg @ref CRC_POLYLENGTH_16B 16-bit long CRC (generating polynomial of degree 16)
ARM GAS  /tmp/ccSHixQj.s 			page 3


  86:../../Drivers/STM32L5xx_HAL_Driver/Src/stm32l5xx_hal_crc_ex.c ****   *          @arg @ref CRC_POLYLENGTH_32B 32-bit long CRC (generating polynomial of degree 32)
  87:../../Drivers/STM32L5xx_HAL_Driver/Src/stm32l5xx_hal_crc_ex.c ****   * @retval HAL status
  88:../../Drivers/STM32L5xx_HAL_Driver/Src/stm32l5xx_hal_crc_ex.c ****   */
  89:../../Drivers/STM32L5xx_HAL_Driver/Src/stm32l5xx_hal_crc_ex.c **** HAL_StatusTypeDef HAL_CRCEx_Polynomial_Set(CRC_HandleTypeDef *hcrc, uint32_t Pol, uint32_t PolyLeng
  90:../../Drivers/STM32L5xx_HAL_Driver/Src/stm32l5xx_hal_crc_ex.c **** {
  31              		.loc 1 90 1 view -0
  32              		.cfi_startproc
  33              		@ args = 0, pretend = 0, frame = 0
  34              		@ frame_needed = 0, uses_anonymous_args = 0
  35              		@ link register save eliminated.
  91:../../Drivers/STM32L5xx_HAL_Driver/Src/stm32l5xx_hal_crc_ex.c ****   HAL_StatusTypeDef status = HAL_OK;
  36              		.loc 1 91 3 view .LVU1
  92:../../Drivers/STM32L5xx_HAL_Driver/Src/stm32l5xx_hal_crc_ex.c ****   uint32_t msb = 31U; /* polynomial degree is 32 at most, so msb is initialized to max value */
  37              		.loc 1 92 3 view .LVU2
  93:../../Drivers/STM32L5xx_HAL_Driver/Src/stm32l5xx_hal_crc_ex.c **** 
  94:../../Drivers/STM32L5xx_HAL_Driver/Src/stm32l5xx_hal_crc_ex.c ****   /* Check the parameters */
  95:../../Drivers/STM32L5xx_HAL_Driver/Src/stm32l5xx_hal_crc_ex.c ****   assert_param(IS_CRC_POL_LENGTH(PolyLength));
  38              		.loc 1 95 3 view .LVU3
  96:../../Drivers/STM32L5xx_HAL_Driver/Src/stm32l5xx_hal_crc_ex.c **** 
  97:../../Drivers/STM32L5xx_HAL_Driver/Src/stm32l5xx_hal_crc_ex.c ****   /* Ensure that the generating polynomial is odd */
  98:../../Drivers/STM32L5xx_HAL_Driver/Src/stm32l5xx_hal_crc_ex.c ****   if ((Pol & (uint32_t)(0x1U)) ==  0U)
  39              		.loc 1 98 3 view .LVU4
  40              		.loc 1 98 6 is_stmt 0 view .LVU5
  41 0000 11F0010F 		tst	r1, #1
  42 0004 30D0     		beq	.L10
  90:../../Drivers/STM32L5xx_HAL_Driver/Src/stm32l5xx_hal_crc_ex.c ****   HAL_StatusTypeDef status = HAL_OK;
  43              		.loc 1 90 1 view .LVU6
  44 0006 10B4     		push	{r4}
  45              	.LCFI0:
  46              		.cfi_def_cfa_offset 4
  47              		.cfi_offset 4, -4
  92:../../Drivers/STM32L5xx_HAL_Driver/Src/stm32l5xx_hal_crc_ex.c **** 
  48              		.loc 1 92 12 view .LVU7
  49 0008 1F23     		movs	r3, #31
  50              	.LVL1:
  51              	.L4:
  99:../../Drivers/STM32L5xx_HAL_Driver/Src/stm32l5xx_hal_crc_ex.c ****   {
 100:../../Drivers/STM32L5xx_HAL_Driver/Src/stm32l5xx_hal_crc_ex.c ****     status =  HAL_ERROR;
 101:../../Drivers/STM32L5xx_HAL_Driver/Src/stm32l5xx_hal_crc_ex.c ****   }
 102:../../Drivers/STM32L5xx_HAL_Driver/Src/stm32l5xx_hal_crc_ex.c ****   else
 103:../../Drivers/STM32L5xx_HAL_Driver/Src/stm32l5xx_hal_crc_ex.c ****   {
 104:../../Drivers/STM32L5xx_HAL_Driver/Src/stm32l5xx_hal_crc_ex.c ****     /* check polynomial definition vs polynomial size:
 105:../../Drivers/STM32L5xx_HAL_Driver/Src/stm32l5xx_hal_crc_ex.c ****      * polynomial length must be aligned with polynomial
 106:../../Drivers/STM32L5xx_HAL_Driver/Src/stm32l5xx_hal_crc_ex.c ****      * definition. HAL_ERROR is reported if Pol degree is
 107:../../Drivers/STM32L5xx_HAL_Driver/Src/stm32l5xx_hal_crc_ex.c ****      * larger than that indicated by PolyLength.
 108:../../Drivers/STM32L5xx_HAL_Driver/Src/stm32l5xx_hal_crc_ex.c ****      * Look for MSB position: msb will contain the degree of
 109:../../Drivers/STM32L5xx_HAL_Driver/Src/stm32l5xx_hal_crc_ex.c ****      *  the second to the largest polynomial member. E.g., for
 110:../../Drivers/STM32L5xx_HAL_Driver/Src/stm32l5xx_hal_crc_ex.c ****      *  X^7 + X^6 + X^5 + X^2 + 1, msb = 6. */
 111:../../Drivers/STM32L5xx_HAL_Driver/Src/stm32l5xx_hal_crc_ex.c ****     while ((msb-- > 0U) && ((Pol & ((uint32_t)(0x1U) << (msb & 0x1FU))) == 0U))
 112:../../Drivers/STM32L5xx_HAL_Driver/Src/stm32l5xx_hal_crc_ex.c ****     {
 113:../../Drivers/STM32L5xx_HAL_Driver/Src/stm32l5xx_hal_crc_ex.c ****     }
  52              		.loc 1 113 5 is_stmt 1 discriminator 2 view .LVU8
 111:../../Drivers/STM32L5xx_HAL_Driver/Src/stm32l5xx_hal_crc_ex.c ****     {
  53              		.loc 1 111 25 discriminator 2 view .LVU9
  54 000a 1C46     		mov	r4, r3
 111:../../Drivers/STM32L5xx_HAL_Driver/Src/stm32l5xx_hal_crc_ex.c ****     {
  55              		.loc 1 111 16 is_stmt 0 discriminator 2 view .LVU10
ARM GAS  /tmp/ccSHixQj.s 			page 4


  56 000c 013B     		subs	r3, r3, #1
  57              	.LVL2:
 111:../../Drivers/STM32L5xx_HAL_Driver/Src/stm32l5xx_hal_crc_ex.c ****     {
  58              		.loc 1 111 25 discriminator 2 view .LVU11
  59 000e 34B1     		cbz	r4, .L3
 111:../../Drivers/STM32L5xx_HAL_Driver/Src/stm32l5xx_hal_crc_ex.c ****     {
  60              		.loc 1 111 62 discriminator 1 view .LVU12
  61 0010 03F01F0C 		and	ip, r3, #31
 111:../../Drivers/STM32L5xx_HAL_Driver/Src/stm32l5xx_hal_crc_ex.c ****     {
  62              		.loc 1 111 73 discriminator 1 view .LVU13
  63 0014 21FA0CFC 		lsr	ip, r1, ip
 111:../../Drivers/STM32L5xx_HAL_Driver/Src/stm32l5xx_hal_crc_ex.c ****     {
  64              		.loc 1 111 25 discriminator 1 view .LVU14
  65 0018 1CF0010F 		tst	ip, #1
  66 001c F5D0     		beq	.L4
  67              	.L3:
 114:../../Drivers/STM32L5xx_HAL_Driver/Src/stm32l5xx_hal_crc_ex.c **** 
 115:../../Drivers/STM32L5xx_HAL_Driver/Src/stm32l5xx_hal_crc_ex.c ****     switch (PolyLength)
  68              		.loc 1 115 5 is_stmt 1 view .LVU15
  69 001e 182A     		cmp	r2, #24
  70 0020 24D8     		bhi	.L11
  71 0022 DFE802F0 		tbb	[pc, r2]
  72              	.L6:
  73 0026 0F       		.byte	(.L9-.L6)/2
  74 0027 23       		.byte	(.L11-.L6)/2
  75 0028 23       		.byte	(.L11-.L6)/2
  76 0029 23       		.byte	(.L11-.L6)/2
  77 002a 23       		.byte	(.L11-.L6)/2
  78 002b 23       		.byte	(.L11-.L6)/2
  79 002c 23       		.byte	(.L11-.L6)/2
  80 002d 23       		.byte	(.L11-.L6)/2
  81 002e 1D       		.byte	(.L8-.L6)/2
  82 002f 23       		.byte	(.L11-.L6)/2
  83 0030 23       		.byte	(.L11-.L6)/2
  84 0031 23       		.byte	(.L11-.L6)/2
  85 0032 23       		.byte	(.L11-.L6)/2
  86 0033 23       		.byte	(.L11-.L6)/2
  87 0034 23       		.byte	(.L11-.L6)/2
  88 0035 23       		.byte	(.L11-.L6)/2
  89 0036 19       		.byte	(.L7-.L6)/2
  90 0037 23       		.byte	(.L11-.L6)/2
  91 0038 23       		.byte	(.L11-.L6)/2
  92 0039 23       		.byte	(.L11-.L6)/2
  93 003a 23       		.byte	(.L11-.L6)/2
  94 003b 23       		.byte	(.L11-.L6)/2
  95 003c 23       		.byte	(.L11-.L6)/2
  96 003d 23       		.byte	(.L11-.L6)/2
  97 003e 0D       		.byte	(.L5-.L6)/2
  98 003f 00       		.p2align 1
  99              	.L5:
 116:../../Drivers/STM32L5xx_HAL_Driver/Src/stm32l5xx_hal_crc_ex.c ****     {
 117:../../Drivers/STM32L5xx_HAL_Driver/Src/stm32l5xx_hal_crc_ex.c **** 
 118:../../Drivers/STM32L5xx_HAL_Driver/Src/stm32l5xx_hal_crc_ex.c ****       case CRC_POLYLENGTH_7B:
 119:../../Drivers/STM32L5xx_HAL_Driver/Src/stm32l5xx_hal_crc_ex.c ****         if (msb >= HAL_CRC_LENGTH_7B)
 100              		.loc 1 119 9 view .LVU16
 101              		.loc 1 119 12 is_stmt 0 view .LVU17
 102 0040 062B     		cmp	r3, #6
ARM GAS  /tmp/ccSHixQj.s 			page 5


 103 0042 17D8     		bhi	.L12
 104              	.L9:
 105              	.LVL3:
 120:../../Drivers/STM32L5xx_HAL_Driver/Src/stm32l5xx_hal_crc_ex.c ****         {
 121:../../Drivers/STM32L5xx_HAL_Driver/Src/stm32l5xx_hal_crc_ex.c ****           status =   HAL_ERROR;
 122:../../Drivers/STM32L5xx_HAL_Driver/Src/stm32l5xx_hal_crc_ex.c ****         }
 123:../../Drivers/STM32L5xx_HAL_Driver/Src/stm32l5xx_hal_crc_ex.c ****         break;
 124:../../Drivers/STM32L5xx_HAL_Driver/Src/stm32l5xx_hal_crc_ex.c ****       case CRC_POLYLENGTH_8B:
 125:../../Drivers/STM32L5xx_HAL_Driver/Src/stm32l5xx_hal_crc_ex.c ****         if (msb >= HAL_CRC_LENGTH_8B)
 126:../../Drivers/STM32L5xx_HAL_Driver/Src/stm32l5xx_hal_crc_ex.c ****         {
 127:../../Drivers/STM32L5xx_HAL_Driver/Src/stm32l5xx_hal_crc_ex.c ****           status =   HAL_ERROR;
 128:../../Drivers/STM32L5xx_HAL_Driver/Src/stm32l5xx_hal_crc_ex.c ****         }
 129:../../Drivers/STM32L5xx_HAL_Driver/Src/stm32l5xx_hal_crc_ex.c ****         break;
 130:../../Drivers/STM32L5xx_HAL_Driver/Src/stm32l5xx_hal_crc_ex.c ****       case CRC_POLYLENGTH_16B:
 131:../../Drivers/STM32L5xx_HAL_Driver/Src/stm32l5xx_hal_crc_ex.c ****         if (msb >= HAL_CRC_LENGTH_16B)
 132:../../Drivers/STM32L5xx_HAL_Driver/Src/stm32l5xx_hal_crc_ex.c ****         {
 133:../../Drivers/STM32L5xx_HAL_Driver/Src/stm32l5xx_hal_crc_ex.c ****           status =   HAL_ERROR;
 134:../../Drivers/STM32L5xx_HAL_Driver/Src/stm32l5xx_hal_crc_ex.c ****         }
 135:../../Drivers/STM32L5xx_HAL_Driver/Src/stm32l5xx_hal_crc_ex.c ****         break;
 136:../../Drivers/STM32L5xx_HAL_Driver/Src/stm32l5xx_hal_crc_ex.c **** 
 137:../../Drivers/STM32L5xx_HAL_Driver/Src/stm32l5xx_hal_crc_ex.c ****       case CRC_POLYLENGTH_32B:
 138:../../Drivers/STM32L5xx_HAL_Driver/Src/stm32l5xx_hal_crc_ex.c ****         /* no polynomial definition vs. polynomial length issue possible */
 139:../../Drivers/STM32L5xx_HAL_Driver/Src/stm32l5xx_hal_crc_ex.c ****         break;
 140:../../Drivers/STM32L5xx_HAL_Driver/Src/stm32l5xx_hal_crc_ex.c ****       default:
 141:../../Drivers/STM32L5xx_HAL_Driver/Src/stm32l5xx_hal_crc_ex.c ****         status =  HAL_ERROR;
 142:../../Drivers/STM32L5xx_HAL_Driver/Src/stm32l5xx_hal_crc_ex.c ****         break;
 143:../../Drivers/STM32L5xx_HAL_Driver/Src/stm32l5xx_hal_crc_ex.c ****     }
 144:../../Drivers/STM32L5xx_HAL_Driver/Src/stm32l5xx_hal_crc_ex.c ****   }
 145:../../Drivers/STM32L5xx_HAL_Driver/Src/stm32l5xx_hal_crc_ex.c ****   if (status == HAL_OK)
 146:../../Drivers/STM32L5xx_HAL_Driver/Src/stm32l5xx_hal_crc_ex.c ****   {
 147:../../Drivers/STM32L5xx_HAL_Driver/Src/stm32l5xx_hal_crc_ex.c ****     /* set generating polynomial */
 148:../../Drivers/STM32L5xx_HAL_Driver/Src/stm32l5xx_hal_crc_ex.c ****     WRITE_REG(hcrc->Instance->POL, Pol);
 106              		.loc 1 148 5 is_stmt 1 view .LVU18
 107 0044 0368     		ldr	r3, [r0]
 108              	.LVL4:
 109              		.loc 1 148 5 is_stmt 0 view .LVU19
 110 0046 5961     		str	r1, [r3, #20]
 149:../../Drivers/STM32L5xx_HAL_Driver/Src/stm32l5xx_hal_crc_ex.c **** 
 150:../../Drivers/STM32L5xx_HAL_Driver/Src/stm32l5xx_hal_crc_ex.c ****     /* set generating polynomial size */
 151:../../Drivers/STM32L5xx_HAL_Driver/Src/stm32l5xx_hal_crc_ex.c ****     MODIFY_REG(hcrc->Instance->CR, CRC_CR_POLYSIZE, PolyLength);
 111              		.loc 1 151 5 is_stmt 1 view .LVU20
 112 0048 0168     		ldr	r1, [r0]
 113              	.LVL5:
 114              		.loc 1 151 5 is_stmt 0 view .LVU21
 115 004a 8B68     		ldr	r3, [r1, #8]
 116              	.LVL6:
 117              		.loc 1 151 5 view .LVU22
 118 004c 23F01803 		bic	r3, r3, #24
 119 0050 1343     		orrs	r3, r3, r2
 120 0052 8B60     		str	r3, [r1, #8]
 121 0054 0020     		movs	r0, #0
 122              	.LVL7:
 123              		.loc 1 151 5 view .LVU23
 124 0056 0AE0     		b	.L2
 125              	.LVL8:
 126              	.L7:
 125:../../Drivers/STM32L5xx_HAL_Driver/Src/stm32l5xx_hal_crc_ex.c ****         {
ARM GAS  /tmp/ccSHixQj.s 			page 6


 127              		.loc 1 125 9 is_stmt 1 view .LVU24
 125:../../Drivers/STM32L5xx_HAL_Driver/Src/stm32l5xx_hal_crc_ex.c ****         {
 128              		.loc 1 125 12 is_stmt 0 view .LVU25
 129 0058 072B     		cmp	r3, #7
 130 005a F3D9     		bls	.L9
 127:../../Drivers/STM32L5xx_HAL_Driver/Src/stm32l5xx_hal_crc_ex.c ****         }
 131              		.loc 1 127 18 view .LVU26
 132 005c 0120     		movs	r0, #1
 133              	.LVL9:
 127:../../Drivers/STM32L5xx_HAL_Driver/Src/stm32l5xx_hal_crc_ex.c ****         }
 134              		.loc 1 127 18 view .LVU27
 135 005e 06E0     		b	.L2
 136              	.LVL10:
 137              	.L8:
 131:../../Drivers/STM32L5xx_HAL_Driver/Src/stm32l5xx_hal_crc_ex.c ****         {
 138              		.loc 1 131 9 is_stmt 1 view .LVU28
 131:../../Drivers/STM32L5xx_HAL_Driver/Src/stm32l5xx_hal_crc_ex.c ****         {
 139              		.loc 1 131 12 is_stmt 0 view .LVU29
 140 0060 0F2B     		cmp	r3, #15
 141 0062 EFD9     		bls	.L9
 133:../../Drivers/STM32L5xx_HAL_Driver/Src/stm32l5xx_hal_crc_ex.c ****         }
 142              		.loc 1 133 18 view .LVU30
 143 0064 0120     		movs	r0, #1
 144              	.LVL11:
 133:../../Drivers/STM32L5xx_HAL_Driver/Src/stm32l5xx_hal_crc_ex.c ****         }
 145              		.loc 1 133 18 view .LVU31
 146 0066 02E0     		b	.L2
 147              	.LVL12:
 148              	.L10:
 149              	.LCFI1:
 150              		.cfi_def_cfa_offset 0
 151              		.cfi_restore 4
 100:../../Drivers/STM32L5xx_HAL_Driver/Src/stm32l5xx_hal_crc_ex.c ****   }
 152              		.loc 1 100 12 view .LVU32
 153 0068 0120     		movs	r0, #1
 154              	.LVL13:
 152:../../Drivers/STM32L5xx_HAL_Driver/Src/stm32l5xx_hal_crc_ex.c ****   }
 153:../../Drivers/STM32L5xx_HAL_Driver/Src/stm32l5xx_hal_crc_ex.c ****   /* Return function status */
 154:../../Drivers/STM32L5xx_HAL_Driver/Src/stm32l5xx_hal_crc_ex.c ****   return status;
 155              		.loc 1 154 3 is_stmt 1 view .LVU33
 155:../../Drivers/STM32L5xx_HAL_Driver/Src/stm32l5xx_hal_crc_ex.c **** }
 156              		.loc 1 155 1 is_stmt 0 view .LVU34
 157 006a 7047     		bx	lr
 158              	.LVL14:
 159              	.L11:
 160              	.LCFI2:
 161              		.cfi_def_cfa_offset 4
 162              		.cfi_offset 4, -4
 115:../../Drivers/STM32L5xx_HAL_Driver/Src/stm32l5xx_hal_crc_ex.c ****     {
 163              		.loc 1 115 5 view .LVU35
 164 006c 0120     		movs	r0, #1
 165              	.LVL15:
 166              	.L2:
 154:../../Drivers/STM32L5xx_HAL_Driver/Src/stm32l5xx_hal_crc_ex.c **** }
 167              		.loc 1 154 3 is_stmt 1 view .LVU36
 168              		.loc 1 155 1 is_stmt 0 view .LVU37
 169 006e 5DF8044B 		ldr	r4, [sp], #4
ARM GAS  /tmp/ccSHixQj.s 			page 7


 170              	.LCFI3:
 171              		.cfi_remember_state
 172              		.cfi_restore 4
 173              		.cfi_def_cfa_offset 0
 174 0072 7047     		bx	lr
 175              	.LVL16:
 176              	.L12:
 177              	.LCFI4:
 178              		.cfi_restore_state
 121:../../Drivers/STM32L5xx_HAL_Driver/Src/stm32l5xx_hal_crc_ex.c ****         }
 179              		.loc 1 121 18 view .LVU38
 180 0074 0120     		movs	r0, #1
 181              	.LVL17:
 121:../../Drivers/STM32L5xx_HAL_Driver/Src/stm32l5xx_hal_crc_ex.c ****         }
 182              		.loc 1 121 18 view .LVU39
 183 0076 FAE7     		b	.L2
 184              		.cfi_endproc
 185              	.LFE202:
 187              		.section	.text.HAL_CRCEx_Input_Data_Reverse,"ax",%progbits
 188              		.align	1
 189              		.global	HAL_CRCEx_Input_Data_Reverse
 190              		.syntax unified
 191              		.thumb
 192              		.thumb_func
 194              	HAL_CRCEx_Input_Data_Reverse:
 195              	.LVL18:
 196              	.LFB203:
 156:../../Drivers/STM32L5xx_HAL_Driver/Src/stm32l5xx_hal_crc_ex.c **** 
 157:../../Drivers/STM32L5xx_HAL_Driver/Src/stm32l5xx_hal_crc_ex.c **** /**
 158:../../Drivers/STM32L5xx_HAL_Driver/Src/stm32l5xx_hal_crc_ex.c ****   * @brief  Set the Reverse Input data mode.
 159:../../Drivers/STM32L5xx_HAL_Driver/Src/stm32l5xx_hal_crc_ex.c ****   * @param  hcrc CRC handle
 160:../../Drivers/STM32L5xx_HAL_Driver/Src/stm32l5xx_hal_crc_ex.c ****   * @param  InputReverseMode Input Data inversion mode.
 161:../../Drivers/STM32L5xx_HAL_Driver/Src/stm32l5xx_hal_crc_ex.c ****   *         This parameter can be one of the following values:
 162:../../Drivers/STM32L5xx_HAL_Driver/Src/stm32l5xx_hal_crc_ex.c ****   *          @arg @ref CRC_INPUTDATA_INVERSION_NONE     no change in bit order (default value)
 163:../../Drivers/STM32L5xx_HAL_Driver/Src/stm32l5xx_hal_crc_ex.c ****   *          @arg @ref CRC_INPUTDATA_INVERSION_BYTE     Byte-wise bit reversal
 164:../../Drivers/STM32L5xx_HAL_Driver/Src/stm32l5xx_hal_crc_ex.c ****   *          @arg @ref CRC_INPUTDATA_INVERSION_HALFWORD HalfWord-wise bit reversal
 165:../../Drivers/STM32L5xx_HAL_Driver/Src/stm32l5xx_hal_crc_ex.c ****   *          @arg @ref CRC_INPUTDATA_INVERSION_WORD     Word-wise bit reversal
 166:../../Drivers/STM32L5xx_HAL_Driver/Src/stm32l5xx_hal_crc_ex.c ****   * @retval HAL status
 167:../../Drivers/STM32L5xx_HAL_Driver/Src/stm32l5xx_hal_crc_ex.c ****   */
 168:../../Drivers/STM32L5xx_HAL_Driver/Src/stm32l5xx_hal_crc_ex.c **** HAL_StatusTypeDef HAL_CRCEx_Input_Data_Reverse(CRC_HandleTypeDef *hcrc, uint32_t InputReverseMode)
 169:../../Drivers/STM32L5xx_HAL_Driver/Src/stm32l5xx_hal_crc_ex.c **** {
 197              		.loc 1 169 1 is_stmt 1 view -0
 198              		.cfi_startproc
 199              		@ args = 0, pretend = 0, frame = 0
 200              		@ frame_needed = 0, uses_anonymous_args = 0
 201              		@ link register save eliminated.
 170:../../Drivers/STM32L5xx_HAL_Driver/Src/stm32l5xx_hal_crc_ex.c ****   /* Check the parameters */
 171:../../Drivers/STM32L5xx_HAL_Driver/Src/stm32l5xx_hal_crc_ex.c ****   assert_param(IS_CRC_INPUTDATA_INVERSION_MODE(InputReverseMode));
 202              		.loc 1 171 3 view .LVU41
 172:../../Drivers/STM32L5xx_HAL_Driver/Src/stm32l5xx_hal_crc_ex.c **** 
 173:../../Drivers/STM32L5xx_HAL_Driver/Src/stm32l5xx_hal_crc_ex.c ****   /* Change CRC peripheral state */
 174:../../Drivers/STM32L5xx_HAL_Driver/Src/stm32l5xx_hal_crc_ex.c ****   hcrc->State = HAL_CRC_STATE_BUSY;
 203              		.loc 1 174 3 view .LVU42
 204              		.loc 1 174 15 is_stmt 0 view .LVU43
 205 0000 0223     		movs	r3, #2
 206 0002 4377     		strb	r3, [r0, #29]
 175:../../Drivers/STM32L5xx_HAL_Driver/Src/stm32l5xx_hal_crc_ex.c **** 
ARM GAS  /tmp/ccSHixQj.s 			page 8


 176:../../Drivers/STM32L5xx_HAL_Driver/Src/stm32l5xx_hal_crc_ex.c ****   /* set input data inversion mode */
 177:../../Drivers/STM32L5xx_HAL_Driver/Src/stm32l5xx_hal_crc_ex.c ****   MODIFY_REG(hcrc->Instance->CR, CRC_CR_REV_IN, InputReverseMode);
 207              		.loc 1 177 3 is_stmt 1 view .LVU44
 208 0004 0268     		ldr	r2, [r0]
 209 0006 9368     		ldr	r3, [r2, #8]
 210 0008 23F06003 		bic	r3, r3, #96
 211 000c 0B43     		orrs	r3, r3, r1
 212 000e 9360     		str	r3, [r2, #8]
 178:../../Drivers/STM32L5xx_HAL_Driver/Src/stm32l5xx_hal_crc_ex.c ****   /* Change CRC peripheral state */
 179:../../Drivers/STM32L5xx_HAL_Driver/Src/stm32l5xx_hal_crc_ex.c ****   hcrc->State = HAL_CRC_STATE_READY;
 213              		.loc 1 179 3 view .LVU45
 214              		.loc 1 179 15 is_stmt 0 view .LVU46
 215 0010 0123     		movs	r3, #1
 216 0012 4377     		strb	r3, [r0, #29]
 180:../../Drivers/STM32L5xx_HAL_Driver/Src/stm32l5xx_hal_crc_ex.c **** 
 181:../../Drivers/STM32L5xx_HAL_Driver/Src/stm32l5xx_hal_crc_ex.c ****   /* Return function status */
 182:../../Drivers/STM32L5xx_HAL_Driver/Src/stm32l5xx_hal_crc_ex.c ****   return HAL_OK;
 217              		.loc 1 182 3 is_stmt 1 view .LVU47
 183:../../Drivers/STM32L5xx_HAL_Driver/Src/stm32l5xx_hal_crc_ex.c **** }
 218              		.loc 1 183 1 is_stmt 0 view .LVU48
 219 0014 0020     		movs	r0, #0
 220              	.LVL19:
 221              		.loc 1 183 1 view .LVU49
 222 0016 7047     		bx	lr
 223              		.cfi_endproc
 224              	.LFE203:
 226              		.section	.text.HAL_CRCEx_Output_Data_Reverse,"ax",%progbits
 227              		.align	1
 228              		.global	HAL_CRCEx_Output_Data_Reverse
 229              		.syntax unified
 230              		.thumb
 231              		.thumb_func
 233              	HAL_CRCEx_Output_Data_Reverse:
 234              	.LVL20:
 235              	.LFB204:
 184:../../Drivers/STM32L5xx_HAL_Driver/Src/stm32l5xx_hal_crc_ex.c **** 
 185:../../Drivers/STM32L5xx_HAL_Driver/Src/stm32l5xx_hal_crc_ex.c **** /**
 186:../../Drivers/STM32L5xx_HAL_Driver/Src/stm32l5xx_hal_crc_ex.c ****   * @brief  Set the Reverse Output data mode.
 187:../../Drivers/STM32L5xx_HAL_Driver/Src/stm32l5xx_hal_crc_ex.c ****   * @param  hcrc CRC handle
 188:../../Drivers/STM32L5xx_HAL_Driver/Src/stm32l5xx_hal_crc_ex.c ****   * @param  OutputReverseMode Output Data inversion mode.
 189:../../Drivers/STM32L5xx_HAL_Driver/Src/stm32l5xx_hal_crc_ex.c ****   *         This parameter can be one of the following values:
 190:../../Drivers/STM32L5xx_HAL_Driver/Src/stm32l5xx_hal_crc_ex.c ****   *          @arg @ref CRC_OUTPUTDATA_INVERSION_DISABLE no CRC inversion (default value)
 191:../../Drivers/STM32L5xx_HAL_Driver/Src/stm32l5xx_hal_crc_ex.c ****   *          @arg @ref CRC_OUTPUTDATA_INVERSION_ENABLE  bit-level inversion (e.g. for a 8-bit CRC: 
 192:../../Drivers/STM32L5xx_HAL_Driver/Src/stm32l5xx_hal_crc_ex.c ****   * @retval HAL status
 193:../../Drivers/STM32L5xx_HAL_Driver/Src/stm32l5xx_hal_crc_ex.c ****   */
 194:../../Drivers/STM32L5xx_HAL_Driver/Src/stm32l5xx_hal_crc_ex.c **** HAL_StatusTypeDef HAL_CRCEx_Output_Data_Reverse(CRC_HandleTypeDef *hcrc, uint32_t OutputReverseMode
 195:../../Drivers/STM32L5xx_HAL_Driver/Src/stm32l5xx_hal_crc_ex.c **** {
 236              		.loc 1 195 1 is_stmt 1 view -0
 237              		.cfi_startproc
 238              		@ args = 0, pretend = 0, frame = 0
 239              		@ frame_needed = 0, uses_anonymous_args = 0
 240              		@ link register save eliminated.
 196:../../Drivers/STM32L5xx_HAL_Driver/Src/stm32l5xx_hal_crc_ex.c ****   /* Check the parameters */
 197:../../Drivers/STM32L5xx_HAL_Driver/Src/stm32l5xx_hal_crc_ex.c ****   assert_param(IS_CRC_OUTPUTDATA_INVERSION_MODE(OutputReverseMode));
 241              		.loc 1 197 3 view .LVU51
 198:../../Drivers/STM32L5xx_HAL_Driver/Src/stm32l5xx_hal_crc_ex.c **** 
 199:../../Drivers/STM32L5xx_HAL_Driver/Src/stm32l5xx_hal_crc_ex.c ****   /* Change CRC peripheral state */
ARM GAS  /tmp/ccSHixQj.s 			page 9


 200:../../Drivers/STM32L5xx_HAL_Driver/Src/stm32l5xx_hal_crc_ex.c ****   hcrc->State = HAL_CRC_STATE_BUSY;
 242              		.loc 1 200 3 view .LVU52
 243              		.loc 1 200 15 is_stmt 0 view .LVU53
 244 0000 0223     		movs	r3, #2
 245 0002 4377     		strb	r3, [r0, #29]
 201:../../Drivers/STM32L5xx_HAL_Driver/Src/stm32l5xx_hal_crc_ex.c **** 
 202:../../Drivers/STM32L5xx_HAL_Driver/Src/stm32l5xx_hal_crc_ex.c ****   /* set output data inversion mode */
 203:../../Drivers/STM32L5xx_HAL_Driver/Src/stm32l5xx_hal_crc_ex.c ****   MODIFY_REG(hcrc->Instance->CR, CRC_CR_REV_OUT, OutputReverseMode);
 246              		.loc 1 203 3 is_stmt 1 view .LVU54
 247 0004 0268     		ldr	r2, [r0]
 248 0006 9368     		ldr	r3, [r2, #8]
 249 0008 23F08003 		bic	r3, r3, #128
 250 000c 0B43     		orrs	r3, r3, r1
 251 000e 9360     		str	r3, [r2, #8]
 204:../../Drivers/STM32L5xx_HAL_Driver/Src/stm32l5xx_hal_crc_ex.c **** 
 205:../../Drivers/STM32L5xx_HAL_Driver/Src/stm32l5xx_hal_crc_ex.c ****   /* Change CRC peripheral state */
 206:../../Drivers/STM32L5xx_HAL_Driver/Src/stm32l5xx_hal_crc_ex.c ****   hcrc->State = HAL_CRC_STATE_READY;
 252              		.loc 1 206 3 view .LVU55
 253              		.loc 1 206 15 is_stmt 0 view .LVU56
 254 0010 0123     		movs	r3, #1
 255 0012 4377     		strb	r3, [r0, #29]
 207:../../Drivers/STM32L5xx_HAL_Driver/Src/stm32l5xx_hal_crc_ex.c **** 
 208:../../Drivers/STM32L5xx_HAL_Driver/Src/stm32l5xx_hal_crc_ex.c ****   /* Return function status */
 209:../../Drivers/STM32L5xx_HAL_Driver/Src/stm32l5xx_hal_crc_ex.c ****   return HAL_OK;
 256              		.loc 1 209 3 is_stmt 1 view .LVU57
 210:../../Drivers/STM32L5xx_HAL_Driver/Src/stm32l5xx_hal_crc_ex.c **** }
 257              		.loc 1 210 1 is_stmt 0 view .LVU58
 258 0014 0020     		movs	r0, #0
 259              	.LVL21:
 260              		.loc 1 210 1 view .LVU59
 261 0016 7047     		bx	lr
 262              		.cfi_endproc
 263              	.LFE204:
 265              		.text
 266              	.Letext0:
 267              		.file 2 "/usr/lib/gcc/arm-none-eabi/12.2.1/include/stdint.h"
 268              		.file 3 "../../Drivers/CMSIS/Device/ST/STM32L5xx/Include/stm32l562xx.h"
 269              		.file 4 "../../Drivers/STM32L5xx_HAL_Driver/Inc/stm32l5xx_hal_def.h"
 270              		.file 5 "../../Drivers/STM32L5xx_HAL_Driver/Inc/stm32l5xx_hal_crc.h"
ARM GAS  /tmp/ccSHixQj.s 			page 10


DEFINED SYMBOLS
                            *ABS*:00000000 stm32l5xx_hal_crc_ex.c
     /tmp/ccSHixQj.s:22     .text.HAL_CRCEx_Polynomial_Set:00000000 $t
     /tmp/ccSHixQj.s:28     .text.HAL_CRCEx_Polynomial_Set:00000000 HAL_CRCEx_Polynomial_Set
     /tmp/ccSHixQj.s:73     .text.HAL_CRCEx_Polynomial_Set:00000026 $d
     /tmp/ccSHixQj.s:188    .text.HAL_CRCEx_Input_Data_Reverse:00000000 $t
     /tmp/ccSHixQj.s:194    .text.HAL_CRCEx_Input_Data_Reverse:00000000 HAL_CRCEx_Input_Data_Reverse
     /tmp/ccSHixQj.s:227    .text.HAL_CRCEx_Output_Data_Reverse:00000000 $t
     /tmp/ccSHixQj.s:233    .text.HAL_CRCEx_Output_Data_Reverse:00000000 HAL_CRCEx_Output_Data_Reverse
     /tmp/ccSHixQj.s:98     .text.HAL_CRCEx_Polynomial_Set:0000003f $d
     /tmp/ccSHixQj.s:98     .text.HAL_CRCEx_Polynomial_Set:00000040 $t

NO UNDEFINED SYMBOLS
