ARM GAS  /tmp/ccXbXJTb.s 			page 1


   1              		.cpu cortex-m33
   2              		.arch armv8-m.main
   3              		.fpu fpv4-sp-d16
   4              		.arch_extension dsp
   5              		.eabi_attribute 27, 1
   6              		.eabi_attribute 28, 1
   7              		.eabi_attribute 20, 1
   8              		.eabi_attribute 21, 1
   9              		.eabi_attribute 23, 3
  10              		.eabi_attribute 24, 1
  11              		.eabi_attribute 25, 1
  12              		.eabi_attribute 26, 1
  13              		.eabi_attribute 30, 1
  14              		.eabi_attribute 34, 1
  15              		.eabi_attribute 18, 4
  16              		.file	"stm32l5xx_hal_i2c_ex.c"
  17              		.text
  18              	.Ltext0:
  19              		.cfi_sections	.debug_frame
  20              		.file 1 "../../Drivers/STM32L5xx_HAL_Driver/Src/stm32l5xx_hal_i2c_ex.c"
  21              		.section	.text.HAL_I2CEx_ConfigAnalogFilter,"ax",%progbits
  22              		.align	1
  23              		.global	HAL_I2CEx_ConfigAnalogFilter
  24              		.syntax unified
  25              		.thumb
  26              		.thumb_func
  28              	HAL_I2CEx_ConfigAnalogFilter:
  29              	.LVL0:
  30              	.LFB202:
   1:../../Drivers/STM32L5xx_HAL_Driver/Src/stm32l5xx_hal_i2c_ex.c **** /**
   2:../../Drivers/STM32L5xx_HAL_Driver/Src/stm32l5xx_hal_i2c_ex.c ****   ******************************************************************************
   3:../../Drivers/STM32L5xx_HAL_Driver/Src/stm32l5xx_hal_i2c_ex.c ****   * @file    stm32l5xx_hal_i2c_ex.c
   4:../../Drivers/STM32L5xx_HAL_Driver/Src/stm32l5xx_hal_i2c_ex.c ****   * @author  MCD Application Team
   5:../../Drivers/STM32L5xx_HAL_Driver/Src/stm32l5xx_hal_i2c_ex.c ****   * @brief   I2C Extended HAL module driver.
   6:../../Drivers/STM32L5xx_HAL_Driver/Src/stm32l5xx_hal_i2c_ex.c ****   *          This file provides firmware functions to manage the following
   7:../../Drivers/STM32L5xx_HAL_Driver/Src/stm32l5xx_hal_i2c_ex.c ****   *          functionalities of I2C Extended peripheral:
   8:../../Drivers/STM32L5xx_HAL_Driver/Src/stm32l5xx_hal_i2c_ex.c ****   *           + Filter Mode Functions
   9:../../Drivers/STM32L5xx_HAL_Driver/Src/stm32l5xx_hal_i2c_ex.c ****   *           + WakeUp Mode Functions
  10:../../Drivers/STM32L5xx_HAL_Driver/Src/stm32l5xx_hal_i2c_ex.c ****   *           + FastModePlus Functions
  11:../../Drivers/STM32L5xx_HAL_Driver/Src/stm32l5xx_hal_i2c_ex.c ****   *
  12:../../Drivers/STM32L5xx_HAL_Driver/Src/stm32l5xx_hal_i2c_ex.c ****   ******************************************************************************
  13:../../Drivers/STM32L5xx_HAL_Driver/Src/stm32l5xx_hal_i2c_ex.c ****   * @attention
  14:../../Drivers/STM32L5xx_HAL_Driver/Src/stm32l5xx_hal_i2c_ex.c ****   *
  15:../../Drivers/STM32L5xx_HAL_Driver/Src/stm32l5xx_hal_i2c_ex.c ****   * Copyright (c) 2019 STMicroelectronics.
  16:../../Drivers/STM32L5xx_HAL_Driver/Src/stm32l5xx_hal_i2c_ex.c ****   * All rights reserved.
  17:../../Drivers/STM32L5xx_HAL_Driver/Src/stm32l5xx_hal_i2c_ex.c ****   *
  18:../../Drivers/STM32L5xx_HAL_Driver/Src/stm32l5xx_hal_i2c_ex.c ****   * This software is licensed under terms that can be found in the LICENSE file
  19:../../Drivers/STM32L5xx_HAL_Driver/Src/stm32l5xx_hal_i2c_ex.c ****   * in the root directory of this software component.
  20:../../Drivers/STM32L5xx_HAL_Driver/Src/stm32l5xx_hal_i2c_ex.c ****   * If no LICENSE file comes with this software, it is provided AS-IS.
  21:../../Drivers/STM32L5xx_HAL_Driver/Src/stm32l5xx_hal_i2c_ex.c ****   *
  22:../../Drivers/STM32L5xx_HAL_Driver/Src/stm32l5xx_hal_i2c_ex.c ****   ******************************************************************************
  23:../../Drivers/STM32L5xx_HAL_Driver/Src/stm32l5xx_hal_i2c_ex.c ****   @verbatim
  24:../../Drivers/STM32L5xx_HAL_Driver/Src/stm32l5xx_hal_i2c_ex.c ****   ==============================================================================
  25:../../Drivers/STM32L5xx_HAL_Driver/Src/stm32l5xx_hal_i2c_ex.c ****                ##### I2C peripheral Extended features  #####
  26:../../Drivers/STM32L5xx_HAL_Driver/Src/stm32l5xx_hal_i2c_ex.c ****   ==============================================================================
  27:../../Drivers/STM32L5xx_HAL_Driver/Src/stm32l5xx_hal_i2c_ex.c **** 
  28:../../Drivers/STM32L5xx_HAL_Driver/Src/stm32l5xx_hal_i2c_ex.c ****   [..] Comparing to other previous devices, the I2C interface for STM32L5xx
ARM GAS  /tmp/ccXbXJTb.s 			page 2


  29:../../Drivers/STM32L5xx_HAL_Driver/Src/stm32l5xx_hal_i2c_ex.c ****        devices contains the following additional features
  30:../../Drivers/STM32L5xx_HAL_Driver/Src/stm32l5xx_hal_i2c_ex.c **** 
  31:../../Drivers/STM32L5xx_HAL_Driver/Src/stm32l5xx_hal_i2c_ex.c ****        (+) Possibility to disable or enable Analog Noise Filter
  32:../../Drivers/STM32L5xx_HAL_Driver/Src/stm32l5xx_hal_i2c_ex.c ****        (+) Use of a configured Digital Noise Filter
  33:../../Drivers/STM32L5xx_HAL_Driver/Src/stm32l5xx_hal_i2c_ex.c ****        (+) Disable or enable wakeup from Stop mode(s)
  34:../../Drivers/STM32L5xx_HAL_Driver/Src/stm32l5xx_hal_i2c_ex.c ****        (+) Disable or enable Fast Mode Plus
  35:../../Drivers/STM32L5xx_HAL_Driver/Src/stm32l5xx_hal_i2c_ex.c **** 
  36:../../Drivers/STM32L5xx_HAL_Driver/Src/stm32l5xx_hal_i2c_ex.c ****                      ##### How to use this driver #####
  37:../../Drivers/STM32L5xx_HAL_Driver/Src/stm32l5xx_hal_i2c_ex.c ****   ==============================================================================
  38:../../Drivers/STM32L5xx_HAL_Driver/Src/stm32l5xx_hal_i2c_ex.c ****   [..] This driver provides functions to configure Noise Filter and Wake Up Feature
  39:../../Drivers/STM32L5xx_HAL_Driver/Src/stm32l5xx_hal_i2c_ex.c ****     (#) Configure I2C Analog noise filter using the function HAL_I2CEx_ConfigAnalogFilter()
  40:../../Drivers/STM32L5xx_HAL_Driver/Src/stm32l5xx_hal_i2c_ex.c ****     (#) Configure I2C Digital noise filter using the function HAL_I2CEx_ConfigDigitalFilter()
  41:../../Drivers/STM32L5xx_HAL_Driver/Src/stm32l5xx_hal_i2c_ex.c ****     (#) Configure the enable or disable of I2C Wake Up Mode using the functions :
  42:../../Drivers/STM32L5xx_HAL_Driver/Src/stm32l5xx_hal_i2c_ex.c ****           (++) HAL_I2CEx_EnableWakeUp()
  43:../../Drivers/STM32L5xx_HAL_Driver/Src/stm32l5xx_hal_i2c_ex.c ****           (++) HAL_I2CEx_DisableWakeUp()
  44:../../Drivers/STM32L5xx_HAL_Driver/Src/stm32l5xx_hal_i2c_ex.c ****     (#) Configure the enable or disable of fast mode plus driving capability using the functions :
  45:../../Drivers/STM32L5xx_HAL_Driver/Src/stm32l5xx_hal_i2c_ex.c ****           (++) HAL_I2CEx_EnableFastModePlus()
  46:../../Drivers/STM32L5xx_HAL_Driver/Src/stm32l5xx_hal_i2c_ex.c ****           (++) HAL_I2CEx_DisableFastModePlus()
  47:../../Drivers/STM32L5xx_HAL_Driver/Src/stm32l5xx_hal_i2c_ex.c ****   @endverbatim
  48:../../Drivers/STM32L5xx_HAL_Driver/Src/stm32l5xx_hal_i2c_ex.c ****   */
  49:../../Drivers/STM32L5xx_HAL_Driver/Src/stm32l5xx_hal_i2c_ex.c **** 
  50:../../Drivers/STM32L5xx_HAL_Driver/Src/stm32l5xx_hal_i2c_ex.c **** /* Includes ------------------------------------------------------------------*/
  51:../../Drivers/STM32L5xx_HAL_Driver/Src/stm32l5xx_hal_i2c_ex.c **** #include "stm32l5xx_hal.h"
  52:../../Drivers/STM32L5xx_HAL_Driver/Src/stm32l5xx_hal_i2c_ex.c **** 
  53:../../Drivers/STM32L5xx_HAL_Driver/Src/stm32l5xx_hal_i2c_ex.c **** /** @addtogroup STM32L5xx_HAL_Driver
  54:../../Drivers/STM32L5xx_HAL_Driver/Src/stm32l5xx_hal_i2c_ex.c ****   * @{
  55:../../Drivers/STM32L5xx_HAL_Driver/Src/stm32l5xx_hal_i2c_ex.c ****   */
  56:../../Drivers/STM32L5xx_HAL_Driver/Src/stm32l5xx_hal_i2c_ex.c **** 
  57:../../Drivers/STM32L5xx_HAL_Driver/Src/stm32l5xx_hal_i2c_ex.c **** /** @defgroup I2CEx I2CEx
  58:../../Drivers/STM32L5xx_HAL_Driver/Src/stm32l5xx_hal_i2c_ex.c ****   * @brief I2C Extended HAL module driver
  59:../../Drivers/STM32L5xx_HAL_Driver/Src/stm32l5xx_hal_i2c_ex.c ****   * @{
  60:../../Drivers/STM32L5xx_HAL_Driver/Src/stm32l5xx_hal_i2c_ex.c ****   */
  61:../../Drivers/STM32L5xx_HAL_Driver/Src/stm32l5xx_hal_i2c_ex.c **** 
  62:../../Drivers/STM32L5xx_HAL_Driver/Src/stm32l5xx_hal_i2c_ex.c **** #ifdef HAL_I2C_MODULE_ENABLED
  63:../../Drivers/STM32L5xx_HAL_Driver/Src/stm32l5xx_hal_i2c_ex.c **** 
  64:../../Drivers/STM32L5xx_HAL_Driver/Src/stm32l5xx_hal_i2c_ex.c **** /* Private typedef -----------------------------------------------------------*/
  65:../../Drivers/STM32L5xx_HAL_Driver/Src/stm32l5xx_hal_i2c_ex.c **** /* Private define ------------------------------------------------------------*/
  66:../../Drivers/STM32L5xx_HAL_Driver/Src/stm32l5xx_hal_i2c_ex.c **** /* Private macro -------------------------------------------------------------*/
  67:../../Drivers/STM32L5xx_HAL_Driver/Src/stm32l5xx_hal_i2c_ex.c **** /* Private variables ---------------------------------------------------------*/
  68:../../Drivers/STM32L5xx_HAL_Driver/Src/stm32l5xx_hal_i2c_ex.c **** /* Private function prototypes -----------------------------------------------*/
  69:../../Drivers/STM32L5xx_HAL_Driver/Src/stm32l5xx_hal_i2c_ex.c **** /* Private functions ---------------------------------------------------------*/
  70:../../Drivers/STM32L5xx_HAL_Driver/Src/stm32l5xx_hal_i2c_ex.c **** 
  71:../../Drivers/STM32L5xx_HAL_Driver/Src/stm32l5xx_hal_i2c_ex.c **** /** @defgroup I2CEx_Exported_Functions I2C Extended Exported Functions
  72:../../Drivers/STM32L5xx_HAL_Driver/Src/stm32l5xx_hal_i2c_ex.c ****   * @{
  73:../../Drivers/STM32L5xx_HAL_Driver/Src/stm32l5xx_hal_i2c_ex.c ****   */
  74:../../Drivers/STM32L5xx_HAL_Driver/Src/stm32l5xx_hal_i2c_ex.c **** 
  75:../../Drivers/STM32L5xx_HAL_Driver/Src/stm32l5xx_hal_i2c_ex.c **** /** @defgroup I2CEx_Exported_Functions_Group1 Filter Mode Functions
  76:../../Drivers/STM32L5xx_HAL_Driver/Src/stm32l5xx_hal_i2c_ex.c ****   * @brief    Filter Mode Functions
  77:../../Drivers/STM32L5xx_HAL_Driver/Src/stm32l5xx_hal_i2c_ex.c ****   *
  78:../../Drivers/STM32L5xx_HAL_Driver/Src/stm32l5xx_hal_i2c_ex.c **** @verbatim
  79:../../Drivers/STM32L5xx_HAL_Driver/Src/stm32l5xx_hal_i2c_ex.c ****  ===============================================================================
  80:../../Drivers/STM32L5xx_HAL_Driver/Src/stm32l5xx_hal_i2c_ex.c ****                       ##### Filter Mode Functions #####
  81:../../Drivers/STM32L5xx_HAL_Driver/Src/stm32l5xx_hal_i2c_ex.c ****  ===============================================================================
  82:../../Drivers/STM32L5xx_HAL_Driver/Src/stm32l5xx_hal_i2c_ex.c ****     [..] This section provides functions allowing to:
  83:../../Drivers/STM32L5xx_HAL_Driver/Src/stm32l5xx_hal_i2c_ex.c ****       (+) Configure Noise Filters
  84:../../Drivers/STM32L5xx_HAL_Driver/Src/stm32l5xx_hal_i2c_ex.c **** 
  85:../../Drivers/STM32L5xx_HAL_Driver/Src/stm32l5xx_hal_i2c_ex.c **** @endverbatim
ARM GAS  /tmp/ccXbXJTb.s 			page 3


  86:../../Drivers/STM32L5xx_HAL_Driver/Src/stm32l5xx_hal_i2c_ex.c ****   * @{
  87:../../Drivers/STM32L5xx_HAL_Driver/Src/stm32l5xx_hal_i2c_ex.c ****   */
  88:../../Drivers/STM32L5xx_HAL_Driver/Src/stm32l5xx_hal_i2c_ex.c **** 
  89:../../Drivers/STM32L5xx_HAL_Driver/Src/stm32l5xx_hal_i2c_ex.c **** /**
  90:../../Drivers/STM32L5xx_HAL_Driver/Src/stm32l5xx_hal_i2c_ex.c ****   * @brief  Configure I2C Analog noise filter.
  91:../../Drivers/STM32L5xx_HAL_Driver/Src/stm32l5xx_hal_i2c_ex.c ****   * @param  hi2c Pointer to a I2C_HandleTypeDef structure that contains
  92:../../Drivers/STM32L5xx_HAL_Driver/Src/stm32l5xx_hal_i2c_ex.c ****   *                the configuration information for the specified I2Cx peripheral.
  93:../../Drivers/STM32L5xx_HAL_Driver/Src/stm32l5xx_hal_i2c_ex.c ****   * @param  AnalogFilter New state of the Analog filter.
  94:../../Drivers/STM32L5xx_HAL_Driver/Src/stm32l5xx_hal_i2c_ex.c ****   * @retval HAL status
  95:../../Drivers/STM32L5xx_HAL_Driver/Src/stm32l5xx_hal_i2c_ex.c ****   */
  96:../../Drivers/STM32L5xx_HAL_Driver/Src/stm32l5xx_hal_i2c_ex.c **** HAL_StatusTypeDef HAL_I2CEx_ConfigAnalogFilter(I2C_HandleTypeDef *hi2c, uint32_t AnalogFilter)
  97:../../Drivers/STM32L5xx_HAL_Driver/Src/stm32l5xx_hal_i2c_ex.c **** {
  31              		.loc 1 97 1 view -0
  32              		.cfi_startproc
  33              		@ args = 0, pretend = 0, frame = 0
  34              		@ frame_needed = 0, uses_anonymous_args = 0
  35              		@ link register save eliminated.
  36              		.loc 1 97 1 is_stmt 0 view .LVU1
  37 0000 0346     		mov	r3, r0
  98:../../Drivers/STM32L5xx_HAL_Driver/Src/stm32l5xx_hal_i2c_ex.c ****   /* Check the parameters */
  99:../../Drivers/STM32L5xx_HAL_Driver/Src/stm32l5xx_hal_i2c_ex.c ****   assert_param(IS_I2C_ALL_INSTANCE(hi2c->Instance));
  38              		.loc 1 99 3 is_stmt 1 view .LVU2
 100:../../Drivers/STM32L5xx_HAL_Driver/Src/stm32l5xx_hal_i2c_ex.c ****   assert_param(IS_I2C_ANALOG_FILTER(AnalogFilter));
  39              		.loc 1 100 3 view .LVU3
 101:../../Drivers/STM32L5xx_HAL_Driver/Src/stm32l5xx_hal_i2c_ex.c **** 
 102:../../Drivers/STM32L5xx_HAL_Driver/Src/stm32l5xx_hal_i2c_ex.c ****   if (hi2c->State == HAL_I2C_STATE_READY)
  40              		.loc 1 102 3 view .LVU4
  41              		.loc 1 102 11 is_stmt 0 view .LVU5
  42 0002 90F84120 		ldrb	r2, [r0, #65]	@ zero_extendqisi2
  43 0006 D2B2     		uxtb	r2, r2
  44              		.loc 1 102 6 view .LVU6
  45 0008 202A     		cmp	r2, #32
  46 000a 23D1     		bne	.L3
 103:../../Drivers/STM32L5xx_HAL_Driver/Src/stm32l5xx_hal_i2c_ex.c ****   {
 104:../../Drivers/STM32L5xx_HAL_Driver/Src/stm32l5xx_hal_i2c_ex.c ****     /* Process Locked */
 105:../../Drivers/STM32L5xx_HAL_Driver/Src/stm32l5xx_hal_i2c_ex.c ****     __HAL_LOCK(hi2c);
  47              		.loc 1 105 5 is_stmt 1 view .LVU7
  48              		.loc 1 105 5 view .LVU8
  49 000c 90F84020 		ldrb	r2, [r0, #64]	@ zero_extendqisi2
  50 0010 012A     		cmp	r2, #1
  51 0012 21D0     		beq	.L4
  52              		.loc 1 105 5 discriminator 2 view .LVU9
  53 0014 0122     		movs	r2, #1
  54 0016 80F84020 		strb	r2, [r0, #64]
  55              		.loc 1 105 5 discriminator 2 view .LVU10
 106:../../Drivers/STM32L5xx_HAL_Driver/Src/stm32l5xx_hal_i2c_ex.c **** 
 107:../../Drivers/STM32L5xx_HAL_Driver/Src/stm32l5xx_hal_i2c_ex.c ****     hi2c->State = HAL_I2C_STATE_BUSY;
  56              		.loc 1 107 5 discriminator 2 view .LVU11
  57              		.loc 1 107 17 is_stmt 0 discriminator 2 view .LVU12
  58 001a 2422     		movs	r2, #36
  59 001c 80F84120 		strb	r2, [r0, #65]
 108:../../Drivers/STM32L5xx_HAL_Driver/Src/stm32l5xx_hal_i2c_ex.c **** 
 109:../../Drivers/STM32L5xx_HAL_Driver/Src/stm32l5xx_hal_i2c_ex.c ****     /* Disable the selected I2C peripheral */
 110:../../Drivers/STM32L5xx_HAL_Driver/Src/stm32l5xx_hal_i2c_ex.c ****     __HAL_I2C_DISABLE(hi2c);
  60              		.loc 1 110 5 is_stmt 1 discriminator 2 view .LVU13
  61 0020 0068     		ldr	r0, [r0]
  62              	.LVL1:
ARM GAS  /tmp/ccXbXJTb.s 			page 4


  63              		.loc 1 110 5 is_stmt 0 discriminator 2 view .LVU14
  64 0022 0268     		ldr	r2, [r0]
  65 0024 22F00102 		bic	r2, r2, #1
  66 0028 0260     		str	r2, [r0]
 111:../../Drivers/STM32L5xx_HAL_Driver/Src/stm32l5xx_hal_i2c_ex.c **** 
 112:../../Drivers/STM32L5xx_HAL_Driver/Src/stm32l5xx_hal_i2c_ex.c ****     /* Reset I2Cx ANOFF bit */
 113:../../Drivers/STM32L5xx_HAL_Driver/Src/stm32l5xx_hal_i2c_ex.c ****     hi2c->Instance->CR1 &= ~(I2C_CR1_ANFOFF);
  67              		.loc 1 113 5 is_stmt 1 discriminator 2 view .LVU15
  68              		.loc 1 113 9 is_stmt 0 discriminator 2 view .LVU16
  69 002a 1868     		ldr	r0, [r3]
  70              		.loc 1 113 19 discriminator 2 view .LVU17
  71 002c 0268     		ldr	r2, [r0]
  72              		.loc 1 113 25 discriminator 2 view .LVU18
  73 002e 22F48052 		bic	r2, r2, #4096
  74 0032 0260     		str	r2, [r0]
 114:../../Drivers/STM32L5xx_HAL_Driver/Src/stm32l5xx_hal_i2c_ex.c **** 
 115:../../Drivers/STM32L5xx_HAL_Driver/Src/stm32l5xx_hal_i2c_ex.c ****     /* Set analog filter bit*/
 116:../../Drivers/STM32L5xx_HAL_Driver/Src/stm32l5xx_hal_i2c_ex.c ****     hi2c->Instance->CR1 |= AnalogFilter;
  75              		.loc 1 116 5 is_stmt 1 discriminator 2 view .LVU19
  76              		.loc 1 116 9 is_stmt 0 discriminator 2 view .LVU20
  77 0034 1868     		ldr	r0, [r3]
  78              		.loc 1 116 19 discriminator 2 view .LVU21
  79 0036 0268     		ldr	r2, [r0]
  80              		.loc 1 116 25 discriminator 2 view .LVU22
  81 0038 1143     		orrs	r1, r1, r2
  82              	.LVL2:
  83              		.loc 1 116 25 discriminator 2 view .LVU23
  84 003a 0160     		str	r1, [r0]
 117:../../Drivers/STM32L5xx_HAL_Driver/Src/stm32l5xx_hal_i2c_ex.c **** 
 118:../../Drivers/STM32L5xx_HAL_Driver/Src/stm32l5xx_hal_i2c_ex.c ****     __HAL_I2C_ENABLE(hi2c);
  85              		.loc 1 118 5 is_stmt 1 discriminator 2 view .LVU24
  86 003c 1968     		ldr	r1, [r3]
  87 003e 0A68     		ldr	r2, [r1]
  88 0040 42F00102 		orr	r2, r2, #1
  89 0044 0A60     		str	r2, [r1]
 119:../../Drivers/STM32L5xx_HAL_Driver/Src/stm32l5xx_hal_i2c_ex.c **** 
 120:../../Drivers/STM32L5xx_HAL_Driver/Src/stm32l5xx_hal_i2c_ex.c ****     hi2c->State = HAL_I2C_STATE_READY;
  90              		.loc 1 120 5 discriminator 2 view .LVU25
  91              		.loc 1 120 17 is_stmt 0 discriminator 2 view .LVU26
  92 0046 2022     		movs	r2, #32
  93 0048 83F84120 		strb	r2, [r3, #65]
 121:../../Drivers/STM32L5xx_HAL_Driver/Src/stm32l5xx_hal_i2c_ex.c **** 
 122:../../Drivers/STM32L5xx_HAL_Driver/Src/stm32l5xx_hal_i2c_ex.c ****     /* Process Unlocked */
 123:../../Drivers/STM32L5xx_HAL_Driver/Src/stm32l5xx_hal_i2c_ex.c ****     __HAL_UNLOCK(hi2c);
  94              		.loc 1 123 5 is_stmt 1 discriminator 2 view .LVU27
  95              		.loc 1 123 5 discriminator 2 view .LVU28
  96 004c 0020     		movs	r0, #0
  97 004e 83F84000 		strb	r0, [r3, #64]
  98              		.loc 1 123 5 discriminator 2 view .LVU29
 124:../../Drivers/STM32L5xx_HAL_Driver/Src/stm32l5xx_hal_i2c_ex.c **** 
 125:../../Drivers/STM32L5xx_HAL_Driver/Src/stm32l5xx_hal_i2c_ex.c ****     return HAL_OK;
  99              		.loc 1 125 5 discriminator 2 view .LVU30
 100              		.loc 1 125 12 is_stmt 0 discriminator 2 view .LVU31
 101 0052 7047     		bx	lr
 102              	.LVL3:
 103              	.L3:
 126:../../Drivers/STM32L5xx_HAL_Driver/Src/stm32l5xx_hal_i2c_ex.c ****   }
ARM GAS  /tmp/ccXbXJTb.s 			page 5


 127:../../Drivers/STM32L5xx_HAL_Driver/Src/stm32l5xx_hal_i2c_ex.c ****   else
 128:../../Drivers/STM32L5xx_HAL_Driver/Src/stm32l5xx_hal_i2c_ex.c ****   {
 129:../../Drivers/STM32L5xx_HAL_Driver/Src/stm32l5xx_hal_i2c_ex.c ****     return HAL_BUSY;
 104              		.loc 1 129 12 view .LVU32
 105 0054 0220     		movs	r0, #2
 106              	.LVL4:
 107              		.loc 1 129 12 view .LVU33
 108 0056 7047     		bx	lr
 109              	.LVL5:
 110              	.L4:
 105:../../Drivers/STM32L5xx_HAL_Driver/Src/stm32l5xx_hal_i2c_ex.c **** 
 111              		.loc 1 105 5 view .LVU34
 112 0058 0220     		movs	r0, #2
 113              	.LVL6:
 130:../../Drivers/STM32L5xx_HAL_Driver/Src/stm32l5xx_hal_i2c_ex.c ****   }
 131:../../Drivers/STM32L5xx_HAL_Driver/Src/stm32l5xx_hal_i2c_ex.c **** }
 114              		.loc 1 131 1 view .LVU35
 115 005a 7047     		bx	lr
 116              		.cfi_endproc
 117              	.LFE202:
 119              		.section	.text.HAL_I2CEx_ConfigDigitalFilter,"ax",%progbits
 120              		.align	1
 121              		.global	HAL_I2CEx_ConfigDigitalFilter
 122              		.syntax unified
 123              		.thumb
 124              		.thumb_func
 126              	HAL_I2CEx_ConfigDigitalFilter:
 127              	.LVL7:
 128              	.LFB203:
 132:../../Drivers/STM32L5xx_HAL_Driver/Src/stm32l5xx_hal_i2c_ex.c **** 
 133:../../Drivers/STM32L5xx_HAL_Driver/Src/stm32l5xx_hal_i2c_ex.c **** /**
 134:../../Drivers/STM32L5xx_HAL_Driver/Src/stm32l5xx_hal_i2c_ex.c ****   * @brief  Configure I2C Digital noise filter.
 135:../../Drivers/STM32L5xx_HAL_Driver/Src/stm32l5xx_hal_i2c_ex.c ****   * @param  hi2c Pointer to a I2C_HandleTypeDef structure that contains
 136:../../Drivers/STM32L5xx_HAL_Driver/Src/stm32l5xx_hal_i2c_ex.c ****   *                the configuration information for the specified I2Cx peripheral.
 137:../../Drivers/STM32L5xx_HAL_Driver/Src/stm32l5xx_hal_i2c_ex.c ****   * @param  DigitalFilter Coefficient of digital noise filter between Min_Data=0x00 and Max_Data=0x
 138:../../Drivers/STM32L5xx_HAL_Driver/Src/stm32l5xx_hal_i2c_ex.c ****   * @retval HAL status
 139:../../Drivers/STM32L5xx_HAL_Driver/Src/stm32l5xx_hal_i2c_ex.c ****   */
 140:../../Drivers/STM32L5xx_HAL_Driver/Src/stm32l5xx_hal_i2c_ex.c **** HAL_StatusTypeDef HAL_I2CEx_ConfigDigitalFilter(I2C_HandleTypeDef *hi2c, uint32_t DigitalFilter)
 141:../../Drivers/STM32L5xx_HAL_Driver/Src/stm32l5xx_hal_i2c_ex.c **** {
 129              		.loc 1 141 1 is_stmt 1 view -0
 130              		.cfi_startproc
 131              		@ args = 0, pretend = 0, frame = 0
 132              		@ frame_needed = 0, uses_anonymous_args = 0
 133              		@ link register save eliminated.
 134              		.loc 1 141 1 is_stmt 0 view .LVU37
 135 0000 0346     		mov	r3, r0
 142:../../Drivers/STM32L5xx_HAL_Driver/Src/stm32l5xx_hal_i2c_ex.c ****   uint32_t tmpreg;
 136              		.loc 1 142 3 is_stmt 1 view .LVU38
 143:../../Drivers/STM32L5xx_HAL_Driver/Src/stm32l5xx_hal_i2c_ex.c **** 
 144:../../Drivers/STM32L5xx_HAL_Driver/Src/stm32l5xx_hal_i2c_ex.c ****   /* Check the parameters */
 145:../../Drivers/STM32L5xx_HAL_Driver/Src/stm32l5xx_hal_i2c_ex.c ****   assert_param(IS_I2C_ALL_INSTANCE(hi2c->Instance));
 137              		.loc 1 145 3 view .LVU39
 146:../../Drivers/STM32L5xx_HAL_Driver/Src/stm32l5xx_hal_i2c_ex.c ****   assert_param(IS_I2C_DIGITAL_FILTER(DigitalFilter));
 138              		.loc 1 146 3 view .LVU40
 147:../../Drivers/STM32L5xx_HAL_Driver/Src/stm32l5xx_hal_i2c_ex.c **** 
 148:../../Drivers/STM32L5xx_HAL_Driver/Src/stm32l5xx_hal_i2c_ex.c ****   if (hi2c->State == HAL_I2C_STATE_READY)
 139              		.loc 1 148 3 view .LVU41
ARM GAS  /tmp/ccXbXJTb.s 			page 6


 140              		.loc 1 148 11 is_stmt 0 view .LVU42
 141 0002 90F84120 		ldrb	r2, [r0, #65]	@ zero_extendqisi2
 142 0006 D2B2     		uxtb	r2, r2
 143              		.loc 1 148 6 view .LVU43
 144 0008 202A     		cmp	r2, #32
 145 000a 21D1     		bne	.L7
 149:../../Drivers/STM32L5xx_HAL_Driver/Src/stm32l5xx_hal_i2c_ex.c ****   {
 150:../../Drivers/STM32L5xx_HAL_Driver/Src/stm32l5xx_hal_i2c_ex.c ****     /* Process Locked */
 151:../../Drivers/STM32L5xx_HAL_Driver/Src/stm32l5xx_hal_i2c_ex.c ****     __HAL_LOCK(hi2c);
 146              		.loc 1 151 5 is_stmt 1 view .LVU44
 147              		.loc 1 151 5 view .LVU45
 148 000c 90F84020 		ldrb	r2, [r0, #64]	@ zero_extendqisi2
 149 0010 012A     		cmp	r2, #1
 150 0012 1FD0     		beq	.L8
 151              		.loc 1 151 5 discriminator 2 view .LVU46
 152 0014 0122     		movs	r2, #1
 153 0016 80F84020 		strb	r2, [r0, #64]
 154              		.loc 1 151 5 discriminator 2 view .LVU47
 152:../../Drivers/STM32L5xx_HAL_Driver/Src/stm32l5xx_hal_i2c_ex.c **** 
 153:../../Drivers/STM32L5xx_HAL_Driver/Src/stm32l5xx_hal_i2c_ex.c ****     hi2c->State = HAL_I2C_STATE_BUSY;
 155              		.loc 1 153 5 discriminator 2 view .LVU48
 156              		.loc 1 153 17 is_stmt 0 discriminator 2 view .LVU49
 157 001a 2422     		movs	r2, #36
 158 001c 80F84120 		strb	r2, [r0, #65]
 154:../../Drivers/STM32L5xx_HAL_Driver/Src/stm32l5xx_hal_i2c_ex.c **** 
 155:../../Drivers/STM32L5xx_HAL_Driver/Src/stm32l5xx_hal_i2c_ex.c ****     /* Disable the selected I2C peripheral */
 156:../../Drivers/STM32L5xx_HAL_Driver/Src/stm32l5xx_hal_i2c_ex.c ****     __HAL_I2C_DISABLE(hi2c);
 159              		.loc 1 156 5 is_stmt 1 discriminator 2 view .LVU50
 160 0020 0068     		ldr	r0, [r0]
 161              	.LVL8:
 162              		.loc 1 156 5 is_stmt 0 discriminator 2 view .LVU51
 163 0022 0268     		ldr	r2, [r0]
 164 0024 22F00102 		bic	r2, r2, #1
 165 0028 0260     		str	r2, [r0]
 157:../../Drivers/STM32L5xx_HAL_Driver/Src/stm32l5xx_hal_i2c_ex.c **** 
 158:../../Drivers/STM32L5xx_HAL_Driver/Src/stm32l5xx_hal_i2c_ex.c ****     /* Get the old register value */
 159:../../Drivers/STM32L5xx_HAL_Driver/Src/stm32l5xx_hal_i2c_ex.c ****     tmpreg = hi2c->Instance->CR1;
 166              		.loc 1 159 5 is_stmt 1 discriminator 2 view .LVU52
 167              		.loc 1 159 18 is_stmt 0 discriminator 2 view .LVU53
 168 002a 1868     		ldr	r0, [r3]
 169              		.loc 1 159 12 discriminator 2 view .LVU54
 170 002c 0268     		ldr	r2, [r0]
 171              	.LVL9:
 160:../../Drivers/STM32L5xx_HAL_Driver/Src/stm32l5xx_hal_i2c_ex.c **** 
 161:../../Drivers/STM32L5xx_HAL_Driver/Src/stm32l5xx_hal_i2c_ex.c ****     /* Reset I2Cx DNF bits [11:8] */
 162:../../Drivers/STM32L5xx_HAL_Driver/Src/stm32l5xx_hal_i2c_ex.c ****     tmpreg &= ~(I2C_CR1_DNF);
 172              		.loc 1 162 5 is_stmt 1 discriminator 2 view .LVU55
 173              		.loc 1 162 12 is_stmt 0 discriminator 2 view .LVU56
 174 002e 22F47062 		bic	r2, r2, #3840
 175              	.LVL10:
 163:../../Drivers/STM32L5xx_HAL_Driver/Src/stm32l5xx_hal_i2c_ex.c **** 
 164:../../Drivers/STM32L5xx_HAL_Driver/Src/stm32l5xx_hal_i2c_ex.c ****     /* Set I2Cx DNF coefficient */
 165:../../Drivers/STM32L5xx_HAL_Driver/Src/stm32l5xx_hal_i2c_ex.c ****     tmpreg |= DigitalFilter << 8U;
 176              		.loc 1 165 5 is_stmt 1 discriminator 2 view .LVU57
 177              		.loc 1 165 12 is_stmt 0 discriminator 2 view .LVU58
 178 0032 42EA0122 		orr	r2, r2, r1, lsl #8
 179              	.LVL11:
ARM GAS  /tmp/ccXbXJTb.s 			page 7


 166:../../Drivers/STM32L5xx_HAL_Driver/Src/stm32l5xx_hal_i2c_ex.c **** 
 167:../../Drivers/STM32L5xx_HAL_Driver/Src/stm32l5xx_hal_i2c_ex.c ****     /* Store the new register value */
 168:../../Drivers/STM32L5xx_HAL_Driver/Src/stm32l5xx_hal_i2c_ex.c ****     hi2c->Instance->CR1 = tmpreg;
 180              		.loc 1 168 5 is_stmt 1 discriminator 2 view .LVU59
 181              		.loc 1 168 25 is_stmt 0 discriminator 2 view .LVU60
 182 0036 0260     		str	r2, [r0]
 169:../../Drivers/STM32L5xx_HAL_Driver/Src/stm32l5xx_hal_i2c_ex.c **** 
 170:../../Drivers/STM32L5xx_HAL_Driver/Src/stm32l5xx_hal_i2c_ex.c ****     __HAL_I2C_ENABLE(hi2c);
 183              		.loc 1 170 5 is_stmt 1 discriminator 2 view .LVU61
 184 0038 1968     		ldr	r1, [r3]
 185              	.LVL12:
 186              		.loc 1 170 5 is_stmt 0 discriminator 2 view .LVU62
 187 003a 0A68     		ldr	r2, [r1]
 188              	.LVL13:
 189              		.loc 1 170 5 discriminator 2 view .LVU63
 190 003c 42F00102 		orr	r2, r2, #1
 191 0040 0A60     		str	r2, [r1]
 192              	.LVL14:
 171:../../Drivers/STM32L5xx_HAL_Driver/Src/stm32l5xx_hal_i2c_ex.c **** 
 172:../../Drivers/STM32L5xx_HAL_Driver/Src/stm32l5xx_hal_i2c_ex.c ****     hi2c->State = HAL_I2C_STATE_READY;
 193              		.loc 1 172 5 is_stmt 1 discriminator 2 view .LVU64
 194              		.loc 1 172 17 is_stmt 0 discriminator 2 view .LVU65
 195 0042 2022     		movs	r2, #32
 196 0044 83F84120 		strb	r2, [r3, #65]
 173:../../Drivers/STM32L5xx_HAL_Driver/Src/stm32l5xx_hal_i2c_ex.c **** 
 174:../../Drivers/STM32L5xx_HAL_Driver/Src/stm32l5xx_hal_i2c_ex.c ****     /* Process Unlocked */
 175:../../Drivers/STM32L5xx_HAL_Driver/Src/stm32l5xx_hal_i2c_ex.c ****     __HAL_UNLOCK(hi2c);
 197              		.loc 1 175 5 is_stmt 1 discriminator 2 view .LVU66
 198              		.loc 1 175 5 discriminator 2 view .LVU67
 199 0048 0020     		movs	r0, #0
 200 004a 83F84000 		strb	r0, [r3, #64]
 201              		.loc 1 175 5 discriminator 2 view .LVU68
 176:../../Drivers/STM32L5xx_HAL_Driver/Src/stm32l5xx_hal_i2c_ex.c **** 
 177:../../Drivers/STM32L5xx_HAL_Driver/Src/stm32l5xx_hal_i2c_ex.c ****     return HAL_OK;
 202              		.loc 1 177 5 discriminator 2 view .LVU69
 203              		.loc 1 177 12 is_stmt 0 discriminator 2 view .LVU70
 204 004e 7047     		bx	lr
 205              	.LVL15:
 206              	.L7:
 178:../../Drivers/STM32L5xx_HAL_Driver/Src/stm32l5xx_hal_i2c_ex.c ****   }
 179:../../Drivers/STM32L5xx_HAL_Driver/Src/stm32l5xx_hal_i2c_ex.c ****   else
 180:../../Drivers/STM32L5xx_HAL_Driver/Src/stm32l5xx_hal_i2c_ex.c ****   {
 181:../../Drivers/STM32L5xx_HAL_Driver/Src/stm32l5xx_hal_i2c_ex.c ****     return HAL_BUSY;
 207              		.loc 1 181 12 view .LVU71
 208 0050 0220     		movs	r0, #2
 209              	.LVL16:
 210              		.loc 1 181 12 view .LVU72
 211 0052 7047     		bx	lr
 212              	.LVL17:
 213              	.L8:
 151:../../Drivers/STM32L5xx_HAL_Driver/Src/stm32l5xx_hal_i2c_ex.c **** 
 214              		.loc 1 151 5 view .LVU73
 215 0054 0220     		movs	r0, #2
 216              	.LVL18:
 182:../../Drivers/STM32L5xx_HAL_Driver/Src/stm32l5xx_hal_i2c_ex.c ****   }
 183:../../Drivers/STM32L5xx_HAL_Driver/Src/stm32l5xx_hal_i2c_ex.c **** }
 217              		.loc 1 183 1 view .LVU74
ARM GAS  /tmp/ccXbXJTb.s 			page 8


 218 0056 7047     		bx	lr
 219              		.cfi_endproc
 220              	.LFE203:
 222              		.section	.text.HAL_I2CEx_EnableWakeUp,"ax",%progbits
 223              		.align	1
 224              		.global	HAL_I2CEx_EnableWakeUp
 225              		.syntax unified
 226              		.thumb
 227              		.thumb_func
 229              	HAL_I2CEx_EnableWakeUp:
 230              	.LVL19:
 231              	.LFB204:
 184:../../Drivers/STM32L5xx_HAL_Driver/Src/stm32l5xx_hal_i2c_ex.c **** /**
 185:../../Drivers/STM32L5xx_HAL_Driver/Src/stm32l5xx_hal_i2c_ex.c ****   * @}
 186:../../Drivers/STM32L5xx_HAL_Driver/Src/stm32l5xx_hal_i2c_ex.c ****   */
 187:../../Drivers/STM32L5xx_HAL_Driver/Src/stm32l5xx_hal_i2c_ex.c **** 
 188:../../Drivers/STM32L5xx_HAL_Driver/Src/stm32l5xx_hal_i2c_ex.c **** /** @defgroup I2CEx_Exported_Functions_Group2 WakeUp Mode Functions
 189:../../Drivers/STM32L5xx_HAL_Driver/Src/stm32l5xx_hal_i2c_ex.c ****   * @brief    WakeUp Mode Functions
 190:../../Drivers/STM32L5xx_HAL_Driver/Src/stm32l5xx_hal_i2c_ex.c ****   *
 191:../../Drivers/STM32L5xx_HAL_Driver/Src/stm32l5xx_hal_i2c_ex.c **** @verbatim
 192:../../Drivers/STM32L5xx_HAL_Driver/Src/stm32l5xx_hal_i2c_ex.c ****  ===============================================================================
 193:../../Drivers/STM32L5xx_HAL_Driver/Src/stm32l5xx_hal_i2c_ex.c ****                       ##### WakeUp Mode Functions #####
 194:../../Drivers/STM32L5xx_HAL_Driver/Src/stm32l5xx_hal_i2c_ex.c ****  ===============================================================================
 195:../../Drivers/STM32L5xx_HAL_Driver/Src/stm32l5xx_hal_i2c_ex.c ****     [..] This section provides functions allowing to:
 196:../../Drivers/STM32L5xx_HAL_Driver/Src/stm32l5xx_hal_i2c_ex.c ****       (+) Configure Wake Up Feature
 197:../../Drivers/STM32L5xx_HAL_Driver/Src/stm32l5xx_hal_i2c_ex.c **** 
 198:../../Drivers/STM32L5xx_HAL_Driver/Src/stm32l5xx_hal_i2c_ex.c **** @endverbatim
 199:../../Drivers/STM32L5xx_HAL_Driver/Src/stm32l5xx_hal_i2c_ex.c ****   * @{
 200:../../Drivers/STM32L5xx_HAL_Driver/Src/stm32l5xx_hal_i2c_ex.c ****   */
 201:../../Drivers/STM32L5xx_HAL_Driver/Src/stm32l5xx_hal_i2c_ex.c **** 
 202:../../Drivers/STM32L5xx_HAL_Driver/Src/stm32l5xx_hal_i2c_ex.c **** /**
 203:../../Drivers/STM32L5xx_HAL_Driver/Src/stm32l5xx_hal_i2c_ex.c ****   * @brief  Enable I2C wakeup from Stop mode(s).
 204:../../Drivers/STM32L5xx_HAL_Driver/Src/stm32l5xx_hal_i2c_ex.c ****   * @param  hi2c Pointer to a I2C_HandleTypeDef structure that contains
 205:../../Drivers/STM32L5xx_HAL_Driver/Src/stm32l5xx_hal_i2c_ex.c ****   *                the configuration information for the specified I2Cx peripheral.
 206:../../Drivers/STM32L5xx_HAL_Driver/Src/stm32l5xx_hal_i2c_ex.c ****   * @retval HAL status
 207:../../Drivers/STM32L5xx_HAL_Driver/Src/stm32l5xx_hal_i2c_ex.c ****   */
 208:../../Drivers/STM32L5xx_HAL_Driver/Src/stm32l5xx_hal_i2c_ex.c **** HAL_StatusTypeDef HAL_I2CEx_EnableWakeUp(I2C_HandleTypeDef *hi2c)
 209:../../Drivers/STM32L5xx_HAL_Driver/Src/stm32l5xx_hal_i2c_ex.c **** {
 232              		.loc 1 209 1 is_stmt 1 view -0
 233              		.cfi_startproc
 234              		@ args = 0, pretend = 0, frame = 0
 235              		@ frame_needed = 0, uses_anonymous_args = 0
 236              		@ link register save eliminated.
 237              		.loc 1 209 1 is_stmt 0 view .LVU76
 238 0000 0346     		mov	r3, r0
 210:../../Drivers/STM32L5xx_HAL_Driver/Src/stm32l5xx_hal_i2c_ex.c ****   /* Check the parameters */
 211:../../Drivers/STM32L5xx_HAL_Driver/Src/stm32l5xx_hal_i2c_ex.c ****   assert_param(IS_I2C_WAKEUP_FROMSTOP_INSTANCE(hi2c->Instance));
 239              		.loc 1 211 3 is_stmt 1 view .LVU77
 212:../../Drivers/STM32L5xx_HAL_Driver/Src/stm32l5xx_hal_i2c_ex.c **** 
 213:../../Drivers/STM32L5xx_HAL_Driver/Src/stm32l5xx_hal_i2c_ex.c ****   if (hi2c->State == HAL_I2C_STATE_READY)
 240              		.loc 1 213 3 view .LVU78
 241              		.loc 1 213 11 is_stmt 0 view .LVU79
 242 0002 90F84120 		ldrb	r2, [r0, #65]	@ zero_extendqisi2
 243 0006 D2B2     		uxtb	r2, r2
 244              		.loc 1 213 6 view .LVU80
 245 0008 202A     		cmp	r2, #32
 246 000a 1FD1     		bne	.L11
ARM GAS  /tmp/ccXbXJTb.s 			page 9


 214:../../Drivers/STM32L5xx_HAL_Driver/Src/stm32l5xx_hal_i2c_ex.c ****   {
 215:../../Drivers/STM32L5xx_HAL_Driver/Src/stm32l5xx_hal_i2c_ex.c ****     /* Process Locked */
 216:../../Drivers/STM32L5xx_HAL_Driver/Src/stm32l5xx_hal_i2c_ex.c ****     __HAL_LOCK(hi2c);
 247              		.loc 1 216 5 is_stmt 1 view .LVU81
 248              		.loc 1 216 5 view .LVU82
 249 000c 90F84020 		ldrb	r2, [r0, #64]	@ zero_extendqisi2
 250 0010 012A     		cmp	r2, #1
 251 0012 1DD0     		beq	.L12
 252              		.loc 1 216 5 discriminator 2 view .LVU83
 253 0014 0122     		movs	r2, #1
 254 0016 80F84020 		strb	r2, [r0, #64]
 255              		.loc 1 216 5 discriminator 2 view .LVU84
 217:../../Drivers/STM32L5xx_HAL_Driver/Src/stm32l5xx_hal_i2c_ex.c **** 
 218:../../Drivers/STM32L5xx_HAL_Driver/Src/stm32l5xx_hal_i2c_ex.c ****     hi2c->State = HAL_I2C_STATE_BUSY;
 256              		.loc 1 218 5 discriminator 2 view .LVU85
 257              		.loc 1 218 17 is_stmt 0 discriminator 2 view .LVU86
 258 001a 2422     		movs	r2, #36
 259 001c 80F84120 		strb	r2, [r0, #65]
 219:../../Drivers/STM32L5xx_HAL_Driver/Src/stm32l5xx_hal_i2c_ex.c **** 
 220:../../Drivers/STM32L5xx_HAL_Driver/Src/stm32l5xx_hal_i2c_ex.c ****     /* Disable the selected I2C peripheral */
 221:../../Drivers/STM32L5xx_HAL_Driver/Src/stm32l5xx_hal_i2c_ex.c ****     __HAL_I2C_DISABLE(hi2c);
 260              		.loc 1 221 5 is_stmt 1 discriminator 2 view .LVU87
 261 0020 0168     		ldr	r1, [r0]
 262 0022 0A68     		ldr	r2, [r1]
 263 0024 22F00102 		bic	r2, r2, #1
 264 0028 0A60     		str	r2, [r1]
 222:../../Drivers/STM32L5xx_HAL_Driver/Src/stm32l5xx_hal_i2c_ex.c **** 
 223:../../Drivers/STM32L5xx_HAL_Driver/Src/stm32l5xx_hal_i2c_ex.c ****     /* Enable wakeup from stop mode */
 224:../../Drivers/STM32L5xx_HAL_Driver/Src/stm32l5xx_hal_i2c_ex.c ****     hi2c->Instance->CR1 |= I2C_CR1_WUPEN;
 265              		.loc 1 224 5 discriminator 2 view .LVU88
 266              		.loc 1 224 9 is_stmt 0 discriminator 2 view .LVU89
 267 002a 0168     		ldr	r1, [r0]
 268              		.loc 1 224 19 discriminator 2 view .LVU90
 269 002c 0A68     		ldr	r2, [r1]
 270              		.loc 1 224 25 discriminator 2 view .LVU91
 271 002e 42F48022 		orr	r2, r2, #262144
 272 0032 0A60     		str	r2, [r1]
 225:../../Drivers/STM32L5xx_HAL_Driver/Src/stm32l5xx_hal_i2c_ex.c **** 
 226:../../Drivers/STM32L5xx_HAL_Driver/Src/stm32l5xx_hal_i2c_ex.c ****     __HAL_I2C_ENABLE(hi2c);
 273              		.loc 1 226 5 is_stmt 1 discriminator 2 view .LVU92
 274 0034 0168     		ldr	r1, [r0]
 275 0036 0A68     		ldr	r2, [r1]
 276 0038 42F00102 		orr	r2, r2, #1
 277 003c 0A60     		str	r2, [r1]
 227:../../Drivers/STM32L5xx_HAL_Driver/Src/stm32l5xx_hal_i2c_ex.c **** 
 228:../../Drivers/STM32L5xx_HAL_Driver/Src/stm32l5xx_hal_i2c_ex.c ****     hi2c->State = HAL_I2C_STATE_READY;
 278              		.loc 1 228 5 discriminator 2 view .LVU93
 279              		.loc 1 228 17 is_stmt 0 discriminator 2 view .LVU94
 280 003e 2022     		movs	r2, #32
 281 0040 80F84120 		strb	r2, [r0, #65]
 229:../../Drivers/STM32L5xx_HAL_Driver/Src/stm32l5xx_hal_i2c_ex.c **** 
 230:../../Drivers/STM32L5xx_HAL_Driver/Src/stm32l5xx_hal_i2c_ex.c ****     /* Process Unlocked */
 231:../../Drivers/STM32L5xx_HAL_Driver/Src/stm32l5xx_hal_i2c_ex.c ****     __HAL_UNLOCK(hi2c);
 282              		.loc 1 231 5 is_stmt 1 discriminator 2 view .LVU95
 283              		.loc 1 231 5 discriminator 2 view .LVU96
 284 0044 0020     		movs	r0, #0
 285              	.LVL20:
ARM GAS  /tmp/ccXbXJTb.s 			page 10


 286              		.loc 1 231 5 is_stmt 0 discriminator 2 view .LVU97
 287 0046 83F84000 		strb	r0, [r3, #64]
 288              		.loc 1 231 5 is_stmt 1 discriminator 2 view .LVU98
 232:../../Drivers/STM32L5xx_HAL_Driver/Src/stm32l5xx_hal_i2c_ex.c **** 
 233:../../Drivers/STM32L5xx_HAL_Driver/Src/stm32l5xx_hal_i2c_ex.c ****     return HAL_OK;
 289              		.loc 1 233 5 discriminator 2 view .LVU99
 290              		.loc 1 233 12 is_stmt 0 discriminator 2 view .LVU100
 291 004a 7047     		bx	lr
 292              	.LVL21:
 293              	.L11:
 234:../../Drivers/STM32L5xx_HAL_Driver/Src/stm32l5xx_hal_i2c_ex.c ****   }
 235:../../Drivers/STM32L5xx_HAL_Driver/Src/stm32l5xx_hal_i2c_ex.c ****   else
 236:../../Drivers/STM32L5xx_HAL_Driver/Src/stm32l5xx_hal_i2c_ex.c ****   {
 237:../../Drivers/STM32L5xx_HAL_Driver/Src/stm32l5xx_hal_i2c_ex.c ****     return HAL_BUSY;
 294              		.loc 1 237 12 view .LVU101
 295 004c 0220     		movs	r0, #2
 296              	.LVL22:
 297              		.loc 1 237 12 view .LVU102
 298 004e 7047     		bx	lr
 299              	.LVL23:
 300              	.L12:
 216:../../Drivers/STM32L5xx_HAL_Driver/Src/stm32l5xx_hal_i2c_ex.c **** 
 301              		.loc 1 216 5 view .LVU103
 302 0050 0220     		movs	r0, #2
 303              	.LVL24:
 238:../../Drivers/STM32L5xx_HAL_Driver/Src/stm32l5xx_hal_i2c_ex.c ****   }
 239:../../Drivers/STM32L5xx_HAL_Driver/Src/stm32l5xx_hal_i2c_ex.c **** }
 304              		.loc 1 239 1 view .LVU104
 305 0052 7047     		bx	lr
 306              		.cfi_endproc
 307              	.LFE204:
 309              		.section	.text.HAL_I2CEx_DisableWakeUp,"ax",%progbits
 310              		.align	1
 311              		.global	HAL_I2CEx_DisableWakeUp
 312              		.syntax unified
 313              		.thumb
 314              		.thumb_func
 316              	HAL_I2CEx_DisableWakeUp:
 317              	.LVL25:
 318              	.LFB205:
 240:../../Drivers/STM32L5xx_HAL_Driver/Src/stm32l5xx_hal_i2c_ex.c **** 
 241:../../Drivers/STM32L5xx_HAL_Driver/Src/stm32l5xx_hal_i2c_ex.c **** /**
 242:../../Drivers/STM32L5xx_HAL_Driver/Src/stm32l5xx_hal_i2c_ex.c ****   * @brief  Disable I2C wakeup from Stop mode(s).
 243:../../Drivers/STM32L5xx_HAL_Driver/Src/stm32l5xx_hal_i2c_ex.c ****   * @param  hi2c Pointer to a I2C_HandleTypeDef structure that contains
 244:../../Drivers/STM32L5xx_HAL_Driver/Src/stm32l5xx_hal_i2c_ex.c ****   *                the configuration information for the specified I2Cx peripheral.
 245:../../Drivers/STM32L5xx_HAL_Driver/Src/stm32l5xx_hal_i2c_ex.c ****   * @retval HAL status
 246:../../Drivers/STM32L5xx_HAL_Driver/Src/stm32l5xx_hal_i2c_ex.c ****   */
 247:../../Drivers/STM32L5xx_HAL_Driver/Src/stm32l5xx_hal_i2c_ex.c **** HAL_StatusTypeDef HAL_I2CEx_DisableWakeUp(I2C_HandleTypeDef *hi2c)
 248:../../Drivers/STM32L5xx_HAL_Driver/Src/stm32l5xx_hal_i2c_ex.c **** {
 319              		.loc 1 248 1 is_stmt 1 view -0
 320              		.cfi_startproc
 321              		@ args = 0, pretend = 0, frame = 0
 322              		@ frame_needed = 0, uses_anonymous_args = 0
 323              		@ link register save eliminated.
 324              		.loc 1 248 1 is_stmt 0 view .LVU106
 325 0000 0346     		mov	r3, r0
 249:../../Drivers/STM32L5xx_HAL_Driver/Src/stm32l5xx_hal_i2c_ex.c ****   /* Check the parameters */
ARM GAS  /tmp/ccXbXJTb.s 			page 11


 250:../../Drivers/STM32L5xx_HAL_Driver/Src/stm32l5xx_hal_i2c_ex.c ****   assert_param(IS_I2C_WAKEUP_FROMSTOP_INSTANCE(hi2c->Instance));
 326              		.loc 1 250 3 is_stmt 1 view .LVU107
 251:../../Drivers/STM32L5xx_HAL_Driver/Src/stm32l5xx_hal_i2c_ex.c **** 
 252:../../Drivers/STM32L5xx_HAL_Driver/Src/stm32l5xx_hal_i2c_ex.c ****   if (hi2c->State == HAL_I2C_STATE_READY)
 327              		.loc 1 252 3 view .LVU108
 328              		.loc 1 252 11 is_stmt 0 view .LVU109
 329 0002 90F84120 		ldrb	r2, [r0, #65]	@ zero_extendqisi2
 330 0006 D2B2     		uxtb	r2, r2
 331              		.loc 1 252 6 view .LVU110
 332 0008 202A     		cmp	r2, #32
 333 000a 1FD1     		bne	.L15
 253:../../Drivers/STM32L5xx_HAL_Driver/Src/stm32l5xx_hal_i2c_ex.c ****   {
 254:../../Drivers/STM32L5xx_HAL_Driver/Src/stm32l5xx_hal_i2c_ex.c ****     /* Process Locked */
 255:../../Drivers/STM32L5xx_HAL_Driver/Src/stm32l5xx_hal_i2c_ex.c ****     __HAL_LOCK(hi2c);
 334              		.loc 1 255 5 is_stmt 1 view .LVU111
 335              		.loc 1 255 5 view .LVU112
 336 000c 90F84020 		ldrb	r2, [r0, #64]	@ zero_extendqisi2
 337 0010 012A     		cmp	r2, #1
 338 0012 1DD0     		beq	.L16
 339              		.loc 1 255 5 discriminator 2 view .LVU113
 340 0014 0122     		movs	r2, #1
 341 0016 80F84020 		strb	r2, [r0, #64]
 342              		.loc 1 255 5 discriminator 2 view .LVU114
 256:../../Drivers/STM32L5xx_HAL_Driver/Src/stm32l5xx_hal_i2c_ex.c **** 
 257:../../Drivers/STM32L5xx_HAL_Driver/Src/stm32l5xx_hal_i2c_ex.c ****     hi2c->State = HAL_I2C_STATE_BUSY;
 343              		.loc 1 257 5 discriminator 2 view .LVU115
 344              		.loc 1 257 17 is_stmt 0 discriminator 2 view .LVU116
 345 001a 2422     		movs	r2, #36
 346 001c 80F84120 		strb	r2, [r0, #65]
 258:../../Drivers/STM32L5xx_HAL_Driver/Src/stm32l5xx_hal_i2c_ex.c **** 
 259:../../Drivers/STM32L5xx_HAL_Driver/Src/stm32l5xx_hal_i2c_ex.c ****     /* Disable the selected I2C peripheral */
 260:../../Drivers/STM32L5xx_HAL_Driver/Src/stm32l5xx_hal_i2c_ex.c ****     __HAL_I2C_DISABLE(hi2c);
 347              		.loc 1 260 5 is_stmt 1 discriminator 2 view .LVU117
 348 0020 0168     		ldr	r1, [r0]
 349 0022 0A68     		ldr	r2, [r1]
 350 0024 22F00102 		bic	r2, r2, #1
 351 0028 0A60     		str	r2, [r1]
 261:../../Drivers/STM32L5xx_HAL_Driver/Src/stm32l5xx_hal_i2c_ex.c **** 
 262:../../Drivers/STM32L5xx_HAL_Driver/Src/stm32l5xx_hal_i2c_ex.c ****     /* Enable wakeup from stop mode */
 263:../../Drivers/STM32L5xx_HAL_Driver/Src/stm32l5xx_hal_i2c_ex.c ****     hi2c->Instance->CR1 &= ~(I2C_CR1_WUPEN);
 352              		.loc 1 263 5 discriminator 2 view .LVU118
 353              		.loc 1 263 9 is_stmt 0 discriminator 2 view .LVU119
 354 002a 0168     		ldr	r1, [r0]
 355              		.loc 1 263 19 discriminator 2 view .LVU120
 356 002c 0A68     		ldr	r2, [r1]
 357              		.loc 1 263 25 discriminator 2 view .LVU121
 358 002e 22F48022 		bic	r2, r2, #262144
 359 0032 0A60     		str	r2, [r1]
 264:../../Drivers/STM32L5xx_HAL_Driver/Src/stm32l5xx_hal_i2c_ex.c **** 
 265:../../Drivers/STM32L5xx_HAL_Driver/Src/stm32l5xx_hal_i2c_ex.c ****     __HAL_I2C_ENABLE(hi2c);
 360              		.loc 1 265 5 is_stmt 1 discriminator 2 view .LVU122
 361 0034 0168     		ldr	r1, [r0]
 362 0036 0A68     		ldr	r2, [r1]
 363 0038 42F00102 		orr	r2, r2, #1
 364 003c 0A60     		str	r2, [r1]
 266:../../Drivers/STM32L5xx_HAL_Driver/Src/stm32l5xx_hal_i2c_ex.c **** 
 267:../../Drivers/STM32L5xx_HAL_Driver/Src/stm32l5xx_hal_i2c_ex.c ****     hi2c->State = HAL_I2C_STATE_READY;
ARM GAS  /tmp/ccXbXJTb.s 			page 12


 365              		.loc 1 267 5 discriminator 2 view .LVU123
 366              		.loc 1 267 17 is_stmt 0 discriminator 2 view .LVU124
 367 003e 2022     		movs	r2, #32
 368 0040 80F84120 		strb	r2, [r0, #65]
 268:../../Drivers/STM32L5xx_HAL_Driver/Src/stm32l5xx_hal_i2c_ex.c **** 
 269:../../Drivers/STM32L5xx_HAL_Driver/Src/stm32l5xx_hal_i2c_ex.c ****     /* Process Unlocked */
 270:../../Drivers/STM32L5xx_HAL_Driver/Src/stm32l5xx_hal_i2c_ex.c ****     __HAL_UNLOCK(hi2c);
 369              		.loc 1 270 5 is_stmt 1 discriminator 2 view .LVU125
 370              		.loc 1 270 5 discriminator 2 view .LVU126
 371 0044 0020     		movs	r0, #0
 372              	.LVL26:
 373              		.loc 1 270 5 is_stmt 0 discriminator 2 view .LVU127
 374 0046 83F84000 		strb	r0, [r3, #64]
 375              		.loc 1 270 5 is_stmt 1 discriminator 2 view .LVU128
 271:../../Drivers/STM32L5xx_HAL_Driver/Src/stm32l5xx_hal_i2c_ex.c **** 
 272:../../Drivers/STM32L5xx_HAL_Driver/Src/stm32l5xx_hal_i2c_ex.c ****     return HAL_OK;
 376              		.loc 1 272 5 discriminator 2 view .LVU129
 377              		.loc 1 272 12 is_stmt 0 discriminator 2 view .LVU130
 378 004a 7047     		bx	lr
 379              	.LVL27:
 380              	.L15:
 273:../../Drivers/STM32L5xx_HAL_Driver/Src/stm32l5xx_hal_i2c_ex.c ****   }
 274:../../Drivers/STM32L5xx_HAL_Driver/Src/stm32l5xx_hal_i2c_ex.c ****   else
 275:../../Drivers/STM32L5xx_HAL_Driver/Src/stm32l5xx_hal_i2c_ex.c ****   {
 276:../../Drivers/STM32L5xx_HAL_Driver/Src/stm32l5xx_hal_i2c_ex.c ****     return HAL_BUSY;
 381              		.loc 1 276 12 view .LVU131
 382 004c 0220     		movs	r0, #2
 383              	.LVL28:
 384              		.loc 1 276 12 view .LVU132
 385 004e 7047     		bx	lr
 386              	.LVL29:
 387              	.L16:
 255:../../Drivers/STM32L5xx_HAL_Driver/Src/stm32l5xx_hal_i2c_ex.c **** 
 388              		.loc 1 255 5 view .LVU133
 389 0050 0220     		movs	r0, #2
 390              	.LVL30:
 277:../../Drivers/STM32L5xx_HAL_Driver/Src/stm32l5xx_hal_i2c_ex.c ****   }
 278:../../Drivers/STM32L5xx_HAL_Driver/Src/stm32l5xx_hal_i2c_ex.c **** }
 391              		.loc 1 278 1 view .LVU134
 392 0052 7047     		bx	lr
 393              		.cfi_endproc
 394              	.LFE205:
 396              		.section	.text.HAL_I2CEx_EnableFastModePlus,"ax",%progbits
 397              		.align	1
 398              		.global	HAL_I2CEx_EnableFastModePlus
 399              		.syntax unified
 400              		.thumb
 401              		.thumb_func
 403              	HAL_I2CEx_EnableFastModePlus:
 404              	.LVL31:
 405              	.LFB206:
 279:../../Drivers/STM32L5xx_HAL_Driver/Src/stm32l5xx_hal_i2c_ex.c **** /**
 280:../../Drivers/STM32L5xx_HAL_Driver/Src/stm32l5xx_hal_i2c_ex.c ****   * @}
 281:../../Drivers/STM32L5xx_HAL_Driver/Src/stm32l5xx_hal_i2c_ex.c ****   */
 282:../../Drivers/STM32L5xx_HAL_Driver/Src/stm32l5xx_hal_i2c_ex.c **** 
 283:../../Drivers/STM32L5xx_HAL_Driver/Src/stm32l5xx_hal_i2c_ex.c **** /** @defgroup I2CEx_Exported_Functions_Group3 Fast Mode Plus Functions
 284:../../Drivers/STM32L5xx_HAL_Driver/Src/stm32l5xx_hal_i2c_ex.c ****   * @brief    Fast Mode Plus Functions
ARM GAS  /tmp/ccXbXJTb.s 			page 13


 285:../../Drivers/STM32L5xx_HAL_Driver/Src/stm32l5xx_hal_i2c_ex.c ****   *
 286:../../Drivers/STM32L5xx_HAL_Driver/Src/stm32l5xx_hal_i2c_ex.c **** @verbatim
 287:../../Drivers/STM32L5xx_HAL_Driver/Src/stm32l5xx_hal_i2c_ex.c ****  ===============================================================================
 288:../../Drivers/STM32L5xx_HAL_Driver/Src/stm32l5xx_hal_i2c_ex.c ****                       ##### Fast Mode Plus Functions #####
 289:../../Drivers/STM32L5xx_HAL_Driver/Src/stm32l5xx_hal_i2c_ex.c ****  ===============================================================================
 290:../../Drivers/STM32L5xx_HAL_Driver/Src/stm32l5xx_hal_i2c_ex.c ****     [..] This section provides functions allowing to:
 291:../../Drivers/STM32L5xx_HAL_Driver/Src/stm32l5xx_hal_i2c_ex.c ****       (+) Configure Fast Mode Plus
 292:../../Drivers/STM32L5xx_HAL_Driver/Src/stm32l5xx_hal_i2c_ex.c **** 
 293:../../Drivers/STM32L5xx_HAL_Driver/Src/stm32l5xx_hal_i2c_ex.c **** @endverbatim
 294:../../Drivers/STM32L5xx_HAL_Driver/Src/stm32l5xx_hal_i2c_ex.c ****   * @{
 295:../../Drivers/STM32L5xx_HAL_Driver/Src/stm32l5xx_hal_i2c_ex.c ****   */
 296:../../Drivers/STM32L5xx_HAL_Driver/Src/stm32l5xx_hal_i2c_ex.c **** 
 297:../../Drivers/STM32L5xx_HAL_Driver/Src/stm32l5xx_hal_i2c_ex.c **** /**
 298:../../Drivers/STM32L5xx_HAL_Driver/Src/stm32l5xx_hal_i2c_ex.c ****   * @brief Enable the I2C fast mode plus driving capability.
 299:../../Drivers/STM32L5xx_HAL_Driver/Src/stm32l5xx_hal_i2c_ex.c ****   * @param ConfigFastModePlus Selects the pin.
 300:../../Drivers/STM32L5xx_HAL_Driver/Src/stm32l5xx_hal_i2c_ex.c ****   *   This parameter can be one of the @ref I2CEx_FastModePlus values
 301:../../Drivers/STM32L5xx_HAL_Driver/Src/stm32l5xx_hal_i2c_ex.c ****   * @note  For I2C1, fast mode plus driving capability can be enabled on all selected
 302:../../Drivers/STM32L5xx_HAL_Driver/Src/stm32l5xx_hal_i2c_ex.c ****   *        I2C1 pins using I2C_FASTMODEPLUS_I2C1 parameter or independently
 303:../../Drivers/STM32L5xx_HAL_Driver/Src/stm32l5xx_hal_i2c_ex.c ****   *        on each one of the following pins PB6, PB7, PB8 and PB9.
 304:../../Drivers/STM32L5xx_HAL_Driver/Src/stm32l5xx_hal_i2c_ex.c ****   * @note  For remaining I2C1 pins (PA14, PA15...) fast mode plus driving capability
 305:../../Drivers/STM32L5xx_HAL_Driver/Src/stm32l5xx_hal_i2c_ex.c ****   *        can be enabled only by using I2C_FASTMODEPLUS_I2C1 parameter.
 306:../../Drivers/STM32L5xx_HAL_Driver/Src/stm32l5xx_hal_i2c_ex.c ****   * @note  For all I2C2 pins fast mode plus driving capability can be enabled
 307:../../Drivers/STM32L5xx_HAL_Driver/Src/stm32l5xx_hal_i2c_ex.c ****   *        only by using I2C_FASTMODEPLUS_I2C2 parameter.
 308:../../Drivers/STM32L5xx_HAL_Driver/Src/stm32l5xx_hal_i2c_ex.c ****   * @note  For all I2C3 pins fast mode plus driving capability can be enabled
 309:../../Drivers/STM32L5xx_HAL_Driver/Src/stm32l5xx_hal_i2c_ex.c ****   *        only by using I2C_FASTMODEPLUS_I2C3 parameter.
 310:../../Drivers/STM32L5xx_HAL_Driver/Src/stm32l5xx_hal_i2c_ex.c ****   * @note  For all I2C4 pins fast mode plus driving capability can be enabled
 311:../../Drivers/STM32L5xx_HAL_Driver/Src/stm32l5xx_hal_i2c_ex.c ****   *        only by using I2C_FASTMODEPLUS_I2C4 parameter.
 312:../../Drivers/STM32L5xx_HAL_Driver/Src/stm32l5xx_hal_i2c_ex.c ****   * @retval None
 313:../../Drivers/STM32L5xx_HAL_Driver/Src/stm32l5xx_hal_i2c_ex.c ****   */
 314:../../Drivers/STM32L5xx_HAL_Driver/Src/stm32l5xx_hal_i2c_ex.c **** void HAL_I2CEx_EnableFastModePlus(uint32_t ConfigFastModePlus)
 315:../../Drivers/STM32L5xx_HAL_Driver/Src/stm32l5xx_hal_i2c_ex.c **** {
 406              		.loc 1 315 1 is_stmt 1 view -0
 407              		.cfi_startproc
 408              		@ args = 0, pretend = 0, frame = 8
 409              		@ frame_needed = 0, uses_anonymous_args = 0
 410              		@ link register save eliminated.
 411              		.loc 1 315 1 is_stmt 0 view .LVU136
 412 0000 82B0     		sub	sp, sp, #8
 413              	.LCFI0:
 414              		.cfi_def_cfa_offset 8
 316:../../Drivers/STM32L5xx_HAL_Driver/Src/stm32l5xx_hal_i2c_ex.c ****   /* Check the parameter */
 317:../../Drivers/STM32L5xx_HAL_Driver/Src/stm32l5xx_hal_i2c_ex.c ****   assert_param(IS_I2C_FASTMODEPLUS(ConfigFastModePlus));
 415              		.loc 1 317 3 is_stmt 1 view .LVU137
 318:../../Drivers/STM32L5xx_HAL_Driver/Src/stm32l5xx_hal_i2c_ex.c **** 
 319:../../Drivers/STM32L5xx_HAL_Driver/Src/stm32l5xx_hal_i2c_ex.c ****   /* Enable SYSCFG clock */
 320:../../Drivers/STM32L5xx_HAL_Driver/Src/stm32l5xx_hal_i2c_ex.c ****   __HAL_RCC_SYSCFG_CLK_ENABLE();
 416              		.loc 1 320 3 view .LVU138
 417              	.LBB2:
 418              		.loc 1 320 3 view .LVU139
 419              		.loc 1 320 3 view .LVU140
 420 0002 084B     		ldr	r3, .L19
 421 0004 1A6E     		ldr	r2, [r3, #96]
 422 0006 42F00102 		orr	r2, r2, #1
 423 000a 1A66     		str	r2, [r3, #96]
 424              		.loc 1 320 3 view .LVU141
 425 000c 1B6E     		ldr	r3, [r3, #96]
 426 000e 03F00103 		and	r3, r3, #1
ARM GAS  /tmp/ccXbXJTb.s 			page 14


 427 0012 0193     		str	r3, [sp, #4]
 428              		.loc 1 320 3 view .LVU142
 429 0014 019B     		ldr	r3, [sp, #4]
 430              	.LBE2:
 431              		.loc 1 320 3 view .LVU143
 321:../../Drivers/STM32L5xx_HAL_Driver/Src/stm32l5xx_hal_i2c_ex.c **** 
 322:../../Drivers/STM32L5xx_HAL_Driver/Src/stm32l5xx_hal_i2c_ex.c ****   /* Enable fast mode plus driving capability for selected pin */
 323:../../Drivers/STM32L5xx_HAL_Driver/Src/stm32l5xx_hal_i2c_ex.c ****   SET_BIT(SYSCFG->CFGR1, (uint32_t)ConfigFastModePlus);
 432              		.loc 1 323 3 view .LVU144
 433 0016 044A     		ldr	r2, .L19+4
 434 0018 5368     		ldr	r3, [r2, #4]
 435 001a 0343     		orrs	r3, r3, r0
 436 001c 5360     		str	r3, [r2, #4]
 324:../../Drivers/STM32L5xx_HAL_Driver/Src/stm32l5xx_hal_i2c_ex.c **** }
 437              		.loc 1 324 1 is_stmt 0 view .LVU145
 438 001e 02B0     		add	sp, sp, #8
 439              	.LCFI1:
 440              		.cfi_def_cfa_offset 0
 441              		@ sp needed
 442 0020 7047     		bx	lr
 443              	.L20:
 444 0022 00BF     		.align	2
 445              	.L19:
 446 0024 00100250 		.word	1342312448
 447 0028 00000150 		.word	1342242816
 448              		.cfi_endproc
 449              	.LFE206:
 451              		.section	.text.HAL_I2CEx_DisableFastModePlus,"ax",%progbits
 452              		.align	1
 453              		.global	HAL_I2CEx_DisableFastModePlus
 454              		.syntax unified
 455              		.thumb
 456              		.thumb_func
 458              	HAL_I2CEx_DisableFastModePlus:
 459              	.LVL32:
 460              	.LFB207:
 325:../../Drivers/STM32L5xx_HAL_Driver/Src/stm32l5xx_hal_i2c_ex.c **** 
 326:../../Drivers/STM32L5xx_HAL_Driver/Src/stm32l5xx_hal_i2c_ex.c **** /**
 327:../../Drivers/STM32L5xx_HAL_Driver/Src/stm32l5xx_hal_i2c_ex.c ****   * @brief Disable the I2C fast mode plus driving capability.
 328:../../Drivers/STM32L5xx_HAL_Driver/Src/stm32l5xx_hal_i2c_ex.c ****   * @param ConfigFastModePlus Selects the pin.
 329:../../Drivers/STM32L5xx_HAL_Driver/Src/stm32l5xx_hal_i2c_ex.c ****   *   This parameter can be one of the @ref I2CEx_FastModePlus values
 330:../../Drivers/STM32L5xx_HAL_Driver/Src/stm32l5xx_hal_i2c_ex.c ****   * @note  For I2C1, fast mode plus driving capability can be disabled on all selected
 331:../../Drivers/STM32L5xx_HAL_Driver/Src/stm32l5xx_hal_i2c_ex.c ****   *        I2C1 pins using I2C_FASTMODEPLUS_I2C1 parameter or independently
 332:../../Drivers/STM32L5xx_HAL_Driver/Src/stm32l5xx_hal_i2c_ex.c ****   *        on each one of the following pins PB6, PB7, PB8 and PB9.
 333:../../Drivers/STM32L5xx_HAL_Driver/Src/stm32l5xx_hal_i2c_ex.c ****   * @note  For remaining I2C1 pins (PA14, PA15...) fast mode plus driving capability
 334:../../Drivers/STM32L5xx_HAL_Driver/Src/stm32l5xx_hal_i2c_ex.c ****   *        can be disabled only by using I2C_FASTMODEPLUS_I2C1 parameter.
 335:../../Drivers/STM32L5xx_HAL_Driver/Src/stm32l5xx_hal_i2c_ex.c ****   * @note  For all I2C2 pins fast mode plus driving capability can be disabled
 336:../../Drivers/STM32L5xx_HAL_Driver/Src/stm32l5xx_hal_i2c_ex.c ****   *        only by using I2C_FASTMODEPLUS_I2C2 parameter.
 337:../../Drivers/STM32L5xx_HAL_Driver/Src/stm32l5xx_hal_i2c_ex.c ****   * @note  For all I2C3 pins fast mode plus driving capability can be disabled
 338:../../Drivers/STM32L5xx_HAL_Driver/Src/stm32l5xx_hal_i2c_ex.c ****   *        only by using I2C_FASTMODEPLUS_I2C3 parameter.
 339:../../Drivers/STM32L5xx_HAL_Driver/Src/stm32l5xx_hal_i2c_ex.c ****   * @note  For all I2C4 pins fast mode plus driving capability can be disabled
 340:../../Drivers/STM32L5xx_HAL_Driver/Src/stm32l5xx_hal_i2c_ex.c ****   *        only by using I2C_FASTMODEPLUS_I2C4 parameter.
 341:../../Drivers/STM32L5xx_HAL_Driver/Src/stm32l5xx_hal_i2c_ex.c ****   * @retval None
 342:../../Drivers/STM32L5xx_HAL_Driver/Src/stm32l5xx_hal_i2c_ex.c ****   */
 343:../../Drivers/STM32L5xx_HAL_Driver/Src/stm32l5xx_hal_i2c_ex.c **** void HAL_I2CEx_DisableFastModePlus(uint32_t ConfigFastModePlus)
 344:../../Drivers/STM32L5xx_HAL_Driver/Src/stm32l5xx_hal_i2c_ex.c **** {
 461              		.loc 1 344 1 is_stmt 1 view -0
ARM GAS  /tmp/ccXbXJTb.s 			page 15


 462              		.cfi_startproc
 463              		@ args = 0, pretend = 0, frame = 8
 464              		@ frame_needed = 0, uses_anonymous_args = 0
 465              		@ link register save eliminated.
 466              		.loc 1 344 1 is_stmt 0 view .LVU147
 467 0000 82B0     		sub	sp, sp, #8
 468              	.LCFI2:
 469              		.cfi_def_cfa_offset 8
 345:../../Drivers/STM32L5xx_HAL_Driver/Src/stm32l5xx_hal_i2c_ex.c ****   /* Check the parameter */
 346:../../Drivers/STM32L5xx_HAL_Driver/Src/stm32l5xx_hal_i2c_ex.c ****   assert_param(IS_I2C_FASTMODEPLUS(ConfigFastModePlus));
 470              		.loc 1 346 3 is_stmt 1 view .LVU148
 347:../../Drivers/STM32L5xx_HAL_Driver/Src/stm32l5xx_hal_i2c_ex.c **** 
 348:../../Drivers/STM32L5xx_HAL_Driver/Src/stm32l5xx_hal_i2c_ex.c ****   /* Enable SYSCFG clock */
 349:../../Drivers/STM32L5xx_HAL_Driver/Src/stm32l5xx_hal_i2c_ex.c ****   __HAL_RCC_SYSCFG_CLK_ENABLE();
 471              		.loc 1 349 3 view .LVU149
 472              	.LBB3:
 473              		.loc 1 349 3 view .LVU150
 474              		.loc 1 349 3 view .LVU151
 475 0002 084B     		ldr	r3, .L23
 476 0004 1A6E     		ldr	r2, [r3, #96]
 477 0006 42F00102 		orr	r2, r2, #1
 478 000a 1A66     		str	r2, [r3, #96]
 479              		.loc 1 349 3 view .LVU152
 480 000c 1B6E     		ldr	r3, [r3, #96]
 481 000e 03F00103 		and	r3, r3, #1
 482 0012 0193     		str	r3, [sp, #4]
 483              		.loc 1 349 3 view .LVU153
 484 0014 019B     		ldr	r3, [sp, #4]
 485              	.LBE3:
 486              		.loc 1 349 3 view .LVU154
 350:../../Drivers/STM32L5xx_HAL_Driver/Src/stm32l5xx_hal_i2c_ex.c **** 
 351:../../Drivers/STM32L5xx_HAL_Driver/Src/stm32l5xx_hal_i2c_ex.c ****   /* Disable fast mode plus driving capability for selected pin */
 352:../../Drivers/STM32L5xx_HAL_Driver/Src/stm32l5xx_hal_i2c_ex.c ****   CLEAR_BIT(SYSCFG->CFGR1, (uint32_t)ConfigFastModePlus);
 487              		.loc 1 352 3 view .LVU155
 488 0016 044A     		ldr	r2, .L23+4
 489 0018 5368     		ldr	r3, [r2, #4]
 490 001a 23EA0003 		bic	r3, r3, r0
 491 001e 5360     		str	r3, [r2, #4]
 353:../../Drivers/STM32L5xx_HAL_Driver/Src/stm32l5xx_hal_i2c_ex.c **** }
 492              		.loc 1 353 1 is_stmt 0 view .LVU156
 493 0020 02B0     		add	sp, sp, #8
 494              	.LCFI3:
 495              		.cfi_def_cfa_offset 0
 496              		@ sp needed
 497 0022 7047     		bx	lr
 498              	.L24:
 499              		.align	2
 500              	.L23:
 501 0024 00100250 		.word	1342312448
 502 0028 00000150 		.word	1342242816
 503              		.cfi_endproc
 504              	.LFE207:
 506              		.text
 507              	.Letext0:
 508              		.file 2 "/usr/lib/gcc/arm-none-eabi/12.2.1/include/stdint.h"
 509              		.file 3 "../../Drivers/CMSIS/Device/ST/STM32L5xx/Include/stm32l562xx.h"
 510              		.file 4 "../../Drivers/STM32L5xx_HAL_Driver/Inc/stm32l5xx_hal_def.h"
ARM GAS  /tmp/ccXbXJTb.s 			page 16


 511              		.file 5 "../../Drivers/STM32L5xx_HAL_Driver/Inc/stm32l5xx_hal_dma.h"
 512              		.file 6 "../../Drivers/STM32L5xx_HAL_Driver/Inc/stm32l5xx_hal_i2c.h"
ARM GAS  /tmp/ccXbXJTb.s 			page 17


DEFINED SYMBOLS
                            *ABS*:00000000 stm32l5xx_hal_i2c_ex.c
     /tmp/ccXbXJTb.s:22     .text.HAL_I2CEx_ConfigAnalogFilter:00000000 $t
     /tmp/ccXbXJTb.s:28     .text.HAL_I2CEx_ConfigAnalogFilter:00000000 HAL_I2CEx_ConfigAnalogFilter
     /tmp/ccXbXJTb.s:120    .text.HAL_I2CEx_ConfigDigitalFilter:00000000 $t
     /tmp/ccXbXJTb.s:126    .text.HAL_I2CEx_ConfigDigitalFilter:00000000 HAL_I2CEx_ConfigDigitalFilter
     /tmp/ccXbXJTb.s:223    .text.HAL_I2CEx_EnableWakeUp:00000000 $t
     /tmp/ccXbXJTb.s:229    .text.HAL_I2CEx_EnableWakeUp:00000000 HAL_I2CEx_EnableWakeUp
     /tmp/ccXbXJTb.s:310    .text.HAL_I2CEx_DisableWakeUp:00000000 $t
     /tmp/ccXbXJTb.s:316    .text.HAL_I2CEx_DisableWakeUp:00000000 HAL_I2CEx_DisableWakeUp
     /tmp/ccXbXJTb.s:397    .text.HAL_I2CEx_EnableFastModePlus:00000000 $t
     /tmp/ccXbXJTb.s:403    .text.HAL_I2CEx_EnableFastModePlus:00000000 HAL_I2CEx_EnableFastModePlus
     /tmp/ccXbXJTb.s:446    .text.HAL_I2CEx_EnableFastModePlus:00000024 $d
     /tmp/ccXbXJTb.s:452    .text.HAL_I2CEx_DisableFastModePlus:00000000 $t
     /tmp/ccXbXJTb.s:458    .text.HAL_I2CEx_DisableFastModePlus:00000000 HAL_I2CEx_DisableFastModePlus
     /tmp/ccXbXJTb.s:501    .text.HAL_I2CEx_DisableFastModePlus:00000024 $d

NO UNDEFINED SYMBOLS
