ARM GAS  /tmp/ccdxVZxL.s 			page 1


   1              		.cpu cortex-m33
   2              		.arch armv8-m.main
   3              		.fpu fpv4-sp-d16
   4              		.arch_extension dsp
   5              		.eabi_attribute 27, 1
   6              		.eabi_attribute 28, 1
   7              		.eabi_attribute 20, 1
   8              		.eabi_attribute 21, 1
   9              		.eabi_attribute 23, 3
  10              		.eabi_attribute 24, 1
  11              		.eabi_attribute 25, 1
  12              		.eabi_attribute 26, 1
  13              		.eabi_attribute 30, 1
  14              		.eabi_attribute 34, 1
  15              		.eabi_attribute 18, 4
  16              		.file	"syscalls.c"
  17              		.text
  18              	.Ltext0:
  19              		.cfi_sections	.debug_frame
  20              		.file 1 "../../Secure/Core/Src/syscalls.c"
  21              		.section	.text.__io_putchar,"ax",%progbits
  22              		.align	1
  23              		.weak	__io_putchar
  24              		.syntax unified
  25              		.thumb
  26              		.thumb_func
  28              	__io_putchar:
  29              	.LVL0:
  30              	.LFB227:
   1:../../Secure/Core/Src/syscalls.c **** /**
   2:../../Secure/Core/Src/syscalls.c ****  ******************************************************************************
   3:../../Secure/Core/Src/syscalls.c ****  * @file      syscalls.c
   4:../../Secure/Core/Src/syscalls.c ****  * @author    Auto-generated by STM32CubeMX
   5:../../Secure/Core/Src/syscalls.c ****  * @brief     Minimal System calls file
   6:../../Secure/Core/Src/syscalls.c ****  *
   7:../../Secure/Core/Src/syscalls.c ****  *            For more information about which c-functions
   8:../../Secure/Core/Src/syscalls.c ****  *            need which of these lowlevel functions
   9:../../Secure/Core/Src/syscalls.c ****  *            please consult the Newlib libc-manual
  10:../../Secure/Core/Src/syscalls.c ****  ******************************************************************************
  11:../../Secure/Core/Src/syscalls.c ****  * @attention
  12:../../Secure/Core/Src/syscalls.c ****  *
  13:../../Secure/Core/Src/syscalls.c ****  * Copyright (c) 2020-2024 STMicroelectronics.
  14:../../Secure/Core/Src/syscalls.c ****  * All rights reserved.
  15:../../Secure/Core/Src/syscalls.c ****  *
  16:../../Secure/Core/Src/syscalls.c ****  * This software is licensed under terms that can be found in the LICENSE file
  17:../../Secure/Core/Src/syscalls.c ****  * in the root directory of this software component.
  18:../../Secure/Core/Src/syscalls.c ****  * If no LICENSE file comes with this software, it is provided AS-IS.
  19:../../Secure/Core/Src/syscalls.c ****  *
  20:../../Secure/Core/Src/syscalls.c ****  ******************************************************************************
  21:../../Secure/Core/Src/syscalls.c ****  */
  22:../../Secure/Core/Src/syscalls.c **** 
  23:../../Secure/Core/Src/syscalls.c **** /* Includes */
  24:../../Secure/Core/Src/syscalls.c **** #include <sys/stat.h>
  25:../../Secure/Core/Src/syscalls.c **** #include <stdlib.h>
  26:../../Secure/Core/Src/syscalls.c **** #include <errno.h>
  27:../../Secure/Core/Src/syscalls.c **** #include <stdio.h>
  28:../../Secure/Core/Src/syscalls.c **** #include <signal.h>
ARM GAS  /tmp/ccdxVZxL.s 			page 2


  29:../../Secure/Core/Src/syscalls.c **** #include <time.h>
  30:../../Secure/Core/Src/syscalls.c **** #include <sys/time.h>
  31:../../Secure/Core/Src/syscalls.c **** #include <sys/times.h>
  32:../../Secure/Core/Src/syscalls.c **** #include "main.h"
  33:../../Secure/Core/Src/syscalls.c **** 
  34:../../Secure/Core/Src/syscalls.c **** /* Variables */
  35:../../Secure/Core/Src/syscalls.c **** extern int __io_putchar(int ch) __attribute__((weak));
  36:../../Secure/Core/Src/syscalls.c **** extern int __io_getchar(void) __attribute__((weak));
  37:../../Secure/Core/Src/syscalls.c **** 
  38:../../Secure/Core/Src/syscalls.c **** extern UART_HandleTypeDef huart1;
  39:../../Secure/Core/Src/syscalls.c **** 
  40:../../Secure/Core/Src/syscalls.c **** char *__env[1] = { 0 };
  41:../../Secure/Core/Src/syscalls.c **** char **environ = __env;
  42:../../Secure/Core/Src/syscalls.c **** 
  43:../../Secure/Core/Src/syscalls.c **** 
  44:../../Secure/Core/Src/syscalls.c **** /* Functions */
  45:../../Secure/Core/Src/syscalls.c **** int __io_putchar(int ch)
  46:../../Secure/Core/Src/syscalls.c **** {
  31              		.loc 1 46 1 view -0
  32              		.cfi_startproc
  33              		@ args = 0, pretend = 0, frame = 8
  34              		@ frame_needed = 0, uses_anonymous_args = 0
  35              		.loc 1 46 1 is_stmt 0 view .LVU1
  36 0000 00B5     		push	{lr}
  37              	.LCFI0:
  38              		.cfi_def_cfa_offset 4
  39              		.cfi_offset 14, -4
  40 0002 83B0     		sub	sp, sp, #12
  41              	.LCFI1:
  42              		.cfi_def_cfa_offset 16
  43 0004 0190     		str	r0, [sp, #4]
  47:../../Secure/Core/Src/syscalls.c ****     HAL_UART_Transmit(&huart1, (uint8_t *)&ch, 1, HAL_MAX_DELAY);
  44              		.loc 1 47 5 is_stmt 1 view .LVU2
  45 0006 4FF0FF33 		mov	r3, #-1
  46 000a 0122     		movs	r2, #1
  47 000c 01A9     		add	r1, sp, #4
  48 000e 0348     		ldr	r0, .L3
  49              	.LVL1:
  50              		.loc 1 47 5 is_stmt 0 view .LVU3
  51 0010 FFF7FEFF 		bl	HAL_UART_Transmit
  52              	.LVL2:
  48:../../Secure/Core/Src/syscalls.c ****     return ch;
  53              		.loc 1 48 5 is_stmt 1 view .LVU4
  49:../../Secure/Core/Src/syscalls.c **** }
  54              		.loc 1 49 1 is_stmt 0 view .LVU5
  55 0014 0198     		ldr	r0, [sp, #4]
  56 0016 03B0     		add	sp, sp, #12
  57              	.LCFI2:
  58              		.cfi_def_cfa_offset 4
  59              		@ sp needed
  60 0018 5DF804FB 		ldr	pc, [sp], #4
  61              	.L4:
  62              		.align	2
  63              	.L3:
  64 001c 00000000 		.word	huart1
  65              		.cfi_endproc
  66              	.LFE227:
ARM GAS  /tmp/ccdxVZxL.s 			page 3


  68              		.section	.text.initialise_monitor_handles,"ax",%progbits
  69              		.align	1
  70              		.global	initialise_monitor_handles
  71              		.syntax unified
  72              		.thumb
  73              		.thumb_func
  75              	initialise_monitor_handles:
  76              	.LFB228:
  50:../../Secure/Core/Src/syscalls.c **** 
  51:../../Secure/Core/Src/syscalls.c **** 
  52:../../Secure/Core/Src/syscalls.c **** /* Functions */
  53:../../Secure/Core/Src/syscalls.c **** void initialise_monitor_handles()
  54:../../Secure/Core/Src/syscalls.c **** {
  77              		.loc 1 54 1 is_stmt 1 view -0
  78              		.cfi_startproc
  79              		@ args = 0, pretend = 0, frame = 0
  80              		@ frame_needed = 0, uses_anonymous_args = 0
  81              		@ link register save eliminated.
  55:../../Secure/Core/Src/syscalls.c **** }
  82              		.loc 1 55 1 view .LVU7
  83 0000 7047     		bx	lr
  84              		.cfi_endproc
  85              	.LFE228:
  87              		.section	.text._getpid,"ax",%progbits
  88              		.align	1
  89              		.global	_getpid
  90              		.syntax unified
  91              		.thumb
  92              		.thumb_func
  94              	_getpid:
  95              	.LFB229:
  56:../../Secure/Core/Src/syscalls.c **** 
  57:../../Secure/Core/Src/syscalls.c **** int _getpid(void)
  58:../../Secure/Core/Src/syscalls.c **** {
  96              		.loc 1 58 1 view -0
  97              		.cfi_startproc
  98              		@ args = 0, pretend = 0, frame = 0
  99              		@ frame_needed = 0, uses_anonymous_args = 0
 100              		@ link register save eliminated.
  59:../../Secure/Core/Src/syscalls.c ****   return 1;
 101              		.loc 1 59 3 view .LVU9
  60:../../Secure/Core/Src/syscalls.c **** }
 102              		.loc 1 60 1 is_stmt 0 view .LVU10
 103 0000 0120     		movs	r0, #1
 104 0002 7047     		bx	lr
 105              		.cfi_endproc
 106              	.LFE229:
 108              		.section	.text._kill,"ax",%progbits
 109              		.align	1
 110              		.global	_kill
 111              		.syntax unified
 112              		.thumb
 113              		.thumb_func
 115              	_kill:
 116              	.LVL3:
 117              	.LFB230:
  61:../../Secure/Core/Src/syscalls.c **** 
ARM GAS  /tmp/ccdxVZxL.s 			page 4


  62:../../Secure/Core/Src/syscalls.c **** int _kill(int pid, int sig)
  63:../../Secure/Core/Src/syscalls.c **** {
 118              		.loc 1 63 1 is_stmt 1 view -0
 119              		.cfi_startproc
 120              		@ args = 0, pretend = 0, frame = 0
 121              		@ frame_needed = 0, uses_anonymous_args = 0
 122              		.loc 1 63 1 is_stmt 0 view .LVU12
 123 0000 08B5     		push	{r3, lr}
 124              	.LCFI3:
 125              		.cfi_def_cfa_offset 8
 126              		.cfi_offset 3, -8
 127              		.cfi_offset 14, -4
  64:../../Secure/Core/Src/syscalls.c ****   (void)pid;
 128              		.loc 1 64 3 is_stmt 1 view .LVU13
  65:../../Secure/Core/Src/syscalls.c ****   (void)sig;
 129              		.loc 1 65 3 view .LVU14
  66:../../Secure/Core/Src/syscalls.c ****   errno = EINVAL;
 130              		.loc 1 66 3 view .LVU15
 131 0002 FFF7FEFF 		bl	__errno
 132              	.LVL4:
 133              		.loc 1 66 9 is_stmt 0 view .LVU16
 134 0006 1623     		movs	r3, #22
 135 0008 0360     		str	r3, [r0]
  67:../../Secure/Core/Src/syscalls.c ****   return -1;
 136              		.loc 1 67 3 is_stmt 1 view .LVU17
  68:../../Secure/Core/Src/syscalls.c **** }
 137              		.loc 1 68 1 is_stmt 0 view .LVU18
 138 000a 4FF0FF30 		mov	r0, #-1
 139 000e 08BD     		pop	{r3, pc}
 140              		.cfi_endproc
 141              	.LFE230:
 143              		.section	.text._exit,"ax",%progbits
 144              		.align	1
 145              		.global	_exit
 146              		.syntax unified
 147              		.thumb
 148              		.thumb_func
 150              	_exit:
 151              	.LVL5:
 152              	.LFB231:
  69:../../Secure/Core/Src/syscalls.c **** 
  70:../../Secure/Core/Src/syscalls.c **** void _exit (int status)
  71:../../Secure/Core/Src/syscalls.c **** {
 153              		.loc 1 71 1 is_stmt 1 view -0
 154              		.cfi_startproc
 155              		@ Volatile: function does not return.
 156              		@ args = 0, pretend = 0, frame = 0
 157              		@ frame_needed = 0, uses_anonymous_args = 0
 158              		.loc 1 71 1 is_stmt 0 view .LVU20
 159 0000 08B5     		push	{r3, lr}
 160              	.LCFI4:
 161              		.cfi_def_cfa_offset 8
 162              		.cfi_offset 3, -8
 163              		.cfi_offset 14, -4
  72:../../Secure/Core/Src/syscalls.c ****   _kill(status, -1);
 164              		.loc 1 72 3 is_stmt 1 view .LVU21
 165 0002 4FF0FF31 		mov	r1, #-1
ARM GAS  /tmp/ccdxVZxL.s 			page 5


 166 0006 FFF7FEFF 		bl	_kill
 167              	.LVL6:
 168              	.L10:
  73:../../Secure/Core/Src/syscalls.c ****   while (1) {}    /* Make sure we hang here */
 169              		.loc 1 73 3 discriminator 1 view .LVU22
 170              		.loc 1 73 14 discriminator 1 view .LVU23
 171              		.loc 1 73 9 discriminator 1 view .LVU24
 172 000a FEE7     		b	.L10
 173              		.cfi_endproc
 174              	.LFE231:
 176              		.section	.text._read,"ax",%progbits
 177              		.align	1
 178              		.weak	_read
 179              		.syntax unified
 180              		.thumb
 181              		.thumb_func
 183              	_read:
 184              	.LVL7:
 185              	.LFB232:
  74:../../Secure/Core/Src/syscalls.c **** }
  75:../../Secure/Core/Src/syscalls.c **** 
  76:../../Secure/Core/Src/syscalls.c **** __attribute__((weak)) int _read(int file, char *ptr, int len)
  77:../../Secure/Core/Src/syscalls.c **** {
 186              		.loc 1 77 1 view -0
 187              		.cfi_startproc
 188              		@ args = 0, pretend = 0, frame = 0
 189              		@ frame_needed = 0, uses_anonymous_args = 0
 190              		.loc 1 77 1 is_stmt 0 view .LVU26
 191 0000 70B5     		push	{r4, r5, r6, lr}
 192              	.LCFI5:
 193              		.cfi_def_cfa_offset 16
 194              		.cfi_offset 4, -16
 195              		.cfi_offset 5, -12
 196              		.cfi_offset 6, -8
 197              		.cfi_offset 14, -4
 198 0002 0C46     		mov	r4, r1
 199 0004 1646     		mov	r6, r2
  78:../../Secure/Core/Src/syscalls.c ****   (void)file;
 200              		.loc 1 78 3 is_stmt 1 view .LVU27
  79:../../Secure/Core/Src/syscalls.c ****   int DataIdx;
 201              		.loc 1 79 3 view .LVU28
  80:../../Secure/Core/Src/syscalls.c **** 
  81:../../Secure/Core/Src/syscalls.c ****   for (DataIdx = 0; DataIdx < len; DataIdx++)
 202              		.loc 1 81 3 view .LVU29
 203              	.LVL8:
 204              		.loc 1 81 16 is_stmt 0 view .LVU30
 205 0006 0025     		movs	r5, #0
 206              		.loc 1 81 3 view .LVU31
 207 0008 06E0     		b	.L13
 208              	.LVL9:
 209              	.L14:
  82:../../Secure/Core/Src/syscalls.c ****   {
  83:../../Secure/Core/Src/syscalls.c ****     *ptr++ = __io_getchar();
 210              		.loc 1 83 5 is_stmt 1 discriminator 3 view .LVU32
 211              		.loc 1 83 14 is_stmt 0 discriminator 3 view .LVU33
 212 000a FFF7FEFF 		bl	__io_getchar
 213              	.LVL10:
ARM GAS  /tmp/ccdxVZxL.s 			page 6


 214              		.loc 1 83 9 discriminator 3 view .LVU34
 215 000e 2146     		mov	r1, r4
 216              	.LVL11:
 217              		.loc 1 83 12 discriminator 3 view .LVU35
 218 0010 01F8010B 		strb	r0, [r1], #1
 219              	.LVL12:
  81:../../Secure/Core/Src/syscalls.c ****   {
 220              		.loc 1 81 43 is_stmt 1 discriminator 3 view .LVU36
 221 0014 0135     		adds	r5, r5, #1
 222              	.LVL13:
 223              		.loc 1 83 9 is_stmt 0 discriminator 3 view .LVU37
 224 0016 0C46     		mov	r4, r1
 225              	.LVL14:
 226              	.L13:
  81:../../Secure/Core/Src/syscalls.c ****   {
 227              		.loc 1 81 29 is_stmt 1 discriminator 1 view .LVU38
 228 0018 B542     		cmp	r5, r6
 229 001a F6DB     		blt	.L14
  84:../../Secure/Core/Src/syscalls.c ****   }
  85:../../Secure/Core/Src/syscalls.c **** 
  86:../../Secure/Core/Src/syscalls.c ****   return len;
 230              		.loc 1 86 3 view .LVU39
  87:../../Secure/Core/Src/syscalls.c **** }
 231              		.loc 1 87 1 is_stmt 0 view .LVU40
 232 001c 3046     		mov	r0, r6
 233 001e 70BD     		pop	{r4, r5, r6, pc}
 234              		.loc 1 87 1 view .LVU41
 235              		.cfi_endproc
 236              	.LFE232:
 238              		.section	.text._write,"ax",%progbits
 239              		.align	1
 240              		.weak	_write
 241              		.syntax unified
 242              		.thumb
 243              		.thumb_func
 245              	_write:
 246              	.LVL15:
 247              	.LFB233:
  88:../../Secure/Core/Src/syscalls.c **** 
  89:../../Secure/Core/Src/syscalls.c **** __attribute__((weak)) int _write(int file, char *ptr, int len)
  90:../../Secure/Core/Src/syscalls.c **** {
 248              		.loc 1 90 1 is_stmt 1 view -0
 249              		.cfi_startproc
 250              		@ args = 0, pretend = 0, frame = 0
 251              		@ frame_needed = 0, uses_anonymous_args = 0
 252              		.loc 1 90 1 is_stmt 0 view .LVU43
 253 0000 70B5     		push	{r4, r5, r6, lr}
 254              	.LCFI6:
 255              		.cfi_def_cfa_offset 16
 256              		.cfi_offset 4, -16
 257              		.cfi_offset 5, -12
 258              		.cfi_offset 6, -8
 259              		.cfi_offset 14, -4
 260 0002 0C46     		mov	r4, r1
 261 0004 1646     		mov	r6, r2
  91:../../Secure/Core/Src/syscalls.c ****   (void)file;
 262              		.loc 1 91 3 is_stmt 1 view .LVU44
ARM GAS  /tmp/ccdxVZxL.s 			page 7


  92:../../Secure/Core/Src/syscalls.c ****   int DataIdx;
 263              		.loc 1 92 3 view .LVU45
  93:../../Secure/Core/Src/syscalls.c **** 
  94:../../Secure/Core/Src/syscalls.c ****   for (DataIdx = 0; DataIdx < len; DataIdx++)
 264              		.loc 1 94 3 view .LVU46
 265              	.LVL16:
 266              		.loc 1 94 16 is_stmt 0 view .LVU47
 267 0006 0025     		movs	r5, #0
 268              		.loc 1 94 3 view .LVU48
 269 0008 04E0     		b	.L17
 270              	.LVL17:
 271              	.L18:
  95:../../Secure/Core/Src/syscalls.c ****   {
  96:../../Secure/Core/Src/syscalls.c ****     __io_putchar(*ptr++);
 272              		.loc 1 96 5 is_stmt 1 discriminator 3 view .LVU49
 273              		.loc 1 96 5 is_stmt 0 discriminator 3 view .LVU50
 274 000a 14F8010B 		ldrb	r0, [r4], #1	@ zero_extendqisi2
 275              	.LVL18:
 276              		.loc 1 96 5 discriminator 3 view .LVU51
 277 000e FFF7FEFF 		bl	__io_putchar
 278              	.LVL19:
  94:../../Secure/Core/Src/syscalls.c ****   {
 279              		.loc 1 94 43 is_stmt 1 discriminator 3 view .LVU52
 280 0012 0135     		adds	r5, r5, #1
 281              	.LVL20:
 282              	.L17:
  94:../../Secure/Core/Src/syscalls.c ****   {
 283              		.loc 1 94 29 discriminator 1 view .LVU53
 284 0014 B542     		cmp	r5, r6
 285 0016 F8DB     		blt	.L18
  97:../../Secure/Core/Src/syscalls.c ****   }
  98:../../Secure/Core/Src/syscalls.c ****   return len;
 286              		.loc 1 98 3 view .LVU54
  99:../../Secure/Core/Src/syscalls.c **** }
 287              		.loc 1 99 1 is_stmt 0 view .LVU55
 288 0018 3046     		mov	r0, r6
 289 001a 70BD     		pop	{r4, r5, r6, pc}
 290              		.loc 1 99 1 view .LVU56
 291              		.cfi_endproc
 292              	.LFE233:
 294              		.section	.text._close,"ax",%progbits
 295              		.align	1
 296              		.global	_close
 297              		.syntax unified
 298              		.thumb
 299              		.thumb_func
 301              	_close:
 302              	.LVL21:
 303              	.LFB234:
 100:../../Secure/Core/Src/syscalls.c **** 
 101:../../Secure/Core/Src/syscalls.c **** int _close(int file)
 102:../../Secure/Core/Src/syscalls.c **** {
 304              		.loc 1 102 1 is_stmt 1 view -0
 305              		.cfi_startproc
 306              		@ args = 0, pretend = 0, frame = 0
 307              		@ frame_needed = 0, uses_anonymous_args = 0
 308              		@ link register save eliminated.
ARM GAS  /tmp/ccdxVZxL.s 			page 8


 103:../../Secure/Core/Src/syscalls.c ****   (void)file;
 309              		.loc 1 103 3 view .LVU58
 104:../../Secure/Core/Src/syscalls.c ****   return -1;
 310              		.loc 1 104 3 view .LVU59
 105:../../Secure/Core/Src/syscalls.c **** }
 311              		.loc 1 105 1 is_stmt 0 view .LVU60
 312 0000 4FF0FF30 		mov	r0, #-1
 313              	.LVL22:
 314              		.loc 1 105 1 view .LVU61
 315 0004 7047     		bx	lr
 316              		.cfi_endproc
 317              	.LFE234:
 319              		.section	.text._fstat,"ax",%progbits
 320              		.align	1
 321              		.global	_fstat
 322              		.syntax unified
 323              		.thumb
 324              		.thumb_func
 326              	_fstat:
 327              	.LVL23:
 328              	.LFB235:
 106:../../Secure/Core/Src/syscalls.c **** 
 107:../../Secure/Core/Src/syscalls.c **** 
 108:../../Secure/Core/Src/syscalls.c **** int _fstat(int file, struct stat *st)
 109:../../Secure/Core/Src/syscalls.c **** {
 329              		.loc 1 109 1 is_stmt 1 view -0
 330              		.cfi_startproc
 331              		@ args = 0, pretend = 0, frame = 0
 332              		@ frame_needed = 0, uses_anonymous_args = 0
 333              		@ link register save eliminated.
 110:../../Secure/Core/Src/syscalls.c ****   (void)file;
 334              		.loc 1 110 3 view .LVU63
 111:../../Secure/Core/Src/syscalls.c ****   st->st_mode = S_IFCHR;
 335              		.loc 1 111 3 view .LVU64
 336              		.loc 1 111 15 is_stmt 0 view .LVU65
 337 0000 4FF40053 		mov	r3, #8192
 338 0004 4B60     		str	r3, [r1, #4]
 112:../../Secure/Core/Src/syscalls.c ****   return 0;
 339              		.loc 1 112 3 is_stmt 1 view .LVU66
 113:../../Secure/Core/Src/syscalls.c **** }
 340              		.loc 1 113 1 is_stmt 0 view .LVU67
 341 0006 0020     		movs	r0, #0
 342              	.LVL24:
 343              		.loc 1 113 1 view .LVU68
 344 0008 7047     		bx	lr
 345              		.cfi_endproc
 346              	.LFE235:
 348              		.section	.text._isatty,"ax",%progbits
 349              		.align	1
 350              		.global	_isatty
 351              		.syntax unified
 352              		.thumb
 353              		.thumb_func
 355              	_isatty:
 356              	.LVL25:
 357              	.LFB236:
 114:../../Secure/Core/Src/syscalls.c **** 
ARM GAS  /tmp/ccdxVZxL.s 			page 9


 115:../../Secure/Core/Src/syscalls.c **** int _isatty(int file)
 116:../../Secure/Core/Src/syscalls.c **** {
 358              		.loc 1 116 1 is_stmt 1 view -0
 359              		.cfi_startproc
 360              		@ args = 0, pretend = 0, frame = 0
 361              		@ frame_needed = 0, uses_anonymous_args = 0
 362              		@ link register save eliminated.
 117:../../Secure/Core/Src/syscalls.c ****   (void)file;
 363              		.loc 1 117 3 view .LVU70
 118:../../Secure/Core/Src/syscalls.c ****   return 1;
 364              		.loc 1 118 3 view .LVU71
 119:../../Secure/Core/Src/syscalls.c **** }
 365              		.loc 1 119 1 is_stmt 0 view .LVU72
 366 0000 0120     		movs	r0, #1
 367              	.LVL26:
 368              		.loc 1 119 1 view .LVU73
 369 0002 7047     		bx	lr
 370              		.cfi_endproc
 371              	.LFE236:
 373              		.section	.text._lseek,"ax",%progbits
 374              		.align	1
 375              		.global	_lseek
 376              		.syntax unified
 377              		.thumb
 378              		.thumb_func
 380              	_lseek:
 381              	.LVL27:
 382              	.LFB237:
 120:../../Secure/Core/Src/syscalls.c **** 
 121:../../Secure/Core/Src/syscalls.c **** int _lseek(int file, int ptr, int dir)
 122:../../Secure/Core/Src/syscalls.c **** {
 383              		.loc 1 122 1 is_stmt 1 view -0
 384              		.cfi_startproc
 385              		@ args = 0, pretend = 0, frame = 0
 386              		@ frame_needed = 0, uses_anonymous_args = 0
 387              		@ link register save eliminated.
 123:../../Secure/Core/Src/syscalls.c ****   (void)file;
 388              		.loc 1 123 3 view .LVU75
 124:../../Secure/Core/Src/syscalls.c ****   (void)ptr;
 389              		.loc 1 124 3 view .LVU76
 125:../../Secure/Core/Src/syscalls.c ****   (void)dir;
 390              		.loc 1 125 3 view .LVU77
 126:../../Secure/Core/Src/syscalls.c ****   return 0;
 391              		.loc 1 126 3 view .LVU78
 127:../../Secure/Core/Src/syscalls.c **** }
 392              		.loc 1 127 1 is_stmt 0 view .LVU79
 393 0000 0020     		movs	r0, #0
 394              	.LVL28:
 395              		.loc 1 127 1 view .LVU80
 396 0002 7047     		bx	lr
 397              		.cfi_endproc
 398              	.LFE237:
 400              		.section	.text._open,"ax",%progbits
 401              		.align	1
 402              		.global	_open
 403              		.syntax unified
 404              		.thumb
ARM GAS  /tmp/ccdxVZxL.s 			page 10


 405              		.thumb_func
 407              	_open:
 408              	.LVL29:
 409              	.LFB238:
 128:../../Secure/Core/Src/syscalls.c **** 
 129:../../Secure/Core/Src/syscalls.c **** int _open(char *path, int flags, ...)
 130:../../Secure/Core/Src/syscalls.c **** {
 410              		.loc 1 130 1 is_stmt 1 view -0
 411              		.cfi_startproc
 412              		@ args = 4, pretend = 12, frame = 0
 413              		@ frame_needed = 0, uses_anonymous_args = 1
 414              		@ link register save eliminated.
 415              		.loc 1 130 1 is_stmt 0 view .LVU82
 416 0000 0EB4     		push	{r1, r2, r3}
 417              	.LCFI7:
 418              		.cfi_def_cfa_offset 12
 419              		.cfi_offset 1, -12
 420              		.cfi_offset 2, -8
 421              		.cfi_offset 3, -4
 131:../../Secure/Core/Src/syscalls.c ****   (void)path;
 422              		.loc 1 131 3 is_stmt 1 view .LVU83
 132:../../Secure/Core/Src/syscalls.c ****   (void)flags;
 423              		.loc 1 132 3 view .LVU84
 133:../../Secure/Core/Src/syscalls.c ****   /* Pretend like we always fail */
 134:../../Secure/Core/Src/syscalls.c ****   return -1;
 424              		.loc 1 134 3 view .LVU85
 135:../../Secure/Core/Src/syscalls.c **** }
 425              		.loc 1 135 1 is_stmt 0 view .LVU86
 426 0002 4FF0FF30 		mov	r0, #-1
 427              	.LVL30:
 428              		.loc 1 135 1 view .LVU87
 429 0006 03B0     		add	sp, sp, #12
 430              	.LCFI8:
 431              		.cfi_restore 3
 432              		.cfi_restore 2
 433              		.cfi_restore 1
 434              		.cfi_def_cfa_offset 0
 435 0008 7047     		bx	lr
 436              		.cfi_endproc
 437              	.LFE238:
 439              		.section	.text._wait,"ax",%progbits
 440              		.align	1
 441              		.global	_wait
 442              		.syntax unified
 443              		.thumb
 444              		.thumb_func
 446              	_wait:
 447              	.LVL31:
 448              	.LFB239:
 136:../../Secure/Core/Src/syscalls.c **** 
 137:../../Secure/Core/Src/syscalls.c **** int _wait(int *status)
 138:../../Secure/Core/Src/syscalls.c **** {
 449              		.loc 1 138 1 is_stmt 1 view -0
 450              		.cfi_startproc
 451              		@ args = 0, pretend = 0, frame = 0
 452              		@ frame_needed = 0, uses_anonymous_args = 0
 453              		.loc 1 138 1 is_stmt 0 view .LVU89
ARM GAS  /tmp/ccdxVZxL.s 			page 11


 454 0000 08B5     		push	{r3, lr}
 455              	.LCFI9:
 456              		.cfi_def_cfa_offset 8
 457              		.cfi_offset 3, -8
 458              		.cfi_offset 14, -4
 139:../../Secure/Core/Src/syscalls.c ****   (void)status;
 459              		.loc 1 139 3 is_stmt 1 view .LVU90
 140:../../Secure/Core/Src/syscalls.c ****   errno = ECHILD;
 460              		.loc 1 140 3 view .LVU91
 461 0002 FFF7FEFF 		bl	__errno
 462              	.LVL32:
 463              		.loc 1 140 9 is_stmt 0 view .LVU92
 464 0006 0A23     		movs	r3, #10
 465 0008 0360     		str	r3, [r0]
 141:../../Secure/Core/Src/syscalls.c ****   return -1;
 466              		.loc 1 141 3 is_stmt 1 view .LVU93
 142:../../Secure/Core/Src/syscalls.c **** }
 467              		.loc 1 142 1 is_stmt 0 view .LVU94
 468 000a 4FF0FF30 		mov	r0, #-1
 469 000e 08BD     		pop	{r3, pc}
 470              		.cfi_endproc
 471              	.LFE239:
 473              		.section	.text._unlink,"ax",%progbits
 474              		.align	1
 475              		.global	_unlink
 476              		.syntax unified
 477              		.thumb
 478              		.thumb_func
 480              	_unlink:
 481              	.LVL33:
 482              	.LFB240:
 143:../../Secure/Core/Src/syscalls.c **** 
 144:../../Secure/Core/Src/syscalls.c **** int _unlink(char *name)
 145:../../Secure/Core/Src/syscalls.c **** {
 483              		.loc 1 145 1 is_stmt 1 view -0
 484              		.cfi_startproc
 485              		@ args = 0, pretend = 0, frame = 0
 486              		@ frame_needed = 0, uses_anonymous_args = 0
 487              		.loc 1 145 1 is_stmt 0 view .LVU96
 488 0000 08B5     		push	{r3, lr}
 489              	.LCFI10:
 490              		.cfi_def_cfa_offset 8
 491              		.cfi_offset 3, -8
 492              		.cfi_offset 14, -4
 146:../../Secure/Core/Src/syscalls.c ****   (void)name;
 493              		.loc 1 146 3 is_stmt 1 view .LVU97
 147:../../Secure/Core/Src/syscalls.c ****   errno = ENOENT;
 494              		.loc 1 147 3 view .LVU98
 495 0002 FFF7FEFF 		bl	__errno
 496              	.LVL34:
 497              		.loc 1 147 9 is_stmt 0 view .LVU99
 498 0006 0223     		movs	r3, #2
 499 0008 0360     		str	r3, [r0]
 148:../../Secure/Core/Src/syscalls.c ****   return -1;
 500              		.loc 1 148 3 is_stmt 1 view .LVU100
 149:../../Secure/Core/Src/syscalls.c **** }
 501              		.loc 1 149 1 is_stmt 0 view .LVU101
ARM GAS  /tmp/ccdxVZxL.s 			page 12


 502 000a 4FF0FF30 		mov	r0, #-1
 503 000e 08BD     		pop	{r3, pc}
 504              		.cfi_endproc
 505              	.LFE240:
 507              		.section	.text._times,"ax",%progbits
 508              		.align	1
 509              		.global	_times
 510              		.syntax unified
 511              		.thumb
 512              		.thumb_func
 514              	_times:
 515              	.LVL35:
 516              	.LFB241:
 150:../../Secure/Core/Src/syscalls.c **** 
 151:../../Secure/Core/Src/syscalls.c **** int _times(struct tms *buf)
 152:../../Secure/Core/Src/syscalls.c **** {
 517              		.loc 1 152 1 is_stmt 1 view -0
 518              		.cfi_startproc
 519              		@ args = 0, pretend = 0, frame = 0
 520              		@ frame_needed = 0, uses_anonymous_args = 0
 521              		@ link register save eliminated.
 153:../../Secure/Core/Src/syscalls.c ****   (void)buf;
 522              		.loc 1 153 3 view .LVU103
 154:../../Secure/Core/Src/syscalls.c ****   return -1;
 523              		.loc 1 154 3 view .LVU104
 155:../../Secure/Core/Src/syscalls.c **** }
 524              		.loc 1 155 1 is_stmt 0 view .LVU105
 525 0000 4FF0FF30 		mov	r0, #-1
 526              	.LVL36:
 527              		.loc 1 155 1 view .LVU106
 528 0004 7047     		bx	lr
 529              		.cfi_endproc
 530              	.LFE241:
 532              		.section	.text._stat,"ax",%progbits
 533              		.align	1
 534              		.global	_stat
 535              		.syntax unified
 536              		.thumb
 537              		.thumb_func
 539              	_stat:
 540              	.LVL37:
 541              	.LFB242:
 156:../../Secure/Core/Src/syscalls.c **** 
 157:../../Secure/Core/Src/syscalls.c **** int _stat(char *file, struct stat *st)
 158:../../Secure/Core/Src/syscalls.c **** {
 542              		.loc 1 158 1 is_stmt 1 view -0
 543              		.cfi_startproc
 544              		@ args = 0, pretend = 0, frame = 0
 545              		@ frame_needed = 0, uses_anonymous_args = 0
 546              		@ link register save eliminated.
 159:../../Secure/Core/Src/syscalls.c ****   (void)file;
 547              		.loc 1 159 3 view .LVU108
 160:../../Secure/Core/Src/syscalls.c ****   st->st_mode = S_IFCHR;
 548              		.loc 1 160 3 view .LVU109
 549              		.loc 1 160 15 is_stmt 0 view .LVU110
 550 0000 4FF40053 		mov	r3, #8192
 551 0004 4B60     		str	r3, [r1, #4]
ARM GAS  /tmp/ccdxVZxL.s 			page 13


 161:../../Secure/Core/Src/syscalls.c ****   return 0;
 552              		.loc 1 161 3 is_stmt 1 view .LVU111
 162:../../Secure/Core/Src/syscalls.c **** }
 553              		.loc 1 162 1 is_stmt 0 view .LVU112
 554 0006 0020     		movs	r0, #0
 555              	.LVL38:
 556              		.loc 1 162 1 view .LVU113
 557 0008 7047     		bx	lr
 558              		.cfi_endproc
 559              	.LFE242:
 561              		.section	.text._link,"ax",%progbits
 562              		.align	1
 563              		.global	_link
 564              		.syntax unified
 565              		.thumb
 566              		.thumb_func
 568              	_link:
 569              	.LVL39:
 570              	.LFB243:
 163:../../Secure/Core/Src/syscalls.c **** 
 164:../../Secure/Core/Src/syscalls.c **** int _link(char *old, char *new)
 165:../../Secure/Core/Src/syscalls.c **** {
 571              		.loc 1 165 1 is_stmt 1 view -0
 572              		.cfi_startproc
 573              		@ args = 0, pretend = 0, frame = 0
 574              		@ frame_needed = 0, uses_anonymous_args = 0
 575              		.loc 1 165 1 is_stmt 0 view .LVU115
 576 0000 08B5     		push	{r3, lr}
 577              	.LCFI11:
 578              		.cfi_def_cfa_offset 8
 579              		.cfi_offset 3, -8
 580              		.cfi_offset 14, -4
 166:../../Secure/Core/Src/syscalls.c ****   (void)old;
 581              		.loc 1 166 3 is_stmt 1 view .LVU116
 167:../../Secure/Core/Src/syscalls.c ****   (void)new;
 582              		.loc 1 167 3 view .LVU117
 168:../../Secure/Core/Src/syscalls.c ****   errno = EMLINK;
 583              		.loc 1 168 3 view .LVU118
 584 0002 FFF7FEFF 		bl	__errno
 585              	.LVL40:
 586              		.loc 1 168 9 is_stmt 0 view .LVU119
 587 0006 1F23     		movs	r3, #31
 588 0008 0360     		str	r3, [r0]
 169:../../Secure/Core/Src/syscalls.c ****   return -1;
 589              		.loc 1 169 3 is_stmt 1 view .LVU120
 170:../../Secure/Core/Src/syscalls.c **** }
 590              		.loc 1 170 1 is_stmt 0 view .LVU121
 591 000a 4FF0FF30 		mov	r0, #-1
 592 000e 08BD     		pop	{r3, pc}
 593              		.cfi_endproc
 594              	.LFE243:
 596              		.section	.text._fork,"ax",%progbits
 597              		.align	1
 598              		.global	_fork
 599              		.syntax unified
 600              		.thumb
 601              		.thumb_func
ARM GAS  /tmp/ccdxVZxL.s 			page 14


 603              	_fork:
 604              	.LFB244:
 171:../../Secure/Core/Src/syscalls.c **** 
 172:../../Secure/Core/Src/syscalls.c **** int _fork(void)
 173:../../Secure/Core/Src/syscalls.c **** {
 605              		.loc 1 173 1 is_stmt 1 view -0
 606              		.cfi_startproc
 607              		@ args = 0, pretend = 0, frame = 0
 608              		@ frame_needed = 0, uses_anonymous_args = 0
 609 0000 08B5     		push	{r3, lr}
 610              	.LCFI12:
 611              		.cfi_def_cfa_offset 8
 612              		.cfi_offset 3, -8
 613              		.cfi_offset 14, -4
 174:../../Secure/Core/Src/syscalls.c ****   errno = EAGAIN;
 614              		.loc 1 174 3 view .LVU123
 615 0002 FFF7FEFF 		bl	__errno
 616              	.LVL41:
 617              		.loc 1 174 9 is_stmt 0 view .LVU124
 618 0006 0B23     		movs	r3, #11
 619 0008 0360     		str	r3, [r0]
 175:../../Secure/Core/Src/syscalls.c ****   return -1;
 620              		.loc 1 175 3 is_stmt 1 view .LVU125
 176:../../Secure/Core/Src/syscalls.c **** }
 621              		.loc 1 176 1 is_stmt 0 view .LVU126
 622 000a 4FF0FF30 		mov	r0, #-1
 623 000e 08BD     		pop	{r3, pc}
 624              		.cfi_endproc
 625              	.LFE244:
 627              		.section	.text._execve,"ax",%progbits
 628              		.align	1
 629              		.global	_execve
 630              		.syntax unified
 631              		.thumb
 632              		.thumb_func
 634              	_execve:
 635              	.LVL42:
 636              	.LFB245:
 177:../../Secure/Core/Src/syscalls.c **** 
 178:../../Secure/Core/Src/syscalls.c **** int _execve(char *name, char **argv, char **env)
 179:../../Secure/Core/Src/syscalls.c **** {
 637              		.loc 1 179 1 is_stmt 1 view -0
 638              		.cfi_startproc
 639              		@ args = 0, pretend = 0, frame = 0
 640              		@ frame_needed = 0, uses_anonymous_args = 0
 641              		.loc 1 179 1 is_stmt 0 view .LVU128
 642 0000 08B5     		push	{r3, lr}
 643              	.LCFI13:
 644              		.cfi_def_cfa_offset 8
 645              		.cfi_offset 3, -8
 646              		.cfi_offset 14, -4
 180:../../Secure/Core/Src/syscalls.c ****   (void)name;
 647              		.loc 1 180 3 is_stmt 1 view .LVU129
 181:../../Secure/Core/Src/syscalls.c ****   (void)argv;
 648              		.loc 1 181 3 view .LVU130
 182:../../Secure/Core/Src/syscalls.c ****   (void)env;
 649              		.loc 1 182 3 view .LVU131
ARM GAS  /tmp/ccdxVZxL.s 			page 15


 183:../../Secure/Core/Src/syscalls.c ****   errno = ENOMEM;
 650              		.loc 1 183 3 view .LVU132
 651 0002 FFF7FEFF 		bl	__errno
 652              	.LVL43:
 653              		.loc 1 183 9 is_stmt 0 view .LVU133
 654 0006 0C23     		movs	r3, #12
 655 0008 0360     		str	r3, [r0]
 184:../../Secure/Core/Src/syscalls.c ****   return -1;
 656              		.loc 1 184 3 is_stmt 1 view .LVU134
 185:../../Secure/Core/Src/syscalls.c **** }
 657              		.loc 1 185 1 is_stmt 0 view .LVU135
 658 000a 4FF0FF30 		mov	r0, #-1
 659 000e 08BD     		pop	{r3, pc}
 660              		.cfi_endproc
 661              	.LFE245:
 663              		.global	environ
 664              		.section	.data.environ,"aw"
 665              		.align	2
 668              	environ:
 669 0000 00000000 		.word	__env
 670              		.global	__env
 671              		.section	.bss.__env,"aw",%nobits
 672              		.align	2
 675              	__env:
 676 0000 00000000 		.space	4
 677              		.weak	__io_getchar
 678              		.text
 679              	.Letext0:
 680              		.file 2 "/usr/include/newlib/machine/_default_types.h"
 681              		.file 3 "/usr/include/newlib/sys/_types.h"
 682              		.file 4 "/usr/include/newlib/sys/_stdint.h"
 683              		.file 5 "/usr/include/newlib/sys/_timeval.h"
 684              		.file 6 "/usr/include/newlib/sys/_timespec.h"
 685              		.file 7 "/usr/include/newlib/sys/types.h"
 686              		.file 8 "/usr/include/newlib/sys/stat.h"
 687              		.file 9 "/usr/include/newlib/sys/times.h"
 688              		.file 10 "../../Drivers/CMSIS/Device/ST/STM32L5xx/Include/stm32l562xx.h"
 689              		.file 11 "../../Drivers/STM32L5xx_HAL_Driver/Inc/stm32l5xx_hal_def.h"
 690              		.file 12 "../../Drivers/STM32L5xx_HAL_Driver/Inc/stm32l5xx_hal_dma.h"
 691              		.file 13 "../../Drivers/STM32L5xx_HAL_Driver/Inc/stm32l5xx_hal_uart.h"
 692              		.file 14 "/usr/include/newlib/sys/errno.h"
ARM GAS  /tmp/ccdxVZxL.s 			page 16


DEFINED SYMBOLS
                            *ABS*:00000000 syscalls.c
     /tmp/ccdxVZxL.s:22     .text.__io_putchar:00000000 $t
     /tmp/ccdxVZxL.s:28     .text.__io_putchar:00000000 __io_putchar
     /tmp/ccdxVZxL.s:64     .text.__io_putchar:0000001c $d
     /tmp/ccdxVZxL.s:69     .text.initialise_monitor_handles:00000000 $t
     /tmp/ccdxVZxL.s:75     .text.initialise_monitor_handles:00000000 initialise_monitor_handles
     /tmp/ccdxVZxL.s:88     .text._getpid:00000000 $t
     /tmp/ccdxVZxL.s:94     .text._getpid:00000000 _getpid
     /tmp/ccdxVZxL.s:109    .text._kill:00000000 $t
     /tmp/ccdxVZxL.s:115    .text._kill:00000000 _kill
     /tmp/ccdxVZxL.s:144    .text._exit:00000000 $t
     /tmp/ccdxVZxL.s:150    .text._exit:00000000 _exit
     /tmp/ccdxVZxL.s:177    .text._read:00000000 $t
     /tmp/ccdxVZxL.s:183    .text._read:00000000 _read
     /tmp/ccdxVZxL.s:239    .text._write:00000000 $t
     /tmp/ccdxVZxL.s:245    .text._write:00000000 _write
     /tmp/ccdxVZxL.s:295    .text._close:00000000 $t
     /tmp/ccdxVZxL.s:301    .text._close:00000000 _close
     /tmp/ccdxVZxL.s:320    .text._fstat:00000000 $t
     /tmp/ccdxVZxL.s:326    .text._fstat:00000000 _fstat
     /tmp/ccdxVZxL.s:349    .text._isatty:00000000 $t
     /tmp/ccdxVZxL.s:355    .text._isatty:00000000 _isatty
     /tmp/ccdxVZxL.s:374    .text._lseek:00000000 $t
     /tmp/ccdxVZxL.s:380    .text._lseek:00000000 _lseek
     /tmp/ccdxVZxL.s:401    .text._open:00000000 $t
     /tmp/ccdxVZxL.s:407    .text._open:00000000 _open
     /tmp/ccdxVZxL.s:440    .text._wait:00000000 $t
     /tmp/ccdxVZxL.s:446    .text._wait:00000000 _wait
     /tmp/ccdxVZxL.s:474    .text._unlink:00000000 $t
     /tmp/ccdxVZxL.s:480    .text._unlink:00000000 _unlink
     /tmp/ccdxVZxL.s:508    .text._times:00000000 $t
     /tmp/ccdxVZxL.s:514    .text._times:00000000 _times
     /tmp/ccdxVZxL.s:533    .text._stat:00000000 $t
     /tmp/ccdxVZxL.s:539    .text._stat:00000000 _stat
     /tmp/ccdxVZxL.s:562    .text._link:00000000 $t
     /tmp/ccdxVZxL.s:568    .text._link:00000000 _link
     /tmp/ccdxVZxL.s:597    .text._fork:00000000 $t
     /tmp/ccdxVZxL.s:603    .text._fork:00000000 _fork
     /tmp/ccdxVZxL.s:628    .text._execve:00000000 $t
     /tmp/ccdxVZxL.s:634    .text._execve:00000000 _execve
     /tmp/ccdxVZxL.s:668    .data.environ:00000000 environ
     /tmp/ccdxVZxL.s:665    .data.environ:00000000 $d
     /tmp/ccdxVZxL.s:675    .bss.__env:00000000 __env
     /tmp/ccdxVZxL.s:672    .bss.__env:00000000 $d

UNDEFINED SYMBOLS
HAL_UART_Transmit
huart1
__errno
__io_getchar
